<?xml version="1.0" encoding="UTF-8"?>
<coverage generated="1764485749013" clover="3.2.0">
  <project timestamp="1764485749013" name="All files">
    <metrics statements="300" coveredstatements="231" conditionals="246" coveredconditionals="186" methods="72" coveredmethods="50" elements="618" coveredelements="467" complexity="0" loc="300" ncloc="300" packages="4" files="11" classes="11"/>
    <package name="src">
      <metrics statements="6" coveredstatements="0" conditionals="2" coveredconditionals="0" methods="3" coveredmethods="0"/>
      <file name="App.jsx" path="D:\SGU\Nam3\HK1\KiemThuPhanMem\Project\software-testing\frontend\src\App.jsx">
        <metrics statements="6" coveredstatements="0" conditionals="2" coveredconditionals="0" methods="3" coveredmethods="0"/>
        <line num="11" count="0" type="stmt"/>
        <line num="41" count="0" type="stmt"/>
        <line num="42" count="0" type="stmt"/>
        <line num="45" count="0" type="stmt"/>
        <line num="47" count="0" type="cond" truecount="0" falsecount="2"/>
        <line num="52" count="0" type="stmt"/>
      </file>
    </package>
    <package name="src.components">
      <metrics statements="191" coveredstatements="182" conditionals="160" coveredconditionals="134" methods="52" coveredmethods="47"/>
      <file name="Login.jsx" path="D:\SGU\Nam3\HK1\KiemThuPhanMem\Project\software-testing\frontend\src\components\Login.jsx">
        <metrics statements="30" coveredstatements="30" conditionals="36" coveredconditionals="34" methods="4" coveredmethods="4"/>
        <line num="6" count="25" type="stmt"/>
        <line num="7" count="25" type="stmt"/>
        <line num="8" count="25" type="stmt"/>
        <line num="9" count="25" type="stmt"/>
        <line num="10" count="25" type="stmt"/>
        <line num="11" count="25" type="stmt"/>
        <line num="12" count="25" type="stmt"/>
        <line num="14" count="25" type="stmt"/>
        <line num="15" count="6" type="stmt"/>
        <line num="16" count="6" type="stmt"/>
        <line num="17" count="6" type="stmt"/>
        <line num="19" count="6" type="cond" truecount="2" falsecount="0"/>
        <line num="20" count="6" type="cond" truecount="2" falsecount="0"/>
        <line num="21" count="6" type="stmt"/>
        <line num="23" count="6" type="cond" truecount="4" falsecount="0"/>
        <line num="25" count="5" type="stmt"/>
        <line num="26" count="5" type="stmt"/>
        <line num="27" count="5" type="stmt"/>
        <line num="28" count="4" type="cond" truecount="2" falsecount="0"/>
        <line num="29" count="2" type="cond" truecount="1" falsecount="1"/>
        <line num="30" count="2" type="stmt"/>
        <line num="32" count="2" type="cond" truecount="1" falsecount="1"/>
        <line num="33" count="2" type="stmt"/>
        <line num="36" count="1" type="stmt"/>
        <line num="37" count="1" type="stmt"/>
        <line num="39" count="5" type="stmt"/>
        <line num="44" count="25" type="stmt"/>
        <line num="120" count="25" type="stmt"/>
        <line num="142" count="4" type="stmt"/>
        <line num="162" count="4" type="stmt"/>
      </file>
      <file name="ProductDetail.jsx" path="D:\SGU\Nam3\HK1\KiemThuPhanMem\Project\software-testing\frontend\src\components\ProductDetail.jsx">
        <metrics statements="19" coveredstatements="18" conditionals="12" coveredconditionals="8" methods="4" coveredmethods="4"/>
        <line num="4" count="3" type="stmt"/>
        <line num="5" count="6" type="stmt"/>
        <line num="6" count="6" type="stmt"/>
        <line num="7" count="6" type="stmt"/>
        <line num="9" count="6" type="stmt"/>
        <line num="10" count="3" type="cond" truecount="1" falsecount="1"/>
        <line num="11" count="3" type="stmt"/>
        <line num="12" count="3" type="stmt"/>
        <line num="15" count="2" type="stmt"/>
        <line num="16" count="2" type="stmt"/>
        <line num="19" count="1" type="stmt"/>
        <line num="22" count="1" type="stmt"/>
        <line num="27" count="6" type="cond" truecount="2" falsecount="0"/>
        <line num="28" count="3" type="stmt"/>
        <line num="31" count="3" type="cond" truecount="2" falsecount="0"/>
        <line num="32" count="1" type="stmt"/>
        <line num="35" count="2" type="cond" truecount="1" falsecount="1"/>
        <line num="36" count="0" type="stmt"/>
        <line num="39" count="2" type="stmt"/>
      </file>
      <file name="ProductForm.jsx" path="D:\SGU\Nam3\HK1\KiemThuPhanMem\Project\software-testing\frontend\src\components\ProductForm.jsx">
        <metrics statements="51" coveredstatements="48" conditionals="60" coveredconditionals="49" methods="10" coveredmethods="8"/>
        <line num="5" count="4" type="stmt"/>
        <line num="7" count="4" type="stmt"/>
        <line num="16" count="4" type="cond" truecount="1" falsecount="0"/>
        <line num="17" count="76" type="stmt"/>
        <line num="18" count="76" type="stmt"/>
        <line num="19" count="76" type="stmt"/>
        <line num="20" count="76" type="stmt"/>
        <line num="22" count="76" type="stmt"/>
        <line num="23" count="14" type="cond" truecount="2" falsecount="0"/>
        <line num="24" count="5" type="stmt"/>
        <line num="25" count="5" type="stmt"/>
        <line num="28" count="4" type="stmt"/>
        <line num="33" count="4" type="stmt"/>
        <line num="36" count="1" type="stmt"/>
        <line num="37" count="1" type="stmt"/>
        <line num="40" count="9" type="stmt"/>
        <line num="44" count="76" type="stmt"/>
        <line num="45" count="24" type="stmt"/>
        <line num="47" count="24" type="cond" truecount="5" falsecount="0"/>
        <line num="53" count="24" type="stmt"/>
        <line num="55" count="24" type="cond" truecount="1" falsecount="1"/>
        <line num="56" count="0" type="stmt"/>
        <line num="60" count="76" type="stmt"/>
        <line num="61" count="12" type="stmt"/>
        <line num="63" count="12" type="stmt"/>
        <line num="64" count="12" type="cond" truecount="2" falsecount="0"/>
        <line num="65" count="3" type="stmt"/>
        <line num="66" count="3" type="stmt"/>
        <line num="67" count="3" type="stmt"/>
        <line num="68" count="3" type="stmt"/>
        <line num="71" count="9" type="stmt"/>
        <line num="72" count="9" type="stmt"/>
        <line num="73" count="9" type="stmt"/>
        <line num="75" count="9" type="stmt"/>
        <line num="76" count="9" type="cond" truecount="2" falsecount="0"/>
        <line num="77" count="3" type="stmt"/>
        <line num="78" count="2" type="stmt"/>
        <line num="80" count="6" type="stmt"/>
        <line num="81" count="4" type="stmt"/>
        <line num="82" count="4" type="stmt"/>
        <line num="84" count="6" type="stmt"/>
        <line num="86" count="6" type="cond" truecount="2" falsecount="0"/>
        <line num="89" count="6" type="stmt"/>
        <line num="90" count="0" type="stmt"/>
        <line num="91" count="0" type="stmt"/>
        <line num="94" count="3" type="cond" truecount="1" falsecount="1"/>
        <line num="95" count="3" type="stmt"/>
        <line num="99" count="76" type="cond" truecount="2" falsecount="0"/>
        <line num="102" count="76" type="stmt"/>
        <line num="184" count="76" type="stmt"/>
        <line num="292" count="228" type="stmt"/>
      </file>
      <file name="ProductList.jsx" path="D:\SGU\Nam3\HK1\KiemThuPhanMem\Project\software-testing\frontend\src\components\ProductList.jsx">
        <metrics statements="91" coveredstatements="86" conditionals="52" coveredconditionals="43" methods="34" coveredmethods="31"/>
        <line num="12" count="2" type="stmt"/>
        <line num="15" count="41" type="stmt"/>
        <line num="16" count="41" type="stmt"/>
        <line num="17" count="41" type="stmt"/>
        <line num="18" count="41" type="stmt"/>
        <line num="19" count="41" type="stmt"/>
        <line num="20" count="41" type="stmt"/>
        <line num="22" count="41" type="stmt"/>
        <line num="23" count="50" type="cond" truecount="2" falsecount="0"/>
        <line num="25" count="41" type="stmt"/>
        <line num="26" count="10" type="cond" truecount="2" falsecount="0"/>
        <line num="28" count="41" type="stmt"/>
        <line num="29" count="41" type="stmt"/>
        <line num="30" count="41" type="stmt"/>
        <line num="31" count="41" type="cond" truecount="2" falsecount="0"/>
        <line num="32" count="41" type="stmt"/>
        <line num="33" count="10" type="cond" truecount="2" falsecount="0"/>
        <line num="36" count="41" type="stmt"/>
        <line num="38" count="41" type="stmt"/>
        <line num="39" count="20" type="stmt"/>
        <line num="41" count="19" type="cond" truecount="3" falsecount="1"/>
        <line num="42" count="19" type="stmt"/>
        <line num="43" count="19" type="cond" truecount="1" falsecount="1"/>
        <line num="44" count="0" type="cond" truecount="0" falsecount="2"/>
        <line num="45" count="0" type="stmt"/>
        <line num="46" count="0" type="stmt"/>
        <line num="48" count="0" type="stmt"/>
        <line num="51" count="19" type="stmt"/>
        <line num="52" count="19" type="cond" truecount="2" falsecount="0"/>
        <line num="53" count="19" type="cond" truecount="2" falsecount="0"/>
        <line num="54" count="19" type="cond" truecount="2" falsecount="0"/>
        <line num="55" count="19" type="cond" truecount="2" falsecount="0"/>
        <line num="56" count="19" type="cond" truecount="2" falsecount="0"/>
        <line num="58" count="19" type="stmt"/>
        <line num="59" count="19" type="stmt"/>
        <line num="61" count="19" type="stmt"/>
        <line num="64" count="1" type="stmt"/>
        <line num="65" count="1" type="stmt"/>
        <line num="69" count="41" type="stmt"/>
        <line num="70" count="16" type="stmt"/>
        <line num="73" count="41" type="stmt"/>
        <line num="74" count="2" type="stmt"/>
        <line num="75" count="2" type="stmt"/>
        <line num="78" count="41" type="stmt"/>
        <line num="79" count="1" type="stmt"/>
        <line num="80" count="1" type="stmt"/>
        <line num="83" count="41" type="stmt"/>
        <line num="84" count="1" type="stmt"/>
        <line num="85" count="1" type="stmt"/>
        <line num="88" count="41" type="stmt"/>
        <line num="89" count="2" type="stmt"/>
        <line num="90" count="2" type="stmt"/>
        <line num="91" count="2" type="cond" truecount="2" falsecount="0"/>
        <line num="92" count="2" type="stmt"/>
        <line num="93" count="2" type="stmt"/>
        <line num="94" count="2" type="stmt"/>
        <line num="97" count="41" type="stmt"/>
        <line num="98" count="3" type="cond" truecount="1" falsecount="1"/>
        <line num="99" count="3" type="stmt"/>
        <line num="100" count="3" type="stmt"/>
        <line num="101" count="2" type="stmt"/>
        <line num="102" count="2" type="stmt"/>
        <line num="103" count="2" type="stmt"/>
        <line num="104" count="2" type="stmt"/>
        <line num="106" count="1" type="stmt"/>
        <line num="107" count="1" type="stmt"/>
        <line num="111" count="41" type="stmt"/>
        <line num="112" count="1" type="stmt"/>
        <line num="113" count="1" type="stmt"/>
        <line num="115" count="41" type="stmt"/>
        <line num="116" count="1" type="stmt"/>
        <line num="117" count="1" type="stmt"/>
        <line num="119" count="41" type="stmt"/>
        <line num="120" count="1" type="stmt"/>
        <line num="121" count="1" type="stmt"/>
        <line num="122" count="1" type="stmt"/>
        <line num="123" count="1" type="stmt"/>
        <line num="126" count="41" type="stmt"/>
        <line num="127" count="1" type="cond" truecount="1" falsecount="1"/>
        <line num="129" count="41" type="stmt"/>
        <line num="130" count="2" type="cond" truecount="1" falsecount="1"/>
        <line num="133" count="41" type="stmt"/>
        <line num="146" count="2" type="stmt"/>
        <line num="160" count="0" type="stmt"/>
        <line num="163" count="1" type="stmt"/>
        <line num="167" count="1" type="stmt"/>
        <line num="209" count="123" type="stmt"/>
        <line num="232" count="30" type="stmt"/>
        <line num="248" count="1" type="stmt"/>
        <line num="256" count="1" type="stmt"/>
        <line num="264" count="3" type="stmt"/>
      </file>
    </package>
    <package name="src.services">
      <metrics statements="69" coveredstatements="15" conditionals="32" coveredconditionals="0" methods="14" coveredmethods="0"/>
      <file name="api.js" path="D:\SGU\Nam3\HK1\KiemThuPhanMem\Project\software-testing\frontend\src\services\api.js">
        <metrics statements="1" coveredstatements="0" conditionals="2" coveredconditionals="0" methods="0" coveredmethods="0"/>
        <line num="2" count="0" type="cond" truecount="0" falsecount="2"/>
      </file>
      <file name="auth.js" path="D:\SGU\Nam3\HK1\KiemThuPhanMem\Project\software-testing\frontend\src\services\auth.js">
        <metrics statements="32" coveredstatements="5" conditionals="10" coveredconditionals="0" methods="5" coveredmethods="0"/>
        <line num="3" count="2" type="stmt"/>
        <line num="4" count="0" type="stmt"/>
        <line num="5" count="0" type="stmt"/>
        <line num="9" count="0" type="stmt"/>
        <line num="10" count="0" type="stmt"/>
        <line num="12" count="0" type="stmt"/>
        <line num="14" count="0" type="stmt"/>
        <line num="15" count="0" type="cond" truecount="0" falsecount="2"/>
        <line num="19" count="2" type="stmt"/>
        <line num="20" count="0" type="stmt"/>
        <line num="21" count="0" type="stmt"/>
        <line num="25" count="0" type="stmt"/>
        <line num="26" count="0" type="stmt"/>
        <line num="27" count="0" type="stmt"/>
        <line num="28" count="0" type="stmt"/>
        <line num="30" count="0" type="stmt"/>
        <line num="31" count="0" type="cond" truecount="0" falsecount="2"/>
        <line num="35" count="2" type="stmt"/>
        <line num="36" count="0" type="stmt"/>
        <line num="37" count="0" type="stmt"/>
        <line num="38" count="0" type="stmt"/>
        <line num="40" count="0" type="cond" truecount="0" falsecount="2"/>
        <line num="44" count="2" type="stmt"/>
        <line num="45" count="0" type="stmt"/>
        <line num="46" count="0" type="stmt"/>
        <line num="51" count="0" type="stmt"/>
        <line num="53" count="0" type="cond" truecount="0" falsecount="2"/>
        <line num="57" count="2" type="stmt"/>
        <line num="58" count="0" type="stmt"/>
        <line num="59" count="0" type="stmt"/>
        <line num="62" count="0" type="stmt"/>
        <line num="64" count="0" type="cond" truecount="0" falsecount="2"/>
      </file>
      <file name="axiosClient.js" path="D:\SGU\Nam3\HK1\KiemThuPhanMem\Project\software-testing\frontend\src\services\axiosClient.js">
        <metrics statements="17" coveredstatements="4" conditionals="8" coveredconditionals="0" methods="4" coveredmethods="0"/>
        <line num="3" count="7" type="stmt"/>
        <line num="5" count="7" type="stmt"/>
        <line num="11" count="0" type="stmt"/>
        <line num="12" count="0" type="stmt"/>
        <line num="16" count="7" type="stmt"/>
        <line num="17" count="0" type="stmt"/>
        <line num="18" count="0" type="cond" truecount="0" falsecount="2"/>
        <line num="19" count="0" type="stmt"/>
        <line num="21" count="0" type="stmt"/>
        <line num="24" count="7" type="stmt"/>
        <line num="26" count="0" type="cond" truecount="0" falsecount="4"/>
        <line num="27" count="0" type="stmt"/>
        <line num="29" count="0" type="stmt"/>
        <line num="32" count="0" type="cond" truecount="0" falsecount="2"/>
        <line num="33" count="0" type="stmt"/>
        <line num="35" count="0" type="stmt"/>
        <line num="37" count="0" type="stmt"/>
      </file>
      <file name="productService.js" path="D:\SGU\Nam3\HK1\KiemThuPhanMem\Project\software-testing\frontend\src\services\productService.js">
        <metrics statements="19" coveredstatements="6" conditionals="12" coveredconditionals="0" methods="5" coveredmethods="0"/>
        <line num="3" count="5" type="stmt"/>
        <line num="9" count="5" type="stmt"/>
        <line num="17" count="0" type="stmt"/>
        <line num="19" count="0" type="stmt"/>
        <line num="20" count="0" type="stmt"/>
        <line num="22" count="0" type="cond" truecount="0" falsecount="2"/>
        <line num="23" count="0" type="cond" truecount="0" falsecount="2"/>
        <line num="24" count="0" type="cond" truecount="0" falsecount="2"/>
        <line num="25" count="0" type="stmt"/>
        <line num="26" count="0" type="stmt"/>
        <line num="29" count="0" type="stmt"/>
        <line num="36" count="5" type="stmt"/>
        <line num="37" count="0" type="stmt"/>
        <line num="49" count="5" type="stmt"/>
        <line num="50" count="0" type="stmt"/>
        <line num="59" count="5" type="stmt"/>
        <line num="60" count="0" type="stmt"/>
        <line num="68" count="5" type="stmt"/>
        <line num="70" count="0" type="stmt"/>
      </file>
    </package>
    <package name="src.utils">
      <metrics statements="34" coveredstatements="34" conditionals="52" coveredconditionals="52" methods="3" coveredmethods="3"/>
      <file name="productValidation.js" path="D:\SGU\Nam3\HK1\KiemThuPhanMem\Project\software-testing\frontend\src\utils\productValidation.js">
        <metrics statements="25" coveredstatements="25" conditionals="32" coveredconditionals="32" methods="1" coveredmethods="1"/>
        <line num="2" count="18" type="stmt"/>
        <line num="5" count="18" type="cond" truecount="2" falsecount="0"/>
        <line num="6" count="2" type="stmt"/>
        <line num="7" count="16" type="cond" truecount="2" falsecount="0"/>
        <line num="8" count="1" type="stmt"/>
        <line num="9" count="15" type="cond" truecount="2" falsecount="0"/>
        <line num="10" count="1" type="stmt"/>
        <line num="14" count="18" type="cond" truecount="2" falsecount="0"/>
        <line num="19" count="1" type="stmt"/>
        <line num="20" count="17" type="cond" truecount="2" falsecount="0"/>
        <line num="21" count="3" type="stmt"/>
        <line num="22" count="14" type="cond" truecount="2" falsecount="0"/>
        <line num="23" count="1" type="stmt"/>
        <line num="27" count="18" type="cond" truecount="2" falsecount="0"/>
        <line num="32" count="1" type="stmt"/>
        <line num="33" count="17" type="cond" truecount="2" falsecount="0"/>
        <line num="34" count="1" type="stmt"/>
        <line num="35" count="16" type="cond" truecount="2" falsecount="0"/>
        <line num="36" count="1" type="stmt"/>
        <line num="40" count="18" type="cond" truecount="4" falsecount="0"/>
        <line num="41" count="1" type="stmt"/>
        <line num="45" count="18" type="stmt"/>
        <line num="46" count="18" type="cond" truecount="4" falsecount="0"/>
        <line num="47" count="1" type="stmt"/>
        <line num="50" count="18" type="stmt"/>
      </file>
      <file name="validation.js" path="D:\SGU\Nam3\HK1\KiemThuPhanMem\Project\software-testing\frontend\src\utils\validation.js">
        <metrics statements="9" coveredstatements="9" conditionals="20" coveredconditionals="20" methods="2" coveredmethods="2"/>
        <line num="2" count="8" type="cond" truecount="4" falsecount="0"/>
        <line num="3" count="6" type="cond" truecount="2" falsecount="0"/>
        <line num="4" count="5" type="cond" truecount="2" falsecount="0"/>
        <line num="5" count="4" type="cond" truecount="2" falsecount="0"/>
        <line num="6" count="3" type="stmt"/>
        <line num="9" count="8" type="cond" truecount="4" falsecount="0"/>
        <line num="10" count="6" type="cond" truecount="2" falsecount="0"/>
        <line num="11" count="5" type="cond" truecount="4" falsecount="0"/>
        <line num="12" count="3" type="stmt"/>
      </file>
    </package>
  </project>
</coverage>
