{"D:\\SGU\\Nam3\\HK1\\KiemThuPhanMem\\Project\\software-testing\\frontend\\src\\App.jsx": {"path":"D:\\SGU\\Nam3\\HK1\\KiemThuPhanMem\\Project\\software-testing\\frontend\\src\\App.jsx","statementMap":{"0":{"start":{"line":11,"column":17},"end":{"line":39,"column":3}},"1":{"start":{"line":41,"column":2},"end":{"line":43,"column":9}},"2":{"start":{"line":42,"column":4},"end":{"line":42,"column":44}},"3":{"start":{"line":45,"column":23},"end":{"line":50,"column":3}},"4":{"start":{"line":47,"column":4},"end":{"line":49,"column":20}},"5":{"start":{"line":52,"column":2},"end":{"line":74,"column":4}}},"fnMap":{"0":{"name":"App","decl":{"start":{"line":10,"column":24},"end":{"line":10,"column":27}},"loc":{"start":{"line":10,"column":30},"end":{"line":75,"column":1}},"line":10},"1":{"name":"(anonymous_1)","decl":{"start":{"line":41,"column":12},"end":{"line":41,"column":13}},"loc":{"start":{"line":41,"column":18},"end":{"line":43,"column":3}},"line":41},"2":{"name":"(anonymous_2)","decl":{"start":{"line":45,"column":23},"end":{"line":45,"column":24}},"loc":{"start":{"line":45,"column":33},"end":{"line":50,"column":3}},"line":45}},"branchMap":{"0":{"loc":{"start":{"line":47,"column":11},"end":{"line":49,"column":19}},"type":"cond-expr","locations":[{"start":{"line":48,"column":8},"end":{"line":48,"column":48}},{"start":{"line":49,"column":8},"end":{"line":49,"column":19}}],"line":47}},"s":{"0":0,"1":0,"2":0,"3":0,"4":0,"5":0},"f":{"0":0,"1":0,"2":0},"b":{"0":[0,0]}}
,"D:\\SGU\\Nam3\\HK1\\KiemThuPhanMem\\Project\\software-testing\\frontend\\src\\components\\Login.jsx": {"path":"D:\\SGU\\Nam3\\HK1\\KiemThuPhanMem\\Project\\software-testing\\frontend\\src\\components\\Login.jsx","statementMap":{"0":{"start":{"line":6,"column":34},"end":{"line":6,"column":46}},"1":{"start":{"line":7,"column":34},"end":{"line":7,"column":46}},"2":{"start":{"line":8,"column":24},"end":{"line":8,"column":36}},"3":{"start":{"line":9,"column":32},"end":{"line":9,"column":44}},"4":{"start":{"line":10,"column":44},"end":{"line":10,"column":56}},"5":{"start":{"line":11,"column":44},"end":{"line":11,"column":56}},"6":{"start":{"line":12,"column":36},"end":{"line":12,"column":51}},"7":{"start":{"line":14,"column":17},"end":{"line":41,"column":3}},"8":{"start":{"line":15,"column":4},"end":{"line":15,"column":23}},"9":{"start":{"line":16,"column":17},"end":{"line":16,"column":43}},"10":{"start":{"line":17,"column":17},"end":{"line":17,"column":43}},"11":{"start":{"line":19,"column":4},"end":{"line":19,"column":33}},"12":{"start":{"line":20,"column":4},"end":{"line":20,"column":33}},"13":{"start":{"line":21,"column":4},"end":{"line":21,"column":15}},"14":{"start":{"line":23,"column":4},"end":{"line":23,"column":29}},"15":{"start":{"line":23,"column":22},"end":{"line":23,"column":29}},"16":{"start":{"line":25,"column":4},"end":{"line":25,"column":23}},"17":{"start":{"line":26,"column":4},"end":{"line":40,"column":5}},"18":{"start":{"line":27,"column":18},"end":{"line":27,"column":49}},"19":{"start":{"line":28,"column":6},"end":{"line":34,"column":7}},"20":{"start":{"line":29,"column":8},"end":{"line":29,"column":54}},"21":{"start":{"line":30,"column":8},"end":{"line":30,"column":30}},"22":{"start":{"line":32,"column":8},"end":{"line":32,"column":52}},"23":{"start":{"line":33,"column":8},"end":{"line":33,"column":28}},"24":{"start":{"line":36,"column":6},"end":{"line":36,"column":52}},"25":{"start":{"line":37,"column":6},"end":{"line":37,"column":26}},"26":{"start":{"line":39,"column":6},"end":{"line":39,"column":26}},"27":{"start":{"line":44,"column":17},"end":{"line":118,"column":3}},"28":{"start":{"line":120,"column":2},"end":{"line":183,"column":4}},"29":{"start":{"line":142,"column":31},"end":{"line":142,"column":58}},"30":{"start":{"line":162,"column":31},"end":{"line":162,"column":58}}},"fnMap":{"0":{"name":"Login","decl":{"start":{"line":5,"column":24},"end":{"line":5,"column":29}},"loc":{"start":{"line":5,"column":32},"end":{"line":184,"column":1}},"line":5},"1":{"name":"(anonymous_1)","decl":{"start":{"line":14,"column":17},"end":{"line":14,"column":18}},"loc":{"start":{"line":14,"column":30},"end":{"line":41,"column":3}},"line":14},"2":{"name":"(anonymous_2)","decl":{"start":{"line":142,"column":24},"end":{"line":142,"column":25}},"loc":{"start":{"line":142,"column":31},"end":{"line":142,"column":58}},"line":142},"3":{"name":"(anonymous_3)","decl":{"start":{"line":162,"column":24},"end":{"line":162,"column":25}},"loc":{"start":{"line":162,"column":31},"end":{"line":162,"column":58}},"line":162}},"branchMap":{"0":{"loc":{"start":{"line":19,"column":21},"end":{"line":19,"column":31}},"type":"binary-expr","locations":[{"start":{"line":19,"column":21},"end":{"line":19,"column":25}},{"start":{"line":19,"column":29},"end":{"line":19,"column":31}}],"line":19},"1":{"loc":{"start":{"line":20,"column":21},"end":{"line":20,"column":31}},"type":"binary-expr","locations":[{"start":{"line":20,"column":21},"end":{"line":20,"column":25}},{"start":{"line":20,"column":29},"end":{"line":20,"column":31}}],"line":20},"2":{"loc":{"start":{"line":23,"column":4},"end":{"line":23,"column":29}},"type":"if","locations":[{"start":{"line":23,"column":4},"end":{"line":23,"column":29}},{"start":{},"end":{}}],"line":23},"3":{"loc":{"start":{"line":23,"column":8},"end":{"line":23,"column":20}},"type":"binary-expr","locations":[{"start":{"line":23,"column":8},"end":{"line":23,"column":12}},{"start":{"line":23,"column":16},"end":{"line":23,"column":20}}],"line":23},"4":{"loc":{"start":{"line":28,"column":6},"end":{"line":34,"column":7}},"type":"if","locations":[{"start":{"line":28,"column":6},"end":{"line":34,"column":7}},{"start":{"line":31,"column":13},"end":{"line":34,"column":7}}],"line":28},"5":{"loc":{"start":{"line":29,"column":15},"end":{"line":29,"column":52}},"type":"binary-expr","locations":[{"start":{"line":29,"column":15},"end":{"line":29,"column":26}},{"start":{"line":29,"column":30},"end":{"line":29,"column":52}}],"line":29},"6":{"loc":{"start":{"line":32,"column":15},"end":{"line":32,"column":50}},"type":"binary-expr","locations":[{"start":{"line":32,"column":15},"end":{"line":32,"column":26}},{"start":{"line":32,"column":30},"end":{"line":32,"column":50}}],"line":32},"7":{"loc":{"start":{"line":104,"column":14},"end":{"line":104,"column":51}},"type":"cond-expr","locations":[{"start":{"line":104,"column":26},"end":{"line":104,"column":39}},{"start":{"line":104,"column":42},"end":{"line":104,"column":51}}],"line":104},"8":{"loc":{"start":{"line":106,"column":15},"end":{"line":106,"column":34}},"type":"cond-expr","locations":[{"start":{"line":106,"column":27},"end":{"line":106,"column":30}},{"start":{"line":106,"column":33},"end":{"line":106,"column":34}}],"line":106},"9":{"loc":{"start":{"line":114,"column":23},"end":{"line":114,"column":68}},"type":"cond-expr","locations":[{"start":{"line":114,"column":47},"end":{"line":114,"column":56}},{"start":{"line":114,"column":59},"end":{"line":114,"column":68}}],"line":114},"10":{"loc":{"start":{"line":115,"column":27},"end":{"line":115,"column":72}},"type":"cond-expr","locations":[{"start":{"line":115,"column":51},"end":{"line":115,"column":60}},{"start":{"line":115,"column":63},"end":{"line":115,"column":72}}],"line":115},"11":{"loc":{"start":{"line":116,"column":13},"end":{"line":116,"column":58}},"type":"cond-expr","locations":[{"start":{"line":116,"column":37},"end":{"line":116,"column":46}},{"start":{"line":116,"column":49},"end":{"line":116,"column":58}}],"line":116},"12":{"loc":{"start":{"line":125,"column":9},"end":{"line":129,"column":9}},"type":"binary-expr","locations":[{"start":{"line":125,"column":9},"end":{"line":125,"column":12}},{"start":{"line":126,"column":10},"end":{"line":128,"column":16}}],"line":125},"13":{"loc":{"start":{"line":139,"column":20},"end":{"line":139,"column":58}},"type":"cond-expr","locations":[{"start":{"line":139,"column":36},"end":{"line":139,"column":53}},{"start":{"line":139,"column":56},"end":{"line":139,"column":58}}],"line":139},"14":{"loc":{"start":{"line":145,"column":13},"end":{"line":149,"column":13}},"type":"binary-expr","locations":[{"start":{"line":145,"column":13},"end":{"line":145,"column":26}},{"start":{"line":146,"column":14},"end":{"line":148,"column":20}}],"line":145},"15":{"loc":{"start":{"line":159,"column":20},"end":{"line":159,"column":58}},"type":"cond-expr","locations":[{"start":{"line":159,"column":36},"end":{"line":159,"column":53}},{"start":{"line":159,"column":56},"end":{"line":159,"column":58}}],"line":159},"16":{"loc":{"start":{"line":165,"column":13},"end":{"line":169,"column":13}},"type":"binary-expr","locations":[{"start":{"line":165,"column":13},"end":{"line":165,"column":26}},{"start":{"line":166,"column":14},"end":{"line":168,"column":20}}],"line":165},"17":{"loc":{"start":{"line":178,"column":13},"end":{"line":178,"column":54}},"type":"cond-expr","locations":[{"start":{"line":178,"column":25},"end":{"line":178,"column":40}},{"start":{"line":178,"column":43},"end":{"line":178,"column":54}}],"line":178}},"s":{"0":25,"1":25,"2":25,"3":25,"4":25,"5":25,"6":25,"7":25,"8":6,"9":6,"10":6,"11":6,"12":6,"13":6,"14":6,"15":1,"16":5,"17":5,"18":5,"19":4,"20":2,"21":2,"22":2,"23":2,"24":1,"25":1,"26":5,"27":25,"28":25,"29":4,"30":4},"f":{"0":25,"1":6,"2":4,"3":4},"b":{"0":[6,5],"1":[6,5],"2":[1,5],"3":[6,5],"4":[2,2],"5":[2,0],"6":[2,0],"7":[5,20],"8":[5,20],"9":[2,23],"10":[2,23],"11":[2,23],"12":[25,5],"13":[1,24],"14":[25,1],"15":[1,24],"16":[25,1],"17":[5,20]},"_coverageSchema":"1a1c01bbd47fc00a2c39e90264f33305004495a9","hash":"0871c316199913a8d508ca9b21bccddb03165526"}
,"D:\\SGU\\Nam3\\HK1\\KiemThuPhanMem\\Project\\software-testing\\frontend\\src\\components\\ProductDetail.jsx": {"path":"D:\\SGU\\Nam3\\HK1\\KiemThuPhanMem\\Project\\software-testing\\frontend\\src\\components\\ProductDetail.jsx","statementMap":{"0":{"start":{"line":4,"column":22},"end":{"line":62,"column":1}},"1":{"start":{"line":5,"column":32},"end":{"line":5,"column":46}},"2":{"start":{"line":6,"column":30},"end":{"line":6,"column":49}},"3":{"start":{"line":7,"column":32},"end":{"line":7,"column":44}},"4":{"start":{"line":9,"column":2},"end":{"line":25,"column":18}},"5":{"start":{"line":10,"column":4},"end":{"line":24,"column":5}},"6":{"start":{"line":11,"column":6},"end":{"line":11,"column":27}},"7":{"start":{"line":12,"column":6},"end":{"line":23,"column":11}},"8":{"start":{"line":15,"column":10},"end":{"line":15,"column":27}},"9":{"start":{"line":16,"column":10},"end":{"line":16,"column":31}},"10":{"start":{"line":19,"column":10},"end":{"line":21,"column":12}},"11":{"start":{"line":22,"column":10},"end":{"line":22,"column":29}},"12":{"start":{"line":27,"column":2},"end":{"line":29,"column":3}},"13":{"start":{"line":28,"column":4},"end":{"line":28,"column":78}},"14":{"start":{"line":31,"column":2},"end":{"line":33,"column":3}},"15":{"start":{"line":32,"column":4},"end":{"line":32,"column":59}},"16":{"start":{"line":35,"column":2},"end":{"line":37,"column":3}},"17":{"start":{"line":36,"column":4},"end":{"line":36,"column":43}},"18":{"start":{"line":39,"column":2},"end":{"line":61,"column":4}}},"fnMap":{"0":{"name":"(anonymous_0)","decl":{"start":{"line":4,"column":22},"end":{"line":4,"column":23}},"loc":{"start":{"line":4,"column":41},"end":{"line":62,"column":1}},"line":4},"1":{"name":"(anonymous_1)","decl":{"start":{"line":9,"column":12},"end":{"line":9,"column":13}},"loc":{"start":{"line":9,"column":18},"end":{"line":25,"column":3}},"line":9},"2":{"name":"(anonymous_2)","decl":{"start":{"line":14,"column":14},"end":{"line":14,"column":15}},"loc":{"start":{"line":14,"column":24},"end":{"line":17,"column":9}},"line":14},"3":{"name":"(anonymous_3)","decl":{"start":{"line":18,"column":15},"end":{"line":18,"column":16}},"loc":{"start":{"line":18,"column":26},"end":{"line":23,"column":9}},"line":18}},"branchMap":{"0":{"loc":{"start":{"line":10,"column":4},"end":{"line":24,"column":5}},"type":"if","locations":[{"start":{"line":10,"column":4},"end":{"line":24,"column":5}},{"start":{},"end":{}}],"line":10},"1":{"loc":{"start":{"line":20,"column":46},"end":{"line":20,"column":77}},"type":"binary-expr","locations":[{"start":{"line":20,"column":46},"end":{"line":20,"column":59}},{"start":{"line":20,"column":63},"end":{"line":20,"column":77}}],"line":20},"2":{"loc":{"start":{"line":27,"column":2},"end":{"line":29,"column":3}},"type":"if","locations":[{"start":{"line":27,"column":2},"end":{"line":29,"column":3}},{"start":{},"end":{}}],"line":27},"3":{"loc":{"start":{"line":31,"column":2},"end":{"line":33,"column":3}},"type":"if","locations":[{"start":{"line":31,"column":2},"end":{"line":33,"column":3}},{"start":{},"end":{}}],"line":31},"4":{"loc":{"start":{"line":35,"column":2},"end":{"line":37,"column":3}},"type":"if","locations":[{"start":{"line":35,"column":2},"end":{"line":37,"column":3}},{"start":{},"end":{}}],"line":35},"5":{"loc":{"start":{"line":58,"column":33},"end":{"line":58,"column":72}},"type":"binary-expr","locations":[{"start":{"line":58,"column":33},"end":{"line":58,"column":52}},{"start":{"line":58,"column":56},"end":{"line":58,"column":72}}],"line":58}},"s":{"0":3,"1":6,"2":6,"3":6,"4":6,"5":3,"6":3,"7":3,"8":2,"9":2,"10":1,"11":1,"12":6,"13":3,"14":3,"15":1,"16":2,"17":0,"18":2},"f":{"0":6,"1":3,"2":2,"3":1},"b":{"0":[3,0],"1":[1,0],"2":[3,3],"3":[1,2],"4":[0,2],"5":[2,0]},"_coverageSchema":"1a1c01bbd47fc00a2c39e90264f33305004495a9","hash":"75599bf4b92ad739e195e682a81854b9d49b1f67"}
,"D:\\SGU\\Nam3\\HK1\\KiemThuPhanMem\\Project\\software-testing\\frontend\\src\\components\\ProductForm.jsx": {"path":"D:\\SGU\\Nam3\\HK1\\KiemThuPhanMem\\Project\\software-testing\\frontend\\src\\components\\ProductForm.jsx","statementMap":{"0":{"start":{"line":5,"column":19},"end":{"line":5,"column":55}},"1":{"start":{"line":7,"column":28},"end":{"line":13,"column":1}},"2":{"start":{"line":16,"column":20},"end":{"line":347,"column":1}},"3":{"start":{"line":17,"column":32},"end":{"line":17,"column":61}},"4":{"start":{"line":18,"column":30},"end":{"line":18,"column":42}},"5":{"start":{"line":19,"column":30},"end":{"line":19,"column":42}},"6":{"start":{"line":20,"column":32},"end":{"line":20,"column":44}},"7":{"start":{"line":22,"column":2},"end":{"line":42,"column":24}},"8":{"start":{"line":23,"column":4},"end":{"line":41,"column":5}},"9":{"start":{"line":24,"column":6},"end":{"line":24,"column":27}},"10":{"start":{"line":25,"column":6},"end":{"line":38,"column":11}},"11":{"start":{"line":28,"column":10},"end":{"line":32,"column":13}},"12":{"start":{"line":33,"column":10},"end":{"line":33,"column":24}},"13":{"start":{"line":36,"column":10},"end":{"line":36,"column":54}},"14":{"start":{"line":37,"column":10},"end":{"line":37,"column":29}},"15":{"start":{"line":40,"column":6},"end":{"line":40,"column":38}},"16":{"start":{"line":44,"column":23},"end":{"line":58,"column":3}},"17":{"start":{"line":45,"column":34},"end":{"line":45,"column":42}},"18":{"start":{"line":47,"column":6},"end":{"line":51,"column":15}},"19":{"start":{"line":53,"column":4},"end":{"line":53,"column":58}},"20":{"start":{"line":53,"column":26},"end":{"line":53,"column":55}},"21":{"start":{"line":55,"column":4},"end":{"line":57,"column":5}},"22":{"start":{"line":56,"column":6},"end":{"line":56,"column":53}},"23":{"start":{"line":56,"column":27},"end":{"line":56,"column":50}},"24":{"start":{"line":60,"column":23},"end":{"line":97,"column":3}},"25":{"start":{"line":61,"column":4},"end":{"line":61,"column":23}},"26":{"start":{"line":63,"column":29},"end":{"line":63,"column":53}},"27":{"start":{"line":64,"column":4},"end":{"line":69,"column":5}},"28":{"start":{"line":65,"column":6},"end":{"line":65,"column":34}},"29":{"start":{"line":66,"column":6},"end":{"line":66,"column":25}},"30":{"start":{"line":67,"column":6},"end":{"line":67,"column":61}},"31":{"start":{"line":68,"column":6},"end":{"line":68,"column":13}},"32":{"start":{"line":71,"column":4},"end":{"line":71,"column":25}},"33":{"start":{"line":72,"column":4},"end":{"line":72,"column":18}},"34":{"start":{"line":73,"column":4},"end":{"line":73,"column":19}},"35":{"start":{"line":75,"column":4},"end":{"line":96,"column":5}},"36":{"start":{"line":76,"column":6},"end":{"line":83,"column":7}},"37":{"start":{"line":77,"column":8},"end":{"line":77,"column":69}},"38":{"start":{"line":78,"column":8},"end":{"line":78,"column":51}},"39":{"start":{"line":80,"column":8},"end":{"line":80,"column":52}},"40":{"start":{"line":81,"column":8},"end":{"line":81,"column":47}},"41":{"start":{"line":82,"column":8},"end":{"line":82,"column":40}},"42":{"start":{"line":84,"column":6},"end":{"line":84,"column":27}},"43":{"start":{"line":86,"column":6},"end":{"line":86,"column":33}},"44":{"start":{"line":86,"column":21},"end":{"line":86,"column":33}},"45":{"start":{"line":89,"column":6},"end":{"line":92,"column":15}},"46":{"start":{"line":90,"column":8},"end":{"line":90,"column":23}},"47":{"start":{"line":91,"column":8},"end":{"line":91,"column":22}},"48":{"start":{"line":94,"column":6},"end":{"line":94,"column":78}},"49":{"start":{"line":95,"column":6},"end":{"line":95,"column":25}},"50":{"start":{"line":99,"column":20},"end":{"line":99,"column":79}},"51":{"start":{"line":102,"column":17},"end":{"line":182,"column":3}},"52":{"start":{"line":184,"column":2},"end":{"line":346,"column":4}},"53":{"start":{"line":292,"column":14},"end":{"line":294,"column":23}}},"fnMap":{"0":{"name":"(anonymous_0)","decl":{"start":{"line":16,"column":20},"end":{"line":16,"column":21}},"loc":{"start":{"line":16,"column":63},"end":{"line":347,"column":1}},"line":16},"1":{"name":"(anonymous_1)","decl":{"start":{"line":22,"column":12},"end":{"line":22,"column":13}},"loc":{"start":{"line":22,"column":18},"end":{"line":42,"column":3}},"line":22},"2":{"name":"(anonymous_2)","decl":{"start":{"line":27,"column":14},"end":{"line":27,"column":15}},"loc":{"start":{"line":27,"column":24},"end":{"line":34,"column":9}},"line":27},"3":{"name":"(anonymous_3)","decl":{"start":{"line":35,"column":15},"end":{"line":35,"column":16}},"loc":{"start":{"line":35,"column":21},"end":{"line":38,"column":9}},"line":35},"4":{"name":"(anonymous_4)","decl":{"start":{"line":44,"column":23},"end":{"line":44,"column":24}},"loc":{"start":{"line":44,"column":30},"end":{"line":58,"column":3}},"line":44},"5":{"name":"(anonymous_5)","decl":{"start":{"line":53,"column":15},"end":{"line":53,"column":16}},"loc":{"start":{"line":53,"column":26},"end":{"line":53,"column":55}},"line":53},"6":{"name":"(anonymous_6)","decl":{"start":{"line":56,"column":16},"end":{"line":56,"column":17}},"loc":{"start":{"line":56,"column":27},"end":{"line":56,"column":50}},"line":56},"7":{"name":"(anonymous_7)","decl":{"start":{"line":60,"column":23},"end":{"line":60,"column":24}},"loc":{"start":{"line":60,"column":36},"end":{"line":97,"column":3}},"line":60},"8":{"name":"(anonymous_8)","decl":{"start":{"line":89,"column":17},"end":{"line":89,"column":18}},"loc":{"start":{"line":89,"column":23},"end":{"line":92,"column":7}},"line":89},"9":{"name":"(anonymous_9)","decl":{"start":{"line":291,"column":28},"end":{"line":291,"column":29}},"loc":{"start":{"line":292,"column":14},"end":{"line":294,"column":23}},"line":292}},"branchMap":{"0":{"loc":{"start":{"line":12,"column":12},"end":{"line":12,"column":31}},"type":"binary-expr","locations":[{"start":{"line":12,"column":12},"end":{"line":12,"column":25}},{"start":{"line":12,"column":29},"end":{"line":12,"column":31}}],"line":12},"1":{"loc":{"start":{"line":16,"column":23},"end":{"line":16,"column":45}},"type":"default-arg","locations":[{"start":{"line":16,"column":41},"end":{"line":16,"column":45}}],"line":16},"2":{"loc":{"start":{"line":23,"column":4},"end":{"line":41,"column":5}},"type":"if","locations":[{"start":{"line":23,"column":4},"end":{"line":41,"column":5}},{"start":{"line":39,"column":11},"end":{"line":41,"column":5}}],"line":23},"3":{"loc":{"start":{"line":30,"column":19},"end":{"line":30,"column":34}},"type":"binary-expr","locations":[{"start":{"line":30,"column":19},"end":{"line":30,"column":29}},{"start":{"line":30,"column":33},"end":{"line":30,"column":34}}],"line":30},"4":{"loc":{"start":{"line":31,"column":22},"end":{"line":31,"column":40}},"type":"binary-expr","locations":[{"start":{"line":31,"column":22},"end":{"line":31,"column":35}},{"start":{"line":31,"column":39},"end":{"line":31,"column":40}}],"line":31},"5":{"loc":{"start":{"line":47,"column":6},"end":{"line":51,"column":15}},"type":"cond-expr","locations":[{"start":{"line":48,"column":10},"end":{"line":50,"column":29}},{"start":{"line":51,"column":10},"end":{"line":51,"column":15}}],"line":47},"6":{"loc":{"start":{"line":47,"column":6},"end":{"line":47,"column":66}},"type":"binary-expr","locations":[{"start":{"line":47,"column":6},"end":{"line":47,"column":23}},{"start":{"line":47,"column":27},"end":{"line":47,"column":43}},{"start":{"line":47,"column":47},"end":{"line":47,"column":66}}],"line":47},"7":{"loc":{"start":{"line":48,"column":10},"end":{"line":50,"column":29}},"type":"cond-expr","locations":[{"start":{"line":49,"column":12},"end":{"line":49,"column":14}},{"start":{"line":50,"column":12},"end":{"line":50,"column":29}}],"line":48},"8":{"loc":{"start":{"line":55,"column":4},"end":{"line":57,"column":5}},"type":"if","locations":[{"start":{"line":55,"column":4},"end":{"line":57,"column":5}},{"start":{},"end":{}}],"line":55},"9":{"loc":{"start":{"line":64,"column":4},"end":{"line":69,"column":5}},"type":"if","locations":[{"start":{"line":64,"column":4},"end":{"line":69,"column":5}},{"start":{},"end":{}}],"line":64},"10":{"loc":{"start":{"line":76,"column":6},"end":{"line":83,"column":7}},"type":"if","locations":[{"start":{"line":76,"column":6},"end":{"line":83,"column":7}},{"start":{"line":79,"column":13},"end":{"line":83,"column":7}}],"line":76},"11":{"loc":{"start":{"line":86,"column":6},"end":{"line":86,"column":33}},"type":"if","locations":[{"start":{"line":86,"column":6},"end":{"line":86,"column":33}},{"start":{},"end":{}}],"line":86},"12":{"loc":{"start":{"line":94,"column":17},"end":{"line":94,"column":76}},"type":"binary-expr","locations":[{"start":{"line":94,"column":17},"end":{"line":94,"column":30}},{"start":{"line":94,"column":34},"end":{"line":94,"column":76}}],"line":94},"13":{"loc":{"start":{"line":99,"column":20},"end":{"line":99,"column":79}},"type":"cond-expr","locations":[{"start":{"line":99,"column":38},"end":{"line":99,"column":57}},{"start":{"line":99,"column":60},"end":{"line":99,"column":79}}],"line":99},"14":{"loc":{"start":{"line":171,"column":23},"end":{"line":171,"column":62}},"type":"cond-expr","locations":[{"start":{"line":171,"column":41},"end":{"line":171,"column":50}},{"start":{"line":171,"column":53},"end":{"line":171,"column":62}}],"line":171},"15":{"loc":{"start":{"line":190,"column":7},"end":{"line":200,"column":7}},"type":"binary-expr","locations":[{"start":{"line":190,"column":7},"end":{"line":190,"column":14}},{"start":{"line":191,"column":8},"end":{"line":199,"column":14}}],"line":190},"16":{"loc":{"start":{"line":194,"column":16},"end":{"line":194,"column":78}},"type":"cond-expr","locations":[{"start":{"line":194,"column":39},"end":{"line":194,"column":58}},{"start":{"line":194,"column":61},"end":{"line":194,"column":78}}],"line":194},"17":{"loc":{"start":{"line":215,"column":18},"end":{"line":215,"column":54}},"type":"cond-expr","locations":[{"start":{"line":215,"column":32},"end":{"line":215,"column":49}},{"start":{"line":215,"column":52},"end":{"line":215,"column":54}}],"line":215},"18":{"loc":{"start":{"line":220,"column":11},"end":{"line":224,"column":11}},"type":"binary-expr","locations":[{"start":{"line":220,"column":11},"end":{"line":220,"column":22}},{"start":{"line":221,"column":12},"end":{"line":223,"column":16}}],"line":220},"19":{"loc":{"start":{"line":240,"column":20},"end":{"line":240,"column":57}},"type":"cond-expr","locations":[{"start":{"line":240,"column":35},"end":{"line":240,"column":52}},{"start":{"line":240,"column":55},"end":{"line":240,"column":57}}],"line":240},"20":{"loc":{"start":{"line":244,"column":13},"end":{"line":248,"column":13}},"type":"binary-expr","locations":[{"start":{"line":244,"column":13},"end":{"line":244,"column":25}},{"start":{"line":245,"column":14},"end":{"line":247,"column":18}}],"line":244},"21":{"loc":{"start":{"line":263,"column":20},"end":{"line":263,"column":60}},"type":"cond-expr","locations":[{"start":{"line":263,"column":38},"end":{"line":263,"column":55}},{"start":{"line":263,"column":58},"end":{"line":263,"column":60}}],"line":263},"22":{"loc":{"start":{"line":267,"column":13},"end":{"line":271,"column":13}},"type":"binary-expr","locations":[{"start":{"line":267,"column":13},"end":{"line":267,"column":28}},{"start":{"line":268,"column":14},"end":{"line":270,"column":18}}],"line":267},"23":{"loc":{"start":{"line":287,"column":18},"end":{"line":287,"column":58}},"type":"cond-expr","locations":[{"start":{"line":287,"column":36},"end":{"line":287,"column":53}},{"start":{"line":287,"column":56},"end":{"line":287,"column":58}}],"line":287},"24":{"loc":{"start":{"line":297,"column":11},"end":{"line":301,"column":11}},"type":"binary-expr","locations":[{"start":{"line":297,"column":11},"end":{"line":297,"column":26}},{"start":{"line":298,"column":12},"end":{"line":300,"column":16}}],"line":297},"25":{"loc":{"start":{"line":316,"column":18},"end":{"line":316,"column":61}},"type":"cond-expr","locations":[{"start":{"line":316,"column":39},"end":{"line":316,"column":56}},{"start":{"line":316,"column":59},"end":{"line":316,"column":61}}],"line":316},"26":{"loc":{"start":{"line":322,"column":11},"end":{"line":326,"column":11}},"type":"binary-expr","locations":[{"start":{"line":322,"column":11},"end":{"line":322,"column":29}},{"start":{"line":323,"column":12},"end":{"line":325,"column":16}}],"line":322},"27":{"loc":{"start":{"line":335,"column":16},"end":{"line":335,"column":62}},"type":"cond-expr","locations":[{"start":{"line":335,"column":39},"end":{"line":335,"column":57}},{"start":{"line":335,"column":60},"end":{"line":335,"column":62}}],"line":335},"28":{"loc":{"start":{"line":338,"column":11},"end":{"line":342,"column":24}},"type":"cond-expr","locations":[{"start":{"line":339,"column":14},"end":{"line":339,"column":29}},{"start":{"line":340,"column":14},"end":{"line":342,"column":24}}],"line":338},"29":{"loc":{"start":{"line":340,"column":14},"end":{"line":342,"column":24}},"type":"cond-expr","locations":[{"start":{"line":341,"column":14},"end":{"line":341,"column":24}},{"start":{"line":342,"column":14},"end":{"line":342,"column":24}}],"line":340}},"s":{"0":4,"1":4,"2":4,"3":76,"4":76,"5":76,"6":76,"7":76,"8":14,"9":5,"10":5,"11":4,"12":4,"13":1,"14":1,"15":9,"16":76,"17":24,"18":24,"19":24,"20":24,"21":24,"22":0,"23":0,"24":76,"25":12,"26":12,"27":12,"28":3,"29":3,"30":3,"31":3,"32":9,"33":9,"34":9,"35":9,"36":9,"37":3,"38":2,"39":6,"40":4,"41":4,"42":6,"43":6,"44":2,"45":6,"46":0,"47":0,"48":3,"49":3,"50":76,"51":76,"52":76,"53":228},"f":{"0":76,"1":14,"2":4,"3":1,"4":24,"5":24,"6":0,"7":12,"8":0,"9":228},"b":{"0":[4,0],"1":[47],"2":[5,9],"3":[4,0],"4":[4,1],"5":[14,10],"6":[24,10,10],"7":[0,14],"8":[0,24],"9":[3,9],"10":[3,6],"11":[2,4],"12":[3,0],"13":[23,53],"14":[23,53],"15":[76,12],"16":[4,8],"17":[3,73],"18":[76,3],"19":[2,74],"20":[76,2],"21":[0,76],"22":[76,0],"23":[0,76],"24":[76,0],"25":[0,76],"26":[76,0],"27":[14,62],"28":[14,62],"29":[15,47]},"_coverageSchema":"1a1c01bbd47fc00a2c39e90264f33305004495a9","hash":"32e800d2bb1dbf6a100c462757cfc58cf6681ae1"}
,"D:\\SGU\\Nam3\\HK1\\KiemThuPhanMem\\Project\\software-testing\\frontend\\src\\components\\ProductList.jsx": {"path":"D:\\SGU\\Nam3\\HK1\\KiemThuPhanMem\\Project\\software-testing\\frontend\\src\\components\\ProductList.jsx","statementMap":{"0":{"start":{"line":12,"column":19},"end":{"line":12,"column":55}},"1":{"start":{"line":15,"column":28},"end":{"line":15,"column":40}},"2":{"start":{"line":16,"column":38},"end":{"line":16,"column":53}},"3":{"start":{"line":17,"column":36},"end":{"line":17,"column":50}},"4":{"start":{"line":18,"column":36},"end":{"line":18,"column":50}},"5":{"start":{"line":19,"column":28},"end":{"line":19,"column":40}},"6":{"start":{"line":20,"column":38},"end":{"line":20,"column":50}},"7":{"start":{"line":22,"column":26},"end":{"line":23,"column":62}},"8":{"start":{"line":23,"column":4},"end":{"line":23,"column":62}},"9":{"start":{"line":25,"column":26},"end":{"line":27,"column":3}},"10":{"start":{"line":26,"column":10},"end":{"line":26,"column":48}},"11":{"start":{"line":28,"column":38},"end":{"line":28,"column":49}},"12":{"start":{"line":29,"column":30},"end":{"line":29,"column":71}},"13":{"start":{"line":29,"column":45},"end":{"line":29,"column":70}},"14":{"start":{"line":30,"column":34},"end":{"line":30,"column":77}},"15":{"start":{"line":30,"column":49},"end":{"line":30,"column":76}},"16":{"start":{"line":31,"column":30},"end":{"line":31,"column":79}},"17":{"start":{"line":31,"column":45},"end":{"line":31,"column":78}},"18":{"start":{"line":32,"column":32},"end":{"line":34,"column":3}},"19":{"start":{"line":33,"column":10},"end":{"line":33,"column":46}},"20":{"start":{"line":36,"column":19},"end":{"line":36,"column":20}},"21":{"start":{"line":38,"column":23},"end":{"line":67,"column":47}},"22":{"start":{"line":39,"column":4},"end":{"line":66,"column":9}},"23":{"start":{"line":41,"column":8},"end":{"line":49,"column":9}},"24":{"start":{"line":42,"column":10},"end":{"line":42,"column":32}},"25":{"start":{"line":43,"column":10},"end":{"line":43,"column":45}},"26":{"start":{"line":44,"column":15},"end":{"line":49,"column":9}},"27":{"start":{"line":45,"column":10},"end":{"line":45,"column":24}},"28":{"start":{"line":46,"column":10},"end":{"line":46,"column":27}},"29":{"start":{"line":48,"column":10},"end":{"line":48,"column":23}},"30":{"start":{"line":51,"column":23},"end":{"line":51,"column":44}},"31":{"start":{"line":52,"column":8},"end":{"line":52,"column":47}},"32":{"start":{"line":52,"column":22},"end":{"line":52,"column":47}},"33":{"start":{"line":53,"column":8},"end":{"line":53,"column":49}},"34":{"start":{"line":53,"column":20},"end":{"line":53,"column":49}},"35":{"start":{"line":54,"column":8},"end":{"line":54,"column":55}},"36":{"start":{"line":54,"column":22},"end":{"line":54,"column":55}},"37":{"start":{"line":55,"column":8},"end":{"line":55,"column":58}},"38":{"start":{"line":55,"column":29},"end":{"line":55,"column":58}},"39":{"start":{"line":56,"column":8},"end":{"line":56,"column":62}},"40":{"start":{"line":56,"column":31},"end":{"line":56,"column":62}},"41":{"start":{"line":58,"column":23},"end":{"line":58,"column":73}},"42":{"start":{"line":59,"column":8},"end":{"line":59,"column":49}},"43":{"start":{"line":61,"column":8},"end":{"line":61,"column":26}},"44":{"start":{"line":64,"column":8},"end":{"line":64,"column":53}},"45":{"start":{"line":65,"column":8},"end":{"line":65,"column":56}},"46":{"start":{"line":69,"column":2},"end":{"line":71,"column":21}},"47":{"start":{"line":70,"column":4},"end":{"line":70,"column":19}},"48":{"start":{"line":73,"column":26},"end":{"line":76,"column":3}},"49":{"start":{"line":74,"column":4},"end":{"line":74,"column":25}},"50":{"start":{"line":75,"column":4},"end":{"line":75,"column":23}},"51":{"start":{"line":78,"column":20},"end":{"line":81,"column":3}},"52":{"start":{"line":79,"column":4},"end":{"line":79,"column":23}},"53":{"start":{"line":80,"column":4},"end":{"line":80,"column":24}},"54":{"start":{"line":83,"column":21},"end":{"line":86,"column":3}},"55":{"start":{"line":84,"column":4},"end":{"line":84,"column":21}},"56":{"start":{"line":85,"column":4},"end":{"line":85,"column":24}},"57":{"start":{"line":88,"column":28},"end":{"line":95,"column":3}},"58":{"start":{"line":89,"column":4},"end":{"line":89,"column":19}},"59":{"start":{"line":90,"column":4},"end":{"line":90,"column":22}},"60":{"start":{"line":91,"column":16},"end":{"line":91,"column":75}},"61":{"start":{"line":92,"column":4},"end":{"line":92,"column":23}},"62":{"start":{"line":93,"column":4},"end":{"line":93,"column":46}},"63":{"start":{"line":93,"column":21},"end":{"line":93,"column":38}},"64":{"start":{"line":94,"column":4},"end":{"line":94,"column":23}},"65":{"start":{"line":97,"column":23},"end":{"line":109,"column":3}},"66":{"start":{"line":98,"column":4},"end":{"line":98,"column":70}},"67":{"start":{"line":98,"column":63},"end":{"line":98,"column":70}},"68":{"start":{"line":99,"column":4},"end":{"line":108,"column":5}},"69":{"start":{"line":100,"column":6},"end":{"line":100,"column":30}},"70":{"start":{"line":101,"column":6},"end":{"line":101,"column":21}},"71":{"start":{"line":102,"column":6},"end":{"line":102,"column":39}},"72":{"start":{"line":103,"column":6},"end":{"line":103,"column":39}},"73":{"start":{"line":104,"column":6},"end":{"line":104,"column":48}},"74":{"start":{"line":104,"column":23},"end":{"line":104,"column":40}},"75":{"start":{"line":106,"column":6},"end":{"line":106,"column":43}},"76":{"start":{"line":107,"column":6},"end":{"line":107,"column":40}},"77":{"start":{"line":111,"column":29},"end":{"line":114,"column":3}},"78":{"start":{"line":112,"column":4},"end":{"line":112,"column":30}},"79":{"start":{"line":113,"column":4},"end":{"line":113,"column":15}},"80":{"start":{"line":115,"column":31},"end":{"line":118,"column":3}},"81":{"start":{"line":116,"column":4},"end":{"line":116,"column":32}},"82":{"start":{"line":117,"column":4},"end":{"line":117,"column":15}},"83":{"start":{"line":119,"column":27},"end":{"line":124,"column":3}},"84":{"start":{"line":120,"column":25},"end":{"line":120,"column":50}},"85":{"start":{"line":121,"column":4},"end":{"line":121,"column":21}},"86":{"start":{"line":122,"column":4},"end":{"line":122,"column":20}},"87":{"start":{"line":123,"column":4},"end":{"line":123,"column":15}},"88":{"start":{"line":126,"column":21},"end":{"line":128,"column":3}},"89":{"start":{"line":127,"column":4},"end":{"line":127,"column":40}},"90":{"start":{"line":127,"column":18},"end":{"line":127,"column":40}},"91":{"start":{"line":127,"column":33},"end":{"line":127,"column":38}},"92":{"start":{"line":129,"column":21},"end":{"line":131,"column":3}},"93":{"start":{"line":130,"column":4},"end":{"line":130,"column":53}},"94":{"start":{"line":130,"column":31},"end":{"line":130,"column":53}},"95":{"start":{"line":130,"column":46},"end":{"line":130,"column":51}},"96":{"start":{"line":133,"column":2},"end":{"line":315,"column":4}},"97":{"start":{"line":150,"column":56},"end":{"line":150,"column":75}},"98":{"start":{"line":168,"column":54},"end":{"line":168,"column":72}},"99":{"start":{"line":171,"column":28},"end":{"line":171,"column":47}},"100":{"start":{"line":175,"column":29},"end":{"line":175,"column":47}},"101":{"start":{"line":217,"column":14},"end":{"line":219,"column":23}},"102":{"start":{"line":240,"column":12},"end":{"line":278,"column":17}},"103":{"start":{"line":256,"column":33},"end":{"line":256,"column":51}},"104":{"start":{"line":264,"column":33},"end":{"line":264,"column":49}},"105":{"start":{"line":272,"column":33},"end":{"line":272,"column":51}}},"fnMap":{"0":{"name":"ProductList","decl":{"start":{"line":14,"column":24},"end":{"line":14,"column":35}},"loc":{"start":{"line":14,"column":38},"end":{"line":316,"column":1}},"line":14},"1":{"name":"(anonymous_1)","decl":{"start":{"line":22,"column":26},"end":{"line":22,"column":27}},"loc":{"start":{"line":23,"column":4},"end":{"line":23,"column":62}},"line":23},"2":{"name":"(anonymous_2)","decl":{"start":{"line":26,"column":4},"end":{"line":26,"column":5}},"loc":{"start":{"line":26,"column":10},"end":{"line":26,"column":48}},"line":26},"3":{"name":"(anonymous_3)","decl":{"start":{"line":29,"column":39},"end":{"line":29,"column":40}},"loc":{"start":{"line":29,"column":45},"end":{"line":29,"column":70}},"line":29},"4":{"name":"(anonymous_4)","decl":{"start":{"line":30,"column":43},"end":{"line":30,"column":44}},"loc":{"start":{"line":30,"column":49},"end":{"line":30,"column":76}},"line":30},"5":{"name":"(anonymous_5)","decl":{"start":{"line":31,"column":39},"end":{"line":31,"column":40}},"loc":{"start":{"line":31,"column":45},"end":{"line":31,"column":78}},"line":31},"6":{"name":"(anonymous_6)","decl":{"start":{"line":33,"column":4},"end":{"line":33,"column":5}},"loc":{"start":{"line":33,"column":10},"end":{"line":33,"column":46}},"line":33},"7":{"name":"(anonymous_7)","decl":{"start":{"line":38,"column":35},"end":{"line":38,"column":36}},"loc":{"start":{"line":38,"column":41},"end":{"line":67,"column":3}},"line":38},"8":{"name":"(anonymous_8)","decl":{"start":{"line":40,"column":12},"end":{"line":40,"column":13}},"loc":{"start":{"line":40,"column":21},"end":{"line":62,"column":7}},"line":40},"9":{"name":"(anonymous_9)","decl":{"start":{"line":63,"column":13},"end":{"line":63,"column":14}},"loc":{"start":{"line":63,"column":19},"end":{"line":66,"column":7}},"line":63},"10":{"name":"(anonymous_10)","decl":{"start":{"line":69,"column":12},"end":{"line":69,"column":13}},"loc":{"start":{"line":69,"column":18},"end":{"line":71,"column":3}},"line":69},"11":{"name":"(anonymous_11)","decl":{"start":{"line":73,"column":26},"end":{"line":73,"column":27}},"loc":{"start":{"line":73,"column":32},"end":{"line":76,"column":3}},"line":73},"12":{"name":"(anonymous_12)","decl":{"start":{"line":78,"column":20},"end":{"line":78,"column":21}},"loc":{"start":{"line":78,"column":26},"end":{"line":81,"column":3}},"line":78},"13":{"name":"(anonymous_13)","decl":{"start":{"line":83,"column":21},"end":{"line":83,"column":22}},"loc":{"start":{"line":83,"column":29},"end":{"line":86,"column":3}},"line":83},"14":{"name":"(anonymous_14)","decl":{"start":{"line":88,"column":28},"end":{"line":88,"column":29}},"loc":{"start":{"line":88,"column":34},"end":{"line":95,"column":3}},"line":88},"15":{"name":"(anonymous_15)","decl":{"start":{"line":93,"column":15},"end":{"line":93,"column":16}},"loc":{"start":{"line":93,"column":21},"end":{"line":93,"column":38}},"line":93},"16":{"name":"(anonymous_16)","decl":{"start":{"line":97,"column":23},"end":{"line":97,"column":24}},"loc":{"start":{"line":97,"column":37},"end":{"line":109,"column":3}},"line":97},"17":{"name":"(anonymous_17)","decl":{"start":{"line":104,"column":17},"end":{"line":104,"column":18}},"loc":{"start":{"line":104,"column":23},"end":{"line":104,"column":40}},"line":104},"18":{"name":"(anonymous_18)","decl":{"start":{"line":111,"column":29},"end":{"line":111,"column":30}},"loc":{"start":{"line":111,"column":36},"end":{"line":114,"column":3}},"line":111},"19":{"name":"(anonymous_19)","decl":{"start":{"line":115,"column":31},"end":{"line":115,"column":32}},"loc":{"start":{"line":115,"column":38},"end":{"line":118,"column":3}},"line":115},"20":{"name":"(anonymous_20)","decl":{"start":{"line":119,"column":27},"end":{"line":119,"column":28}},"loc":{"start":{"line":119,"column":34},"end":{"line":124,"column":3}},"line":119},"21":{"name":"(anonymous_21)","decl":{"start":{"line":126,"column":21},"end":{"line":126,"column":22}},"loc":{"start":{"line":126,"column":27},"end":{"line":128,"column":3}},"line":126},"22":{"name":"(anonymous_22)","decl":{"start":{"line":127,"column":26},"end":{"line":127,"column":27}},"loc":{"start":{"line":127,"column":33},"end":{"line":127,"column":38}},"line":127},"23":{"name":"(anonymous_23)","decl":{"start":{"line":129,"column":21},"end":{"line":129,"column":22}},"loc":{"start":{"line":129,"column":27},"end":{"line":131,"column":3}},"line":129},"24":{"name":"(anonymous_24)","decl":{"start":{"line":130,"column":39},"end":{"line":130,"column":40}},"loc":{"start":{"line":130,"column":46},"end":{"line":130,"column":51}},"line":130},"25":{"name":"(anonymous_25)","decl":{"start":{"line":150,"column":49},"end":{"line":150,"column":50}},"loc":{"start":{"line":150,"column":56},"end":{"line":150,"column":75}},"line":150},"26":{"name":"(anonymous_26)","decl":{"start":{"line":168,"column":48},"end":{"line":168,"column":49}},"loc":{"start":{"line":168,"column":54},"end":{"line":168,"column":72}},"line":168},"27":{"name":"(anonymous_27)","decl":{"start":{"line":171,"column":21},"end":{"line":171,"column":22}},"loc":{"start":{"line":171,"column":28},"end":{"line":171,"column":47}},"line":171},"28":{"name":"(anonymous_28)","decl":{"start":{"line":175,"column":23},"end":{"line":175,"column":24}},"loc":{"start":{"line":175,"column":29},"end":{"line":175,"column":47}},"line":175},"29":{"name":"(anonymous_29)","decl":{"start":{"line":216,"column":28},"end":{"line":216,"column":29}},"loc":{"start":{"line":217,"column":14},"end":{"line":219,"column":23}},"line":217},"30":{"name":"(anonymous_30)","decl":{"start":{"line":239,"column":21},"end":{"line":239,"column":22}},"loc":{"start":{"line":240,"column":12},"end":{"line":278,"column":17}},"line":240},"31":{"name":"(anonymous_31)","decl":{"start":{"line":256,"column":27},"end":{"line":256,"column":28}},"loc":{"start":{"line":256,"column":33},"end":{"line":256,"column":51}},"line":256},"32":{"name":"(anonymous_32)","decl":{"start":{"line":264,"column":27},"end":{"line":264,"column":28}},"loc":{"start":{"line":264,"column":33},"end":{"line":264,"column":49}},"line":264},"33":{"name":"(anonymous_33)","decl":{"start":{"line":272,"column":27},"end":{"line":272,"column":28}},"loc":{"start":{"line":272,"column":33},"end":{"line":272,"column":51}},"line":272}},"branchMap":{"0":{"loc":{"start":{"line":23,"column":4},"end":{"line":23,"column":62}},"type":"binary-expr","locations":[{"start":{"line":23,"column":4},"end":{"line":23,"column":56}},{"start":{"line":23,"column":60},"end":{"line":23,"column":62}}],"line":23},"1":{"loc":{"start":{"line":26,"column":10},"end":{"line":26,"column":48}},"type":"binary-expr","locations":[{"start":{"line":26,"column":10},"end":{"line":26,"column":43}},{"start":{"line":26,"column":47},"end":{"line":26,"column":48}}],"line":26},"2":{"loc":{"start":{"line":31,"column":45},"end":{"line":31,"column":78}},"type":"binary-expr","locations":[{"start":{"line":31,"column":45},"end":{"line":31,"column":70}},{"start":{"line":31,"column":74},"end":{"line":31,"column":78}}],"line":31},"3":{"loc":{"start":{"line":33,"column":10},"end":{"line":33,"column":46}},"type":"binary-expr","locations":[{"start":{"line":33,"column":10},"end":{"line":33,"column":36}},{"start":{"line":33,"column":40},"end":{"line":33,"column":46}}],"line":33},"4":{"loc":{"start":{"line":41,"column":8},"end":{"line":49,"column":9}},"type":"if","locations":[{"start":{"line":41,"column":8},"end":{"line":49,"column":9}},{"start":{"line":44,"column":15},"end":{"line":49,"column":9}}],"line":41},"5":{"loc":{"start":{"line":41,"column":12},"end":{"line":41,"column":45}},"type":"binary-expr","locations":[{"start":{"line":41,"column":12},"end":{"line":41,"column":15}},{"start":{"line":41,"column":19},"end":{"line":41,"column":45}}],"line":41},"6":{"loc":{"start":{"line":43,"column":24},"end":{"line":43,"column":43}},"type":"binary-expr","locations":[{"start":{"line":43,"column":24},"end":{"line":43,"column":38}},{"start":{"line":43,"column":42},"end":{"line":43,"column":43}}],"line":43},"7":{"loc":{"start":{"line":44,"column":15},"end":{"line":49,"column":9}},"type":"if","locations":[{"start":{"line":44,"column":15},"end":{"line":49,"column":9}},{"start":{"line":47,"column":15},"end":{"line":49,"column":9}}],"line":44},"8":{"loc":{"start":{"line":52,"column":8},"end":{"line":52,"column":47}},"type":"if","locations":[{"start":{"line":52,"column":8},"end":{"line":52,"column":47}},{"start":{},"end":{}}],"line":52},"9":{"loc":{"start":{"line":53,"column":8},"end":{"line":53,"column":49}},"type":"if","locations":[{"start":{"line":53,"column":8},"end":{"line":53,"column":49}},{"start":{},"end":{}}],"line":53},"10":{"loc":{"start":{"line":54,"column":8},"end":{"line":54,"column":55}},"type":"if","locations":[{"start":{"line":54,"column":8},"end":{"line":54,"column":55}},{"start":{},"end":{}}],"line":54},"11":{"loc":{"start":{"line":55,"column":8},"end":{"line":55,"column":58}},"type":"if","locations":[{"start":{"line":55,"column":8},"end":{"line":55,"column":58}},{"start":{},"end":{}}],"line":55},"12":{"loc":{"start":{"line":56,"column":8},"end":{"line":56,"column":62}},"type":"if","locations":[{"start":{"line":56,"column":8},"end":{"line":56,"column":62}},{"start":{},"end":{}}],"line":56},"13":{"loc":{"start":{"line":91,"column":16},"end":{"line":91,"column":75}},"type":"cond-expr","locations":[{"start":{"line":91,"column":28},"end":{"line":91,"column":50}},{"start":{"line":91,"column":53},"end":{"line":91,"column":75}}],"line":91},"14":{"loc":{"start":{"line":98,"column":4},"end":{"line":98,"column":70}},"type":"if","locations":[{"start":{"line":98,"column":4},"end":{"line":98,"column":70}},{"start":{},"end":{}}],"line":98},"15":{"loc":{"start":{"line":127,"column":4},"end":{"line":127,"column":40}},"type":"if","locations":[{"start":{"line":127,"column":4},"end":{"line":127,"column":40}},{"start":{},"end":{}}],"line":127},"16":{"loc":{"start":{"line":130,"column":4},"end":{"line":130,"column":53}},"type":"if","locations":[{"start":{"line":130,"column":4},"end":{"line":130,"column":53}},{"start":{},"end":{}}],"line":130},"17":{"loc":{"start":{"line":144,"column":7},"end":{"line":164,"column":7}},"type":"binary-expr","locations":[{"start":{"line":144,"column":7},"end":{"line":144,"column":17}},{"start":{"line":145,"column":8},"end":{"line":163,"column":14}}],"line":144},"18":{"loc":{"start":{"line":167,"column":7},"end":{"line":182,"column":7}},"type":"binary-expr","locations":[{"start":{"line":167,"column":7},"end":{"line":167,"column":16}},{"start":{"line":168,"column":8},"end":{"line":181,"column":14}}],"line":167},"19":{"loc":{"start":{"line":187,"column":9},"end":{"line":191,"column":9}},"type":"binary-expr","locations":[{"start":{"line":187,"column":9},"end":{"line":187,"column":14}},{"start":{"line":188,"column":10},"end":{"line":190,"column":16}}],"line":187},"20":{"loc":{"start":{"line":193,"column":9},"end":{"line":197,"column":9}},"type":"binary-expr","locations":[{"start":{"line":193,"column":9},"end":{"line":193,"column":19}},{"start":{"line":194,"column":10},"end":{"line":196,"column":16}}],"line":193},"21":{"loc":{"start":{"line":249,"column":41},"end":{"line":249,"column":53}},"type":"binary-expr","locations":[{"start":{"line":249,"column":41},"end":{"line":249,"column":48}},{"start":{"line":249,"column":52},"end":{"line":249,"column":53}}],"line":249},"22":{"loc":{"start":{"line":282,"column":9},"end":{"line":284,"column":9}},"type":"binary-expr","locations":[{"start":{"line":282,"column":9},"end":{"line":282,"column":27}},{"start":{"line":283,"column":10},"end":{"line":283,"column":68}}],"line":282},"23":{"loc":{"start":{"line":287,"column":9},"end":{"line":312,"column":9}},"type":"binary-expr","locations":[{"start":{"line":287,"column":9},"end":{"line":287,"column":23}},{"start":{"line":288,"column":10},"end":{"line":311,"column":16}}],"line":287},"24":{"loc":{"start":{"line":290,"column":36},"end":{"line":290,"column":71}},"type":"cond-expr","locations":[{"start":{"line":290,"column":49},"end":{"line":290,"column":66}},{"start":{"line":290,"column":69},"end":{"line":290,"column":71}}],"line":290},"25":{"loc":{"start":{"line":303,"column":16},"end":{"line":303,"column":63}},"type":"cond-expr","locations":[{"start":{"line":303,"column":41},"end":{"line":303,"column":58}},{"start":{"line":303,"column":61},"end":{"line":303,"column":63}}],"line":303}},"s":{"0":2,"1":41,"2":41,"3":41,"4":41,"5":41,"6":41,"7":41,"8":50,"9":41,"10":10,"11":41,"12":41,"13":10,"14":41,"15":10,"16":41,"17":10,"18":41,"19":10,"20":41,"21":41,"22":20,"23":19,"24":19,"25":19,"26":0,"27":0,"28":0,"29":0,"30":19,"31":19,"32":3,"33":19,"34":7,"35":19,"36":3,"37":19,"38":6,"39":19,"40":17,"41":19,"42":19,"43":19,"44":1,"45":1,"46":41,"47":16,"48":41,"49":2,"50":2,"51":41,"52":1,"53":1,"54":41,"55":1,"56":1,"57":41,"58":2,"59":2,"60":2,"61":2,"62":2,"63":0,"64":2,"65":41,"66":3,"67":0,"68":3,"69":3,"70":2,"71":2,"72":2,"73":2,"74":0,"75":1,"76":1,"77":41,"78":1,"79":1,"80":41,"81":1,"82":1,"83":41,"84":1,"85":1,"86":1,"87":1,"88":41,"89":1,"90":1,"91":1,"92":41,"93":2,"94":2,"95":2,"96":41,"97":2,"98":0,"99":1,"100":1,"101":123,"102":30,"103":1,"104":1,"105":3},"f":{"0":41,"1":50,"2":10,"3":10,"4":10,"5":10,"6":10,"7":20,"8":19,"9":1,"10":16,"11":2,"12":1,"13":1,"14":2,"15":0,"16":3,"17":0,"18":1,"19":1,"20":1,"21":1,"22":1,"23":2,"24":2,"25":2,"26":0,"27":1,"28":1,"29":123,"30":30,"31":1,"32":1,"33":3},"b":{"0":[50,42],"1":[10,9],"2":[10,9],"3":[10,5],"4":[19,0],"5":[19,19],"6":[19,0],"7":[0,0],"8":[3,16],"9":[7,12],"10":[3,16],"11":[6,13],"12":[17,2],"13":[1,1],"14":[0,3],"15":[1,0],"16":[2,0],"17":[41,2],"18":[41,1],"19":[41,2],"20":[41,4],"21":[30,0],"22":[41,18],"23":[41,14],"24":[9,5],"25":[0,14]},"_coverageSchema":"1a1c01bbd47fc00a2c39e90264f33305004495a9","hash":"1e51461ebafe28d5b74c12576d169b5d3540e210"}
,"D:\\SGU\\Nam3\\HK1\\KiemThuPhanMem\\Project\\software-testing\\frontend\\src\\services\\api.js": {"path":"D:\\SGU\\Nam3\\HK1\\KiemThuPhanMem\\Project\\software-testing\\frontend\\src\\services\\api.js","statementMap":{"0":{"start":{"line":2,"column":13},"end":{"line":2,"column":72}}},"fnMap":{},"branchMap":{"0":{"loc":{"start":{"line":2,"column":13},"end":{"line":2,"column":72}},"type":"binary-expr","locations":[{"start":{"line":2,"column":13},"end":{"line":2,"column":41}},{"start":{"line":2,"column":45},"end":{"line":2,"column":72}}],"line":2}},"s":{"0":0},"f":{},"b":{"0":[0,0]}}
,"D:\\SGU\\Nam3\\HK1\\KiemThuPhanMem\\Project\\software-testing\\frontend\\src\\services\\auth.js": {"path":"D:\\SGU\\Nam3\\HK1\\KiemThuPhanMem\\Project\\software-testing\\frontend\\src\\services\\auth.js","statementMap":{"0":{"start":{"line":3,"column":21},"end":{"line":17,"column":1}},"1":{"start":{"line":4,"column":2},"end":{"line":16,"column":3}},"2":{"start":{"line":5,"column":21},"end":{"line":8,"column":6}},"3":{"start":{"line":9,"column":4},"end":{"line":9,"column":62}},"4":{"start":{"line":10,"column":4},"end":{"line":10,"column":42}},"5":{"start":{"line":12,"column":4},"end":{"line":12,"column":20}},"6":{"start":{"line":14,"column":4},"end":{"line":14,"column":23}},"7":{"start":{"line":15,"column":4},"end":{"line":15,"column":57}},"8":{"start":{"line":19,"column":31},"end":{"line":33,"column":1}},"9":{"start":{"line":20,"column":2},"end":{"line":32,"column":3}},"10":{"start":{"line":21,"column":21},"end":{"line":23,"column":6}},"11":{"start":{"line":25,"column":4},"end":{"line":25,"column":62}},"12":{"start":{"line":26,"column":4},"end":{"line":26,"column":42}},"13":{"start":{"line":27,"column":4},"end":{"line":27,"column":29}},"14":{"start":{"line":28,"column":4},"end":{"line":28,"column":20}},"15":{"start":{"line":30,"column":4},"end":{"line":30,"column":46}},"16":{"start":{"line":31,"column":4},"end":{"line":31,"column":57}},"17":{"start":{"line":35,"column":22},"end":{"line":42,"column":1}},"18":{"start":{"line":36,"column":2},"end":{"line":41,"column":3}},"19":{"start":{"line":37,"column":4},"end":{"line":37,"column":43}},"20":{"start":{"line":38,"column":4},"end":{"line":38,"column":36}},"21":{"start":{"line":40,"column":4},"end":{"line":40,"column":60}},"22":{"start":{"line":44,"column":26},"end":{"line":55,"column":1}},"23":{"start":{"line":45,"column":2},"end":{"line":54,"column":3}},"24":{"start":{"line":46,"column":21},"end":{"line":50,"column":6}},"25":{"start":{"line":51,"column":4},"end":{"line":51,"column":20}},"26":{"start":{"line":53,"column":4},"end":{"line":53,"column":60}},"27":{"start":{"line":57,"column":28},"end":{"line":66,"column":1}},"28":{"start":{"line":58,"column":2},"end":{"line":65,"column":3}},"29":{"start":{"line":59,"column":21},"end":{"line":61,"column":6}},"30":{"start":{"line":62,"column":4},"end":{"line":62,"column":20}},"31":{"start":{"line":64,"column":4},"end":{"line":64,"column":60}}},"fnMap":{"0":{"name":"(anonymous_0)","decl":{"start":{"line":3,"column":21},"end":{"line":3,"column":22}},"loc":{"start":{"line":3,"column":51},"end":{"line":17,"column":1}},"line":3},"1":{"name":"(anonymous_1)","decl":{"start":{"line":19,"column":31},"end":{"line":19,"column":32}},"loc":{"start":{"line":19,"column":50},"end":{"line":33,"column":1}},"line":19},"2":{"name":"(anonymous_2)","decl":{"start":{"line":35,"column":22},"end":{"line":35,"column":23}},"loc":{"start":{"line":35,"column":28},"end":{"line":42,"column":1}},"line":35},"3":{"name":"(anonymous_3)","decl":{"start":{"line":44,"column":26},"end":{"line":44,"column":27}},"loc":{"start":{"line":44,"column":43},"end":{"line":55,"column":1}},"line":44},"4":{"name":"(anonymous_4)","decl":{"start":{"line":57,"column":28},"end":{"line":57,"column":29}},"loc":{"start":{"line":57,"column":45},"end":{"line":66,"column":1}},"line":57}},"branchMap":{"0":{"loc":{"start":{"line":15,"column":10},"end":{"line":15,"column":56}},"type":"binary-expr","locations":[{"start":{"line":15,"column":10},"end":{"line":15,"column":30}},{"start":{"line":15,"column":34},"end":{"line":15,"column":56}}],"line":15},"1":{"loc":{"start":{"line":31,"column":10},"end":{"line":31,"column":56}},"type":"binary-expr","locations":[{"start":{"line":31,"column":10},"end":{"line":31,"column":30}},{"start":{"line":31,"column":34},"end":{"line":31,"column":56}}],"line":31},"2":{"loc":{"start":{"line":40,"column":10},"end":{"line":40,"column":59}},"type":"binary-expr","locations":[{"start":{"line":40,"column":10},"end":{"line":40,"column":33}},{"start":{"line":40,"column":37},"end":{"line":40,"column":59}}],"line":40},"3":{"loc":{"start":{"line":53,"column":10},"end":{"line":53,"column":59}},"type":"binary-expr","locations":[{"start":{"line":53,"column":10},"end":{"line":53,"column":33}},{"start":{"line":53,"column":37},"end":{"line":53,"column":59}}],"line":53},"4":{"loc":{"start":{"line":64,"column":10},"end":{"line":64,"column":59}},"type":"binary-expr","locations":[{"start":{"line":64,"column":10},"end":{"line":64,"column":33}},{"start":{"line":64,"column":37},"end":{"line":64,"column":59}}],"line":64}},"s":{"0":2,"1":0,"2":0,"3":0,"4":0,"5":0,"6":0,"7":0,"8":2,"9":0,"10":0,"11":0,"12":0,"13":0,"14":0,"15":0,"16":0,"17":2,"18":0,"19":0,"20":0,"21":0,"22":2,"23":0,"24":0,"25":0,"26":0,"27":2,"28":0,"29":0,"30":0,"31":0},"f":{"0":0,"1":0,"2":0,"3":0,"4":0},"b":{"0":[0,0],"1":[0,0],"2":[0,0],"3":[0,0],"4":[0,0]},"_coverageSchema":"1a1c01bbd47fc00a2c39e90264f33305004495a9","hash":"e2fe97e6f0d97359ba13e4b1e6cea6ab1688aae9"}
,"D:\\SGU\\Nam3\\HK1\\KiemThuPhanMem\\Project\\software-testing\\frontend\\src\\services\\axiosClient.js": {"path":"D:\\SGU\\Nam3\\HK1\\KiemThuPhanMem\\Project\\software-testing\\frontend\\src\\services\\axiosClient.js","statementMap":{"0":{"start":{"line":3,"column":16},"end":{"line":3,"column":43}},"1":{"start":{"line":5,"column":20},"end":{"line":14,"column":2}},"2":{"start":{"line":11,"column":25},"end":{"line":11,"column":52}},"3":{"start":{"line":12,"column":4},"end":{"line":12,"column":35}},"4":{"start":{"line":16,"column":0},"end":{"line":22,"column":3}},"5":{"start":{"line":17,"column":16},"end":{"line":17,"column":51}},"6":{"start":{"line":18,"column":2},"end":{"line":20,"column":3}},"7":{"start":{"line":19,"column":4},"end":{"line":19,"column":53}},"8":{"start":{"line":21,"column":2},"end":{"line":21,"column":16}},"9":{"start":{"line":24,"column":0},"end":{"line":39,"column":2}},"10":{"start":{"line":26,"column":4},"end":{"line":28,"column":5}},"11":{"start":{"line":27,"column":6},"end":{"line":27,"column":27}},"12":{"start":{"line":29,"column":4},"end":{"line":29,"column":20}},"13":{"start":{"line":32,"column":4},"end":{"line":36,"column":5}},"14":{"start":{"line":33,"column":6},"end":{"line":33,"column":58}},"15":{"start":{"line":35,"column":6},"end":{"line":35,"column":53}},"16":{"start":{"line":37,"column":4},"end":{"line":37,"column":16}}},"fnMap":{"0":{"name":"(anonymous_0)","decl":{"start":{"line":10,"column":20},"end":{"line":10,"column":21}},"loc":{"start":{"line":10,"column":32},"end":{"line":13,"column":3}},"line":10},"1":{"name":"(anonymous_1)","decl":{"start":{"line":16,"column":37},"end":{"line":16,"column":38}},"loc":{"start":{"line":16,"column":55},"end":{"line":22,"column":1}},"line":16},"2":{"name":"(anonymous_2)","decl":{"start":{"line":25,"column":2},"end":{"line":25,"column":3}},"loc":{"start":{"line":25,"column":16},"end":{"line":30,"column":3}},"line":25},"3":{"name":"(anonymous_3)","decl":{"start":{"line":31,"column":2},"end":{"line":31,"column":3}},"loc":{"start":{"line":31,"column":13},"end":{"line":38,"column":3}},"line":31}},"branchMap":{"0":{"loc":{"start":{"line":18,"column":2},"end":{"line":20,"column":3}},"type":"if","locations":[{"start":{"line":18,"column":2},"end":{"line":20,"column":3}},{"start":{},"end":{}}],"line":18},"1":{"loc":{"start":{"line":26,"column":4},"end":{"line":28,"column":5}},"type":"if","locations":[{"start":{"line":26,"column":4},"end":{"line":28,"column":5}},{"start":{},"end":{}}],"line":26},"2":{"loc":{"start":{"line":26,"column":8},"end":{"line":26,"column":33}},"type":"binary-expr","locations":[{"start":{"line":26,"column":8},"end":{"line":26,"column":16}},{"start":{"line":26,"column":20},"end":{"line":26,"column":33}}],"line":26},"3":{"loc":{"start":{"line":32,"column":4},"end":{"line":36,"column":5}},"type":"if","locations":[{"start":{"line":32,"column":4},"end":{"line":36,"column":5}},{"start":{"line":34,"column":11},"end":{"line":36,"column":5}}],"line":32}},"s":{"0":7,"1":7,"2":0,"3":0,"4":7,"5":0,"6":0,"7":0,"8":0,"9":7,"10":0,"11":0,"12":0,"13":0,"14":0,"15":0,"16":0},"f":{"0":0,"1":0,"2":0,"3":0},"b":{"0":[0,0],"1":[0,0],"2":[0,0],"3":[0,0]},"_coverageSchema":"1a1c01bbd47fc00a2c39e90264f33305004495a9","hash":"74672c049789d2b04b191c50986314784c0a45d2"}
,"D:\\SGU\\Nam3\\HK1\\KiemThuPhanMem\\Project\\software-testing\\frontend\\src\\services\\productService.js": {"path":"D:\\SGU\\Nam3\\HK1\\KiemThuPhanMem\\Project\\software-testing\\frontend\\src\\services\\productService.js","statementMap":{"0":{"start":{"line":3,"column":25},"end":{"line":3,"column":36}},"1":{"start":{"line":9,"column":27},"end":{"line":30,"column":1}},"2":{"start":{"line":17,"column":17},"end":{"line":17,"column":38}},"3":{"start":{"line":19,"column":2},"end":{"line":19,"column":30}},"4":{"start":{"line":20,"column":2},"end":{"line":20,"column":30}},"5":{"start":{"line":22,"column":2},"end":{"line":22,"column":44}},"6":{"start":{"line":22,"column":14},"end":{"line":22,"column":44}},"7":{"start":{"line":23,"column":2},"end":{"line":23,"column":52}},"8":{"start":{"line":23,"column":16},"end":{"line":23,"column":52}},"9":{"start":{"line":24,"column":2},"end":{"line":27,"column":3}},"10":{"start":{"line":25,"column":4},"end":{"line":25,"column":36}},"11":{"start":{"line":26,"column":4},"end":{"line":26,"column":38}},"12":{"start":{"line":29,"column":2},"end":{"line":29,"column":59}},"13":{"start":{"line":36,"column":30},"end":{"line":38,"column":1}},"14":{"start":{"line":37,"column":2},"end":{"line":37,"column":61}},"15":{"start":{"line":49,"column":29},"end":{"line":51,"column":1}},"16":{"start":{"line":50,"column":2},"end":{"line":50,"column":57}},"17":{"start":{"line":59,"column":29},"end":{"line":61,"column":1}},"18":{"start":{"line":60,"column":2},"end":{"line":60,"column":74}},"19":{"start":{"line":68,"column":29},"end":{"line":71,"column":1}},"20":{"start":{"line":70,"column":2},"end":{"line":70,"column":64}}},"fnMap":{"0":{"name":"(anonymous_0)","decl":{"start":{"line":9,"column":27},"end":{"line":9,"column":28}},"loc":{"start":{"line":16,"column":5},"end":{"line":30,"column":1}},"line":16},"1":{"name":"(anonymous_1)","decl":{"start":{"line":36,"column":30},"end":{"line":36,"column":31}},"loc":{"start":{"line":36,"column":51},"end":{"line":38,"column":1}},"line":36},"2":{"name":"(anonymous_2)","decl":{"start":{"line":49,"column":29},"end":{"line":49,"column":30}},"loc":{"start":{"line":49,"column":52},"end":{"line":51,"column":1}},"line":49},"3":{"name":"(anonymous_3)","decl":{"start":{"line":59,"column":29},"end":{"line":59,"column":30}},"loc":{"start":{"line":59,"column":63},"end":{"line":61,"column":1}},"line":59},"4":{"name":"(anonymous_4)","decl":{"start":{"line":68,"column":29},"end":{"line":68,"column":30}},"loc":{"start":{"line":68,"column":50},"end":{"line":71,"column":1}},"line":68}},"branchMap":{"0":{"loc":{"start":{"line":10,"column":2},"end":{"line":10,"column":10}},"type":"default-arg","locations":[{"start":{"line":10,"column":9},"end":{"line":10,"column":10}}],"line":10},"1":{"loc":{"start":{"line":11,"column":2},"end":{"line":11,"column":10}},"type":"default-arg","locations":[{"start":{"line":11,"column":9},"end":{"line":11,"column":10}}],"line":11},"2":{"loc":{"start":{"line":12,"column":2},"end":{"line":12,"column":13}},"type":"default-arg","locations":[{"start":{"line":12,"column":11},"end":{"line":12,"column":13}}],"line":12},"3":{"loc":{"start":{"line":13,"column":2},"end":{"line":13,"column":15}},"type":"default-arg","locations":[{"start":{"line":13,"column":13},"end":{"line":13,"column":15}}],"line":13},"4":{"loc":{"start":{"line":14,"column":2},"end":{"line":14,"column":15}},"type":"default-arg","locations":[{"start":{"line":14,"column":11},"end":{"line":14,"column":15}}],"line":14},"5":{"loc":{"start":{"line":15,"column":2},"end":{"line":15,"column":17}},"type":"default-arg","locations":[{"start":{"line":15,"column":12},"end":{"line":15,"column":17}}],"line":15},"6":{"loc":{"start":{"line":22,"column":2},"end":{"line":22,"column":44}},"type":"if","locations":[{"start":{"line":22,"column":2},"end":{"line":22,"column":44}},{"start":{},"end":{}}],"line":22},"7":{"loc":{"start":{"line":23,"column":2},"end":{"line":23,"column":52}},"type":"if","locations":[{"start":{"line":23,"column":2},"end":{"line":23,"column":52}},{"start":{},"end":{}}],"line":23},"8":{"loc":{"start":{"line":24,"column":2},"end":{"line":27,"column":3}},"type":"if","locations":[{"start":{"line":24,"column":2},"end":{"line":27,"column":3}},{"start":{},"end":{}}],"line":24}},"s":{"0":5,"1":5,"2":0,"3":0,"4":0,"5":0,"6":0,"7":0,"8":0,"9":0,"10":0,"11":0,"12":0,"13":5,"14":0,"15":5,"16":0,"17":5,"18":0,"19":5,"20":0},"f":{"0":0,"1":0,"2":0,"3":0,"4":0},"b":{"0":[0],"1":[0],"2":[0],"3":[0],"4":[0],"5":[0],"6":[0,0],"7":[0,0],"8":[0,0]},"_coverageSchema":"1a1c01bbd47fc00a2c39e90264f33305004495a9","hash":"e82de7360f95ce456a44c9a115614206339cf108"}
,"D:\\SGU\\Nam3\\HK1\\KiemThuPhanMem\\Project\\software-testing\\frontend\\src\\utils\\productValidation.js": {"path":"D:\\SGU\\Nam3\\HK1\\KiemThuPhanMem\\Project\\software-testing\\frontend\\src\\utils\\productValidation.js","statementMap":{"0":{"start":{"line":2,"column":17},"end":{"line":2,"column":19}},"1":{"start":{"line":5,"column":2},"end":{"line":11,"column":3}},"2":{"start":{"line":6,"column":4},"end":{"line":6,"column":53}},"3":{"start":{"line":7,"column":9},"end":{"line":11,"column":3}},"4":{"start":{"line":8,"column":4},"end":{"line":8,"column":57}},"5":{"start":{"line":9,"column":9},"end":{"line":11,"column":3}},"6":{"start":{"line":10,"column":4},"end":{"line":10,"column":63}},"7":{"start":{"line":14,"column":2},"end":{"line":24,"column":3}},"8":{"start":{"line":19,"column":4},"end":{"line":19,"column":54}},"9":{"start":{"line":20,"column":9},"end":{"line":24,"column":3}},"10":{"start":{"line":21,"column":4},"end":{"line":21,"column":59}},"11":{"start":{"line":22,"column":9},"end":{"line":24,"column":3}},"12":{"start":{"line":23,"column":4},"end":{"line":23,"column":66}},"13":{"start":{"line":27,"column":2},"end":{"line":37,"column":3}},"14":{"start":{"line":32,"column":4},"end":{"line":32,"column":53}},"15":{"start":{"line":33,"column":9},"end":{"line":37,"column":3}},"16":{"start":{"line":34,"column":4},"end":{"line":34,"column":58}},"17":{"start":{"line":35,"column":9},"end":{"line":37,"column":3}},"18":{"start":{"line":36,"column":4},"end":{"line":36,"column":60}},"19":{"start":{"line":40,"column":2},"end":{"line":42,"column":3}},"20":{"start":{"line":41,"column":4},"end":{"line":41,"column":63}},"21":{"start":{"line":45,"column":26},"end":{"line":45,"column":62}},"22":{"start":{"line":46,"column":2},"end":{"line":48,"column":3}},"23":{"start":{"line":47,"column":4},"end":{"line":47,"column":46}},"24":{"start":{"line":50,"column":2},"end":{"line":50,"column":16}}},"fnMap":{"0":{"name":"validateProduct","decl":{"start":{"line":1,"column":16},"end":{"line":1,"column":31}},"loc":{"start":{"line":1,"column":41},"end":{"line":51,"column":1}},"line":1}},"branchMap":{"0":{"loc":{"start":{"line":5,"column":2},"end":{"line":11,"column":3}},"type":"if","locations":[{"start":{"line":5,"column":2},"end":{"line":11,"column":3}},{"start":{"line":7,"column":9},"end":{"line":11,"column":3}}],"line":5},"1":{"loc":{"start":{"line":7,"column":9},"end":{"line":11,"column":3}},"type":"if","locations":[{"start":{"line":7,"column":9},"end":{"line":11,"column":3}},{"start":{"line":9,"column":9},"end":{"line":11,"column":3}}],"line":7},"2":{"loc":{"start":{"line":9,"column":9},"end":{"line":11,"column":3}},"type":"if","locations":[{"start":{"line":9,"column":9},"end":{"line":11,"column":3}},{"start":{},"end":{}}],"line":9},"3":{"loc":{"start":{"line":14,"column":2},"end":{"line":24,"column":3}},"type":"if","locations":[{"start":{"line":14,"column":2},"end":{"line":24,"column":3}},{"start":{"line":20,"column":9},"end":{"line":24,"column":3}}],"line":14},"4":{"loc":{"start":{"line":15,"column":4},"end":{"line":17,"column":24}},"type":"binary-expr","locations":[{"start":{"line":15,"column":4},"end":{"line":15,"column":31}},{"start":{"line":16,"column":4},"end":{"line":16,"column":26}},{"start":{"line":17,"column":4},"end":{"line":17,"column":24}}],"line":15},"5":{"loc":{"start":{"line":20,"column":9},"end":{"line":24,"column":3}},"type":"if","locations":[{"start":{"line":20,"column":9},"end":{"line":24,"column":3}},{"start":{"line":22,"column":9},"end":{"line":24,"column":3}}],"line":20},"6":{"loc":{"start":{"line":22,"column":9},"end":{"line":24,"column":3}},"type":"if","locations":[{"start":{"line":22,"column":9},"end":{"line":24,"column":3}},{"start":{},"end":{}}],"line":22},"7":{"loc":{"start":{"line":27,"column":2},"end":{"line":37,"column":3}},"type":"if","locations":[{"start":{"line":27,"column":2},"end":{"line":37,"column":3}},{"start":{"line":33,"column":9},"end":{"line":37,"column":3}}],"line":27},"8":{"loc":{"start":{"line":28,"column":4},"end":{"line":30,"column":27}},"type":"binary-expr","locations":[{"start":{"line":28,"column":4},"end":{"line":28,"column":34}},{"start":{"line":29,"column":4},"end":{"line":29,"column":29}},{"start":{"line":30,"column":4},"end":{"line":30,"column":27}}],"line":28},"9":{"loc":{"start":{"line":33,"column":9},"end":{"line":37,"column":3}},"type":"if","locations":[{"start":{"line":33,"column":9},"end":{"line":37,"column":3}},{"start":{"line":35,"column":9},"end":{"line":37,"column":3}}],"line":33},"10":{"loc":{"start":{"line":35,"column":9},"end":{"line":37,"column":3}},"type":"if","locations":[{"start":{"line":35,"column":9},"end":{"line":37,"column":3}},{"start":{},"end":{}}],"line":35},"11":{"loc":{"start":{"line":40,"column":2},"end":{"line":42,"column":3}},"type":"if","locations":[{"start":{"line":40,"column":2},"end":{"line":42,"column":3}},{"start":{},"end":{}}],"line":40},"12":{"loc":{"start":{"line":40,"column":6},"end":{"line":40,"column":61}},"type":"binary-expr","locations":[{"start":{"line":40,"column":6},"end":{"line":40,"column":25}},{"start":{"line":40,"column":29},"end":{"line":40,"column":61}}],"line":40},"13":{"loc":{"start":{"line":46,"column":2},"end":{"line":48,"column":3}},"type":"if","locations":[{"start":{"line":46,"column":2},"end":{"line":48,"column":3}},{"start":{},"end":{}}],"line":46},"14":{"loc":{"start":{"line":46,"column":6},"end":{"line":46,"column":70}},"type":"binary-expr","locations":[{"start":{"line":46,"column":6},"end":{"line":46,"column":23}},{"start":{"line":46,"column":27},"end":{"line":46,"column":70}}],"line":46}},"s":{"0":18,"1":18,"2":2,"3":16,"4":1,"5":15,"6":1,"7":18,"8":1,"9":17,"10":3,"11":14,"12":1,"13":18,"14":1,"15":17,"16":1,"17":16,"18":1,"19":18,"20":1,"21":18,"22":18,"23":1,"24":18},"f":{"0":18},"b":{"0":[2,16],"1":[1,15],"2":[1,14],"3":[1,17],"4":[18,17,17],"5":[3,14],"6":[1,13],"7":[1,17],"8":[18,17,17],"9":[1,16],"10":[1,15],"11":[1,17],"12":[18,12],"13":[1,17],"14":[18,18]},"_coverageSchema":"1a1c01bbd47fc00a2c39e90264f33305004495a9","hash":"2aafc28e65d9dcde22236d161d096c88ac3de948"}
,"D:\\SGU\\Nam3\\HK1\\KiemThuPhanMem\\Project\\software-testing\\frontend\\src\\utils\\validation.js": {"path":"D:\\SGU\\Nam3\\HK1\\KiemThuPhanMem\\Project\\software-testing\\frontend\\src\\utils\\validation.js","statementMap":{"0":{"start":{"line":2,"column":2},"end":{"line":2,"column":69}},"1":{"start":{"line":2,"column":26},"end":{"line":2,"column":69}},"2":{"start":{"line":3,"column":2},"end":{"line":3,"column":64}},"3":{"start":{"line":3,"column":17},"end":{"line":3,"column":64}},"4":{"start":{"line":4,"column":2},"end":{"line":4,"column":70}},"5":{"start":{"line":4,"column":18},"end":{"line":4,"column":70}},"6":{"start":{"line":5,"column":2},"end":{"line":5,"column":83}},"7":{"start":{"line":5,"column":32},"end":{"line":5,"column":83}},"8":{"start":{"line":6,"column":2},"end":{"line":6,"column":12}},"9":{"start":{"line":9,"column":2},"end":{"line":9,"column":64}},"10":{"start":{"line":9,"column":26},"end":{"line":9,"column":64}},"11":{"start":{"line":10,"column":2},"end":{"line":10,"column":59}},"12":{"start":{"line":10,"column":17},"end":{"line":10,"column":59}},"13":{"start":{"line":11,"column":2},"end":{"line":11,"column":88}},"14":{"start":{"line":11,"column":47},"end":{"line":11,"column":88}},"15":{"start":{"line":12,"column":2},"end":{"line":12,"column":12}}},"fnMap":{"0":{"name":"validateUsername","decl":{"start":{"line":1,"column":16},"end":{"line":1,"column":32}},"loc":{"start":{"line":1,"column":35},"end":{"line":7,"column":1}},"line":1},"1":{"name":"validatePassword","decl":{"start":{"line":8,"column":16},"end":{"line":8,"column":32}},"loc":{"start":{"line":8,"column":35},"end":{"line":13,"column":1}},"line":8}},"branchMap":{"0":{"loc":{"start":{"line":2,"column":2},"end":{"line":2,"column":69}},"type":"if","locations":[{"start":{"line":2,"column":2},"end":{"line":2,"column":69}},{"start":{},"end":{}}],"line":2},"1":{"loc":{"start":{"line":2,"column":5},"end":{"line":2,"column":24}},"type":"binary-expr","locations":[{"start":{"line":2,"column":5},"end":{"line":2,"column":7}},{"start":{"line":2,"column":11},"end":{"line":2,"column":24}}],"line":2},"2":{"loc":{"start":{"line":3,"column":2},"end":{"line":3,"column":64}},"type":"if","locations":[{"start":{"line":3,"column":2},"end":{"line":3,"column":64}},{"start":{},"end":{}}],"line":3},"3":{"loc":{"start":{"line":4,"column":2},"end":{"line":4,"column":70}},"type":"if","locations":[{"start":{"line":4,"column":2},"end":{"line":4,"column":70}},{"start":{},"end":{}}],"line":4},"4":{"loc":{"start":{"line":5,"column":2},"end":{"line":5,"column":83}},"type":"if","locations":[{"start":{"line":5,"column":2},"end":{"line":5,"column":83}},{"start":{},"end":{}}],"line":5},"5":{"loc":{"start":{"line":9,"column":2},"end":{"line":9,"column":64}},"type":"if","locations":[{"start":{"line":9,"column":2},"end":{"line":9,"column":64}},{"start":{},"end":{}}],"line":9},"6":{"loc":{"start":{"line":9,"column":5},"end":{"line":9,"column":24}},"type":"binary-expr","locations":[{"start":{"line":9,"column":5},"end":{"line":9,"column":7}},{"start":{"line":9,"column":11},"end":{"line":9,"column":24}}],"line":9},"7":{"loc":{"start":{"line":10,"column":2},"end":{"line":10,"column":59}},"type":"if","locations":[{"start":{"line":10,"column":2},"end":{"line":10,"column":59}},{"start":{},"end":{}}],"line":10},"8":{"loc":{"start":{"line":11,"column":2},"end":{"line":11,"column":88}},"type":"if","locations":[{"start":{"line":11,"column":2},"end":{"line":11,"column":88}},{"start":{},"end":{}}],"line":11},"9":{"loc":{"start":{"line":11,"column":7},"end":{"line":11,"column":44}},"type":"binary-expr","locations":[{"start":{"line":11,"column":7},"end":{"line":11,"column":25}},{"start":{"line":11,"column":29},"end":{"line":11,"column":44}}],"line":11}},"s":{"0":8,"1":2,"2":6,"3":1,"4":5,"5":1,"6":4,"7":1,"8":3,"9":8,"10":2,"11":6,"12":1,"13":5,"14":2,"15":3},"f":{"0":8,"1":8},"b":{"0":[2,6],"1":[8,6],"2":[1,5],"3":[1,4],"4":[1,3],"5":[2,6],"6":[8,6],"7":[1,5],"8":[2,3],"9":[5,4]},"_coverageSchema":"1a1c01bbd47fc00a2c39e90264f33305004495a9","hash":"80746213590626b4de05d16662281d6a5646ea1c"}
}
