{"D:\\software-testing\\frontend\\src\\App.jsx": {"path":"D:\\software-testing\\frontend\\src\\App.jsx","statementMap":{"0":{"start":{"line":11,"column":17},"end":{"line":39,"column":3}},"1":{"start":{"line":41,"column":2},"end":{"line":43,"column":9}},"2":{"start":{"line":42,"column":4},"end":{"line":42,"column":44}},"3":{"start":{"line":45,"column":23},"end":{"line":50,"column":3}},"4":{"start":{"line":47,"column":4},"end":{"line":49,"column":20}},"5":{"start":{"line":52,"column":2},"end":{"line":74,"column":4}}},"fnMap":{"0":{"name":"App","decl":{"start":{"line":10,"column":24},"end":{"line":10,"column":27}},"loc":{"start":{"line":10,"column":30},"end":{"line":75,"column":1}},"line":10},"1":{"name":"(anonymous_1)","decl":{"start":{"line":41,"column":12},"end":{"line":41,"column":13}},"loc":{"start":{"line":41,"column":18},"end":{"line":43,"column":3}},"line":41},"2":{"name":"(anonymous_2)","decl":{"start":{"line":45,"column":23},"end":{"line":45,"column":24}},"loc":{"start":{"line":45,"column":33},"end":{"line":50,"column":3}},"line":45}},"branchMap":{"0":{"loc":{"start":{"line":47,"column":11},"end":{"line":49,"column":19}},"type":"cond-expr","locations":[{"start":{"line":48,"column":8},"end":{"line":48,"column":48}},{"start":{"line":49,"column":8},"end":{"line":49,"column":19}}],"line":47}},"s":{"0":0,"1":0,"2":0,"3":0,"4":0,"5":0},"f":{"0":0,"1":0,"2":0},"b":{"0":[0,0]}}
,"D:\\software-testing\\frontend\\src\\components\\Login.jsx": {"path":"D:\\software-testing\\frontend\\src\\components\\Login.jsx","statementMap":{"0":{"start":{"line":6,"column":34},"end":{"line":6,"column":46}},"1":{"start":{"line":7,"column":34},"end":{"line":7,"column":46}},"2":{"start":{"line":8,"column":24},"end":{"line":8,"column":36}},"3":{"start":{"line":9,"column":32},"end":{"line":9,"column":44}},"4":{"start":{"line":10,"column":44},"end":{"line":10,"column":56}},"5":{"start":{"line":11,"column":44},"end":{"line":11,"column":56}},"6":{"start":{"line":12,"column":36},"end":{"line":12,"column":51}},"7":{"start":{"line":14,"column":17},"end":{"line":41,"column":3}},"8":{"start":{"line":15,"column":4},"end":{"line":15,"column":23}},"9":{"start":{"line":16,"column":17},"end":{"line":16,"column":43}},"10":{"start":{"line":17,"column":17},"end":{"line":17,"column":43}},"11":{"start":{"line":19,"column":4},"end":{"line":19,"column":33}},"12":{"start":{"line":20,"column":4},"end":{"line":20,"column":33}},"13":{"start":{"line":21,"column":4},"end":{"line":21,"column":15}},"14":{"start":{"line":23,"column":4},"end":{"line":23,"column":29}},"15":{"start":{"line":23,"column":22},"end":{"line":23,"column":29}},"16":{"start":{"line":25,"column":4},"end":{"line":25,"column":23}},"17":{"start":{"line":26,"column":4},"end":{"line":40,"column":5}},"18":{"start":{"line":27,"column":18},"end":{"line":27,"column":49}},"19":{"start":{"line":28,"column":6},"end":{"line":34,"column":7}},"20":{"start":{"line":29,"column":8},"end":{"line":29,"column":54}},"21":{"start":{"line":30,"column":8},"end":{"line":30,"column":30}},"22":{"start":{"line":32,"column":8},"end":{"line":32,"column":52}},"23":{"start":{"line":33,"column":8},"end":{"line":33,"column":28}},"24":{"start":{"line":36,"column":6},"end":{"line":36,"column":52}},"25":{"start":{"line":37,"column":6},"end":{"line":37,"column":26}},"26":{"start":{"line":39,"column":6},"end":{"line":39,"column":26}},"27":{"start":{"line":44,"column":17},"end":{"line":118,"column":3}},"28":{"start":{"line":120,"column":2},"end":{"line":183,"column":4}},"29":{"start":{"line":142,"column":31},"end":{"line":142,"column":58}},"30":{"start":{"line":162,"column":31},"end":{"line":162,"column":58}}},"fnMap":{"0":{"name":"Login","decl":{"start":{"line":5,"column":24},"end":{"line":5,"column":29}},"loc":{"start":{"line":5,"column":32},"end":{"line":184,"column":1}},"line":5},"1":{"name":"(anonymous_1)","decl":{"start":{"line":14,"column":17},"end":{"line":14,"column":18}},"loc":{"start":{"line":14,"column":30},"end":{"line":41,"column":3}},"line":14},"2":{"name":"(anonymous_2)","decl":{"start":{"line":142,"column":24},"end":{"line":142,"column":25}},"loc":{"start":{"line":142,"column":31},"end":{"line":142,"column":58}},"line":142},"3":{"name":"(anonymous_3)","decl":{"start":{"line":162,"column":24},"end":{"line":162,"column":25}},"loc":{"start":{"line":162,"column":31},"end":{"line":162,"column":58}},"line":162}},"branchMap":{"0":{"loc":{"start":{"line":19,"column":21},"end":{"line":19,"column":31}},"type":"binary-expr","locations":[{"start":{"line":19,"column":21},"end":{"line":19,"column":25}},{"start":{"line":19,"column":29},"end":{"line":19,"column":31}}],"line":19},"1":{"loc":{"start":{"line":20,"column":21},"end":{"line":20,"column":31}},"type":"binary-expr","locations":[{"start":{"line":20,"column":21},"end":{"line":20,"column":25}},{"start":{"line":20,"column":29},"end":{"line":20,"column":31}}],"line":20},"2":{"loc":{"start":{"line":23,"column":4},"end":{"line":23,"column":29}},"type":"if","locations":[{"start":{"line":23,"column":4},"end":{"line":23,"column":29}},{"start":{},"end":{}}],"line":23},"3":{"loc":{"start":{"line":23,"column":8},"end":{"line":23,"column":20}},"type":"binary-expr","locations":[{"start":{"line":23,"column":8},"end":{"line":23,"column":12}},{"start":{"line":23,"column":16},"end":{"line":23,"column":20}}],"line":23},"4":{"loc":{"start":{"line":28,"column":6},"end":{"line":34,"column":7}},"type":"if","locations":[{"start":{"line":28,"column":6},"end":{"line":34,"column":7}},{"start":{"line":31,"column":13},"end":{"line":34,"column":7}}],"line":28},"5":{"loc":{"start":{"line":29,"column":15},"end":{"line":29,"column":52}},"type":"binary-expr","locations":[{"start":{"line":29,"column":15},"end":{"line":29,"column":26}},{"start":{"line":29,"column":30},"end":{"line":29,"column":52}}],"line":29},"6":{"loc":{"start":{"line":32,"column":15},"end":{"line":32,"column":50}},"type":"binary-expr","locations":[{"start":{"line":32,"column":15},"end":{"line":32,"column":26}},{"start":{"line":32,"column":30},"end":{"line":32,"column":50}}],"line":32},"7":{"loc":{"start":{"line":104,"column":14},"end":{"line":104,"column":51}},"type":"cond-expr","locations":[{"start":{"line":104,"column":26},"end":{"line":104,"column":39}},{"start":{"line":104,"column":42},"end":{"line":104,"column":51}}],"line":104},"8":{"loc":{"start":{"line":106,"column":15},"end":{"line":106,"column":34}},"type":"cond-expr","locations":[{"start":{"line":106,"column":27},"end":{"line":106,"column":30}},{"start":{"line":106,"column":33},"end":{"line":106,"column":34}}],"line":106},"9":{"loc":{"start":{"line":114,"column":23},"end":{"line":114,"column":68}},"type":"cond-expr","locations":[{"start":{"line":114,"column":47},"end":{"line":114,"column":56}},{"start":{"line":114,"column":59},"end":{"line":114,"column":68}}],"line":114},"10":{"loc":{"start":{"line":115,"column":27},"end":{"line":115,"column":72}},"type":"cond-expr","locations":[{"start":{"line":115,"column":51},"end":{"line":115,"column":60}},{"start":{"line":115,"column":63},"end":{"line":115,"column":72}}],"line":115},"11":{"loc":{"start":{"line":116,"column":13},"end":{"line":116,"column":58}},"type":"cond-expr","locations":[{"start":{"line":116,"column":37},"end":{"line":116,"column":46}},{"start":{"line":116,"column":49},"end":{"line":116,"column":58}}],"line":116},"12":{"loc":{"start":{"line":125,"column":9},"end":{"line":129,"column":9}},"type":"binary-expr","locations":[{"start":{"line":125,"column":9},"end":{"line":125,"column":12}},{"start":{"line":126,"column":10},"end":{"line":128,"column":16}}],"line":125},"13":{"loc":{"start":{"line":139,"column":20},"end":{"line":139,"column":58}},"type":"cond-expr","locations":[{"start":{"line":139,"column":36},"end":{"line":139,"column":53}},{"start":{"line":139,"column":56},"end":{"line":139,"column":58}}],"line":139},"14":{"loc":{"start":{"line":145,"column":13},"end":{"line":149,"column":13}},"type":"binary-expr","locations":[{"start":{"line":145,"column":13},"end":{"line":145,"column":26}},{"start":{"line":146,"column":14},"end":{"line":148,"column":20}}],"line":145},"15":{"loc":{"start":{"line":159,"column":20},"end":{"line":159,"column":58}},"type":"cond-expr","locations":[{"start":{"line":159,"column":36},"end":{"line":159,"column":53}},{"start":{"line":159,"column":56},"end":{"line":159,"column":58}}],"line":159},"16":{"loc":{"start":{"line":165,"column":13},"end":{"line":169,"column":13}},"type":"binary-expr","locations":[{"start":{"line":165,"column":13},"end":{"line":165,"column":26}},{"start":{"line":166,"column":14},"end":{"line":168,"column":20}}],"line":165},"17":{"loc":{"start":{"line":178,"column":13},"end":{"line":178,"column":54}},"type":"cond-expr","locations":[{"start":{"line":178,"column":25},"end":{"line":178,"column":40}},{"start":{"line":178,"column":43},"end":{"line":178,"column":54}}],"line":178}},"s":{"0":12,"1":12,"2":12,"3":12,"4":12,"5":12,"6":12,"7":12,"8":3,"9":3,"10":3,"11":3,"12":3,"13":3,"14":3,"15":1,"16":2,"17":2,"18":2,"19":2,"20":1,"21":1,"22":1,"23":1,"24":0,"25":0,"26":2,"27":12,"28":12,"29":2,"30":2},"f":{"0":12,"1":3,"2":2,"3":2},"b":{"0":[3,2],"1":[3,2],"2":[1,2],"3":[3,2],"4":[1,1],"5":[1,0],"6":[1,0],"7":[2,10],"8":[2,10],"9":[1,11],"10":[1,11],"11":[1,11],"12":[12,2],"13":[1,11],"14":[12,1],"15":[1,11],"16":[12,1],"17":[2,10]},"_coverageSchema":"1a1c01bbd47fc00a2c39e90264f33305004495a9","hash":"14a6289a77e87835ce35d2acfa19abc0ef66d72a"}
,"D:\\software-testing\\frontend\\src\\components\\ProductDetail.jsx": {"path":"D:\\software-testing\\frontend\\src\\components\\ProductDetail.jsx","statementMap":{"0":{"start":{"line":4,"column":22},"end":{"line":62,"column":1}},"1":{"start":{"line":5,"column":32},"end":{"line":5,"column":46}},"2":{"start":{"line":6,"column":30},"end":{"line":6,"column":49}},"3":{"start":{"line":7,"column":32},"end":{"line":7,"column":44}},"4":{"start":{"line":9,"column":2},"end":{"line":25,"column":18}},"5":{"start":{"line":10,"column":4},"end":{"line":24,"column":5}},"6":{"start":{"line":11,"column":6},"end":{"line":11,"column":27}},"7":{"start":{"line":12,"column":6},"end":{"line":23,"column":11}},"8":{"start":{"line":15,"column":10},"end":{"line":15,"column":27}},"9":{"start":{"line":16,"column":10},"end":{"line":16,"column":31}},"10":{"start":{"line":19,"column":10},"end":{"line":21,"column":12}},"11":{"start":{"line":22,"column":10},"end":{"line":22,"column":29}},"12":{"start":{"line":27,"column":2},"end":{"line":29,"column":3}},"13":{"start":{"line":28,"column":4},"end":{"line":28,"column":78}},"14":{"start":{"line":31,"column":2},"end":{"line":33,"column":3}},"15":{"start":{"line":32,"column":4},"end":{"line":32,"column":59}},"16":{"start":{"line":35,"column":2},"end":{"line":37,"column":3}},"17":{"start":{"line":36,"column":4},"end":{"line":36,"column":43}},"18":{"start":{"line":39,"column":2},"end":{"line":61,"column":4}}},"fnMap":{"0":{"name":"(anonymous_0)","decl":{"start":{"line":4,"column":22},"end":{"line":4,"column":23}},"loc":{"start":{"line":4,"column":41},"end":{"line":62,"column":1}},"line":4},"1":{"name":"(anonymous_1)","decl":{"start":{"line":9,"column":12},"end":{"line":9,"column":13}},"loc":{"start":{"line":9,"column":18},"end":{"line":25,"column":3}},"line":9},"2":{"name":"(anonymous_2)","decl":{"start":{"line":14,"column":14},"end":{"line":14,"column":15}},"loc":{"start":{"line":14,"column":24},"end":{"line":17,"column":9}},"line":14},"3":{"name":"(anonymous_3)","decl":{"start":{"line":18,"column":15},"end":{"line":18,"column":16}},"loc":{"start":{"line":18,"column":26},"end":{"line":23,"column":9}},"line":18}},"branchMap":{"0":{"loc":{"start":{"line":10,"column":4},"end":{"line":24,"column":5}},"type":"if","locations":[{"start":{"line":10,"column":4},"end":{"line":24,"column":5}},{"start":{},"end":{}}],"line":10},"1":{"loc":{"start":{"line":20,"column":46},"end":{"line":20,"column":77}},"type":"binary-expr","locations":[{"start":{"line":20,"column":46},"end":{"line":20,"column":59}},{"start":{"line":20,"column":63},"end":{"line":20,"column":77}}],"line":20},"2":{"loc":{"start":{"line":27,"column":2},"end":{"line":29,"column":3}},"type":"if","locations":[{"start":{"line":27,"column":2},"end":{"line":29,"column":3}},{"start":{},"end":{}}],"line":27},"3":{"loc":{"start":{"line":31,"column":2},"end":{"line":33,"column":3}},"type":"if","locations":[{"start":{"line":31,"column":2},"end":{"line":33,"column":3}},{"start":{},"end":{}}],"line":31},"4":{"loc":{"start":{"line":35,"column":2},"end":{"line":37,"column":3}},"type":"if","locations":[{"start":{"line":35,"column":2},"end":{"line":37,"column":3}},{"start":{},"end":{}}],"line":35},"5":{"loc":{"start":{"line":58,"column":33},"end":{"line":58,"column":72}},"type":"binary-expr","locations":[{"start":{"line":58,"column":33},"end":{"line":58,"column":52}},{"start":{"line":58,"column":56},"end":{"line":58,"column":72}}],"line":58}},"s":{"0":2,"1":6,"2":6,"3":6,"4":6,"5":3,"6":3,"7":3,"8":2,"9":2,"10":1,"11":1,"12":6,"13":3,"14":3,"15":1,"16":2,"17":0,"18":2},"f":{"0":6,"1":3,"2":2,"3":1},"b":{"0":[3,0],"1":[1,0],"2":[3,3],"3":[1,2],"4":[0,2],"5":[2,0]},"_coverageSchema":"1a1c01bbd47fc00a2c39e90264f33305004495a9","hash":"a319c3b732913679d008f54845f29e928642fff0"}
,"D:\\software-testing\\frontend\\src\\components\\ProductForm.jsx": {"path":"D:\\software-testing\\frontend\\src\\components\\ProductForm.jsx","statementMap":{"0":{"start":{"line":5,"column":19},"end":{"line":5,"column":55}},"1":{"start":{"line":7,"column":28},"end":{"line":13,"column":1}},"2":{"start":{"line":16,"column":20},"end":{"line":347,"column":1}},"3":{"start":{"line":17,"column":32},"end":{"line":17,"column":61}},"4":{"start":{"line":18,"column":30},"end":{"line":18,"column":42}},"5":{"start":{"line":19,"column":30},"end":{"line":19,"column":42}},"6":{"start":{"line":20,"column":32},"end":{"line":20,"column":44}},"7":{"start":{"line":22,"column":2},"end":{"line":42,"column":24}},"8":{"start":{"line":23,"column":4},"end":{"line":41,"column":5}},"9":{"start":{"line":24,"column":6},"end":{"line":24,"column":27}},"10":{"start":{"line":25,"column":6},"end":{"line":38,"column":11}},"11":{"start":{"line":28,"column":10},"end":{"line":32,"column":13}},"12":{"start":{"line":33,"column":10},"end":{"line":33,"column":24}},"13":{"start":{"line":36,"column":10},"end":{"line":36,"column":54}},"14":{"start":{"line":37,"column":10},"end":{"line":37,"column":29}},"15":{"start":{"line":40,"column":6},"end":{"line":40,"column":38}},"16":{"start":{"line":44,"column":23},"end":{"line":58,"column":3}},"17":{"start":{"line":45,"column":34},"end":{"line":45,"column":42}},"18":{"start":{"line":47,"column":6},"end":{"line":51,"column":15}},"19":{"start":{"line":53,"column":4},"end":{"line":53,"column":58}},"20":{"start":{"line":53,"column":26},"end":{"line":53,"column":55}},"21":{"start":{"line":55,"column":4},"end":{"line":57,"column":5}},"22":{"start":{"line":56,"column":6},"end":{"line":56,"column":53}},"23":{"start":{"line":56,"column":27},"end":{"line":56,"column":50}},"24":{"start":{"line":60,"column":23},"end":{"line":97,"column":3}},"25":{"start":{"line":61,"column":4},"end":{"line":61,"column":23}},"26":{"start":{"line":63,"column":29},"end":{"line":63,"column":53}},"27":{"start":{"line":64,"column":4},"end":{"line":69,"column":5}},"28":{"start":{"line":65,"column":6},"end":{"line":65,"column":34}},"29":{"start":{"line":66,"column":6},"end":{"line":66,"column":25}},"30":{"start":{"line":67,"column":6},"end":{"line":67,"column":61}},"31":{"start":{"line":68,"column":6},"end":{"line":68,"column":13}},"32":{"start":{"line":71,"column":4},"end":{"line":71,"column":25}},"33":{"start":{"line":72,"column":4},"end":{"line":72,"column":18}},"34":{"start":{"line":73,"column":4},"end":{"line":73,"column":19}},"35":{"start":{"line":75,"column":4},"end":{"line":96,"column":5}},"36":{"start":{"line":76,"column":6},"end":{"line":83,"column":7}},"37":{"start":{"line":77,"column":8},"end":{"line":77,"column":69}},"38":{"start":{"line":78,"column":8},"end":{"line":78,"column":51}},"39":{"start":{"line":80,"column":8},"end":{"line":80,"column":52}},"40":{"start":{"line":81,"column":8},"end":{"line":81,"column":47}},"41":{"start":{"line":82,"column":8},"end":{"line":82,"column":40}},"42":{"start":{"line":84,"column":6},"end":{"line":84,"column":27}},"43":{"start":{"line":86,"column":6},"end":{"line":86,"column":33}},"44":{"start":{"line":86,"column":21},"end":{"line":86,"column":33}},"45":{"start":{"line":89,"column":6},"end":{"line":92,"column":15}},"46":{"start":{"line":90,"column":8},"end":{"line":90,"column":23}},"47":{"start":{"line":91,"column":8},"end":{"line":91,"column":22}},"48":{"start":{"line":94,"column":6},"end":{"line":94,"column":78}},"49":{"start":{"line":95,"column":6},"end":{"line":95,"column":25}},"50":{"start":{"line":99,"column":20},"end":{"line":99,"column":79}},"51":{"start":{"line":102,"column":17},"end":{"line":182,"column":3}},"52":{"start":{"line":184,"column":2},"end":{"line":346,"column":4}},"53":{"start":{"line":292,"column":14},"end":{"line":294,"column":23}}},"fnMap":{"0":{"name":"(anonymous_0)","decl":{"start":{"line":16,"column":20},"end":{"line":16,"column":21}},"loc":{"start":{"line":16,"column":63},"end":{"line":347,"column":1}},"line":16},"1":{"name":"(anonymous_1)","decl":{"start":{"line":22,"column":12},"end":{"line":22,"column":13}},"loc":{"start":{"line":22,"column":18},"end":{"line":42,"column":3}},"line":22},"2":{"name":"(anonymous_2)","decl":{"start":{"line":27,"column":14},"end":{"line":27,"column":15}},"loc":{"start":{"line":27,"column":24},"end":{"line":34,"column":9}},"line":27},"3":{"name":"(anonymous_3)","decl":{"start":{"line":35,"column":15},"end":{"line":35,"column":16}},"loc":{"start":{"line":35,"column":21},"end":{"line":38,"column":9}},"line":35},"4":{"name":"(anonymous_4)","decl":{"start":{"line":44,"column":23},"end":{"line":44,"column":24}},"loc":{"start":{"line":44,"column":30},"end":{"line":58,"column":3}},"line":44},"5":{"name":"(anonymous_5)","decl":{"start":{"line":53,"column":15},"end":{"line":53,"column":16}},"loc":{"start":{"line":53,"column":26},"end":{"line":53,"column":55}},"line":53},"6":{"name":"(anonymous_6)","decl":{"start":{"line":56,"column":16},"end":{"line":56,"column":17}},"loc":{"start":{"line":56,"column":27},"end":{"line":56,"column":50}},"line":56},"7":{"name":"(anonymous_7)","decl":{"start":{"line":60,"column":23},"end":{"line":60,"column":24}},"loc":{"start":{"line":60,"column":36},"end":{"line":97,"column":3}},"line":60},"8":{"name":"(anonymous_8)","decl":{"start":{"line":89,"column":17},"end":{"line":89,"column":18}},"loc":{"start":{"line":89,"column":23},"end":{"line":92,"column":7}},"line":89},"9":{"name":"(anonymous_9)","decl":{"start":{"line":291,"column":28},"end":{"line":291,"column":29}},"loc":{"start":{"line":292,"column":14},"end":{"line":294,"column":23}},"line":292}},"branchMap":{"0":{"loc":{"start":{"line":12,"column":12},"end":{"line":12,"column":31}},"type":"binary-expr","locations":[{"start":{"line":12,"column":12},"end":{"line":12,"column":25}},{"start":{"line":12,"column":29},"end":{"line":12,"column":31}}],"line":12},"1":{"loc":{"start":{"line":16,"column":23},"end":{"line":16,"column":45}},"type":"default-arg","locations":[{"start":{"line":16,"column":41},"end":{"line":16,"column":45}}],"line":16},"2":{"loc":{"start":{"line":23,"column":4},"end":{"line":41,"column":5}},"type":"if","locations":[{"start":{"line":23,"column":4},"end":{"line":41,"column":5}},{"start":{"line":39,"column":11},"end":{"line":41,"column":5}}],"line":23},"3":{"loc":{"start":{"line":30,"column":19},"end":{"line":30,"column":34}},"type":"binary-expr","locations":[{"start":{"line":30,"column":19},"end":{"line":30,"column":29}},{"start":{"line":30,"column":33},"end":{"line":30,"column":34}}],"line":30},"4":{"loc":{"start":{"line":31,"column":22},"end":{"line":31,"column":40}},"type":"binary-expr","locations":[{"start":{"line":31,"column":22},"end":{"line":31,"column":35}},{"start":{"line":31,"column":39},"end":{"line":31,"column":40}}],"line":31},"5":{"loc":{"start":{"line":47,"column":6},"end":{"line":51,"column":15}},"type":"cond-expr","locations":[{"start":{"line":48,"column":10},"end":{"line":50,"column":29}},{"start":{"line":51,"column":10},"end":{"line":51,"column":15}}],"line":47},"6":{"loc":{"start":{"line":47,"column":6},"end":{"line":47,"column":66}},"type":"binary-expr","locations":[{"start":{"line":47,"column":6},"end":{"line":47,"column":23}},{"start":{"line":47,"column":27},"end":{"line":47,"column":43}},{"start":{"line":47,"column":47},"end":{"line":47,"column":66}}],"line":47},"7":{"loc":{"start":{"line":48,"column":10},"end":{"line":50,"column":29}},"type":"cond-expr","locations":[{"start":{"line":49,"column":12},"end":{"line":49,"column":14}},{"start":{"line":50,"column":12},"end":{"line":50,"column":29}}],"line":48},"8":{"loc":{"start":{"line":55,"column":4},"end":{"line":57,"column":5}},"type":"if","locations":[{"start":{"line":55,"column":4},"end":{"line":57,"column":5}},{"start":{},"end":{}}],"line":55},"9":{"loc":{"start":{"line":64,"column":4},"end":{"line":69,"column":5}},"type":"if","locations":[{"start":{"line":64,"column":4},"end":{"line":69,"column":5}},{"start":{},"end":{}}],"line":64},"10":{"loc":{"start":{"line":76,"column":6},"end":{"line":83,"column":7}},"type":"if","locations":[{"start":{"line":76,"column":6},"end":{"line":83,"column":7}},{"start":{"line":79,"column":13},"end":{"line":83,"column":7}}],"line":76},"11":{"loc":{"start":{"line":86,"column":6},"end":{"line":86,"column":33}},"type":"if","locations":[{"start":{"line":86,"column":6},"end":{"line":86,"column":33}},{"start":{},"end":{}}],"line":86},"12":{"loc":{"start":{"line":94,"column":17},"end":{"line":94,"column":76}},"type":"binary-expr","locations":[{"start":{"line":94,"column":17},"end":{"line":94,"column":30}},{"start":{"line":94,"column":34},"end":{"line":94,"column":76}}],"line":94},"13":{"loc":{"start":{"line":99,"column":20},"end":{"line":99,"column":79}},"type":"cond-expr","locations":[{"start":{"line":99,"column":38},"end":{"line":99,"column":57}},{"start":{"line":99,"column":60},"end":{"line":99,"column":79}}],"line":99},"14":{"loc":{"start":{"line":171,"column":23},"end":{"line":171,"column":62}},"type":"cond-expr","locations":[{"start":{"line":171,"column":41},"end":{"line":171,"column":50}},{"start":{"line":171,"column":53},"end":{"line":171,"column":62}}],"line":171},"15":{"loc":{"start":{"line":190,"column":7},"end":{"line":200,"column":7}},"type":"binary-expr","locations":[{"start":{"line":190,"column":7},"end":{"line":190,"column":14}},{"start":{"line":191,"column":8},"end":{"line":199,"column":14}}],"line":190},"16":{"loc":{"start":{"line":194,"column":16},"end":{"line":194,"column":78}},"type":"cond-expr","locations":[{"start":{"line":194,"column":39},"end":{"line":194,"column":58}},{"start":{"line":194,"column":61},"end":{"line":194,"column":78}}],"line":194},"17":{"loc":{"start":{"line":215,"column":18},"end":{"line":215,"column":54}},"type":"cond-expr","locations":[{"start":{"line":215,"column":32},"end":{"line":215,"column":49}},{"start":{"line":215,"column":52},"end":{"line":215,"column":54}}],"line":215},"18":{"loc":{"start":{"line":220,"column":11},"end":{"line":224,"column":11}},"type":"binary-expr","locations":[{"start":{"line":220,"column":11},"end":{"line":220,"column":22}},{"start":{"line":221,"column":12},"end":{"line":223,"column":16}}],"line":220},"19":{"loc":{"start":{"line":240,"column":20},"end":{"line":240,"column":57}},"type":"cond-expr","locations":[{"start":{"line":240,"column":35},"end":{"line":240,"column":52}},{"start":{"line":240,"column":55},"end":{"line":240,"column":57}}],"line":240},"20":{"loc":{"start":{"line":244,"column":13},"end":{"line":248,"column":13}},"type":"binary-expr","locations":[{"start":{"line":244,"column":13},"end":{"line":244,"column":25}},{"start":{"line":245,"column":14},"end":{"line":247,"column":18}}],"line":244},"21":{"loc":{"start":{"line":263,"column":20},"end":{"line":263,"column":60}},"type":"cond-expr","locations":[{"start":{"line":263,"column":38},"end":{"line":263,"column":55}},{"start":{"line":263,"column":58},"end":{"line":263,"column":60}}],"line":263},"22":{"loc":{"start":{"line":267,"column":13},"end":{"line":271,"column":13}},"type":"binary-expr","locations":[{"start":{"line":267,"column":13},"end":{"line":267,"column":28}},{"start":{"line":268,"column":14},"end":{"line":270,"column":18}}],"line":267},"23":{"loc":{"start":{"line":287,"column":18},"end":{"line":287,"column":58}},"type":"cond-expr","locations":[{"start":{"line":287,"column":36},"end":{"line":287,"column":53}},{"start":{"line":287,"column":56},"end":{"line":287,"column":58}}],"line":287},"24":{"loc":{"start":{"line":297,"column":11},"end":{"line":301,"column":11}},"type":"binary-expr","locations":[{"start":{"line":297,"column":11},"end":{"line":297,"column":26}},{"start":{"line":298,"column":12},"end":{"line":300,"column":16}}],"line":297},"25":{"loc":{"start":{"line":316,"column":18},"end":{"line":316,"column":61}},"type":"cond-expr","locations":[{"start":{"line":316,"column":39},"end":{"line":316,"column":56}},{"start":{"line":316,"column":59},"end":{"line":316,"column":61}}],"line":316},"26":{"loc":{"start":{"line":322,"column":11},"end":{"line":326,"column":11}},"type":"binary-expr","locations":[{"start":{"line":322,"column":11},"end":{"line":322,"column":29}},{"start":{"line":323,"column":12},"end":{"line":325,"column":16}}],"line":322},"27":{"loc":{"start":{"line":335,"column":16},"end":{"line":335,"column":62}},"type":"cond-expr","locations":[{"start":{"line":335,"column":39},"end":{"line":335,"column":57}},{"start":{"line":335,"column":60},"end":{"line":335,"column":62}}],"line":335},"28":{"loc":{"start":{"line":338,"column":11},"end":{"line":342,"column":24}},"type":"cond-expr","locations":[{"start":{"line":339,"column":14},"end":{"line":339,"column":29}},{"start":{"line":340,"column":14},"end":{"line":342,"column":24}}],"line":338},"29":{"loc":{"start":{"line":340,"column":14},"end":{"line":342,"column":24}},"type":"cond-expr","locations":[{"start":{"line":341,"column":14},"end":{"line":341,"column":24}},{"start":{"line":342,"column":14},"end":{"line":342,"column":24}}],"line":340}},"s":{"0":1,"1":1,"2":1,"3":12,"4":12,"5":12,"6":12,"7":12,"8":2,"9":1,"10":1,"11":1,"12":1,"13":0,"14":0,"15":1,"16":12,"17":5,"18":5,"19":5,"20":5,"21":5,"22":0,"23":0,"24":12,"25":2,"26":2,"27":2,"28":0,"29":0,"30":0,"31":0,"32":2,"33":2,"34":2,"35":2,"36":2,"37":1,"38":1,"39":1,"40":1,"41":1,"42":2,"43":2,"44":2,"45":2,"46":0,"47":0,"48":0,"49":0,"50":12,"51":12,"52":12,"53":36},"f":{"0":12,"1":2,"2":1,"3":0,"4":5,"5":5,"6":0,"7":2,"8":0,"9":36},"b":{"0":[1,0],"1":[0],"2":[1,1],"3":[1,0],"4":[1,1],"5":[3,2],"6":[5,2,2],"7":[0,3],"8":[0,5],"9":[0,2],"10":[1,1],"11":[2,0],"12":[0,0],"13":[6,6],"14":[6,6],"15":[12,0],"16":[0,0],"17":[0,12],"18":[12,0],"19":[0,12],"20":[12,0],"21":[0,12],"22":[12,0],"23":[0,12],"24":[12,0],"25":[0,12],"26":[12,0],"27":[3,9],"28":[3,9],"29":[4,5]},"_coverageSchema":"1a1c01bbd47fc00a2c39e90264f33305004495a9","hash":"f40c900340d99f1a5be700e7dd05a55e485577ad"}
,"D:\\software-testing\\frontend\\src\\components\\ProductList.jsx": {"path":"D:\\software-testing\\frontend\\src\\components\\ProductList.jsx","statementMap":{"0":{"start":{"line":10,"column":19},"end":{"line":10,"column":55}},"1":{"start":{"line":12,"column":15},"end":{"line":225,"column":1}},"2":{"start":{"line":228,"column":28},"end":{"line":228,"column":40}},"3":{"start":{"line":229,"column":38},"end":{"line":229,"column":53}},"4":{"start":{"line":230,"column":36},"end":{"line":230,"column":50}},"5":{"start":{"line":231,"column":36},"end":{"line":231,"column":50}},"6":{"start":{"line":232,"column":28},"end":{"line":232,"column":40}},"7":{"start":{"line":233,"column":38},"end":{"line":233,"column":50}},"8":{"start":{"line":235,"column":26},"end":{"line":236,"column":62}},"9":{"start":{"line":236,"column":4},"end":{"line":236,"column":62}},"10":{"start":{"line":238,"column":26},"end":{"line":240,"column":3}},"11":{"start":{"line":239,"column":10},"end":{"line":239,"column":48}},"12":{"start":{"line":241,"column":38},"end":{"line":241,"column":49}},"13":{"start":{"line":242,"column":30},"end":{"line":242,"column":71}},"14":{"start":{"line":242,"column":45},"end":{"line":242,"column":70}},"15":{"start":{"line":243,"column":34},"end":{"line":243,"column":77}},"16":{"start":{"line":243,"column":49},"end":{"line":243,"column":76}},"17":{"start":{"line":244,"column":30},"end":{"line":244,"column":79}},"18":{"start":{"line":244,"column":45},"end":{"line":244,"column":78}},"19":{"start":{"line":245,"column":32},"end":{"line":247,"column":3}},"20":{"start":{"line":246,"column":10},"end":{"line":246,"column":46}},"21":{"start":{"line":249,"column":19},"end":{"line":249,"column":20}},"22":{"start":{"line":251,"column":23},"end":{"line":280,"column":47}},"23":{"start":{"line":252,"column":4},"end":{"line":279,"column":9}},"24":{"start":{"line":254,"column":8},"end":{"line":262,"column":9}},"25":{"start":{"line":255,"column":10},"end":{"line":255,"column":32}},"26":{"start":{"line":256,"column":10},"end":{"line":256,"column":45}},"27":{"start":{"line":257,"column":15},"end":{"line":262,"column":9}},"28":{"start":{"line":258,"column":10},"end":{"line":258,"column":24}},"29":{"start":{"line":259,"column":10},"end":{"line":259,"column":27}},"30":{"start":{"line":261,"column":10},"end":{"line":261,"column":23}},"31":{"start":{"line":264,"column":23},"end":{"line":264,"column":44}},"32":{"start":{"line":265,"column":8},"end":{"line":265,"column":47}},"33":{"start":{"line":265,"column":22},"end":{"line":265,"column":47}},"34":{"start":{"line":266,"column":8},"end":{"line":266,"column":49}},"35":{"start":{"line":266,"column":20},"end":{"line":266,"column":49}},"36":{"start":{"line":267,"column":8},"end":{"line":267,"column":55}},"37":{"start":{"line":267,"column":22},"end":{"line":267,"column":55}},"38":{"start":{"line":268,"column":8},"end":{"line":268,"column":58}},"39":{"start":{"line":268,"column":29},"end":{"line":268,"column":58}},"40":{"start":{"line":269,"column":8},"end":{"line":269,"column":62}},"41":{"start":{"line":269,"column":31},"end":{"line":269,"column":62}},"42":{"start":{"line":271,"column":23},"end":{"line":271,"column":73}},"43":{"start":{"line":272,"column":8},"end":{"line":272,"column":49}},"44":{"start":{"line":274,"column":8},"end":{"line":274,"column":26}},"45":{"start":{"line":277,"column":8},"end":{"line":277,"column":53}},"46":{"start":{"line":278,"column":8},"end":{"line":278,"column":56}},"47":{"start":{"line":282,"column":2},"end":{"line":284,"column":21}},"48":{"start":{"line":283,"column":4},"end":{"line":283,"column":19}},"49":{"start":{"line":286,"column":26},"end":{"line":289,"column":3}},"50":{"start":{"line":287,"column":4},"end":{"line":287,"column":25}},"51":{"start":{"line":288,"column":4},"end":{"line":288,"column":23}},"52":{"start":{"line":291,"column":20},"end":{"line":294,"column":3}},"53":{"start":{"line":292,"column":4},"end":{"line":292,"column":23}},"54":{"start":{"line":293,"column":4},"end":{"line":293,"column":24}},"55":{"start":{"line":296,"column":21},"end":{"line":299,"column":3}},"56":{"start":{"line":297,"column":4},"end":{"line":297,"column":21}},"57":{"start":{"line":298,"column":4},"end":{"line":298,"column":24}},"58":{"start":{"line":301,"column":28},"end":{"line":308,"column":3}},"59":{"start":{"line":302,"column":4},"end":{"line":302,"column":19}},"60":{"start":{"line":303,"column":4},"end":{"line":303,"column":22}},"61":{"start":{"line":304,"column":16},"end":{"line":304,"column":75}},"62":{"start":{"line":305,"column":4},"end":{"line":305,"column":23}},"63":{"start":{"line":306,"column":4},"end":{"line":306,"column":46}},"64":{"start":{"line":306,"column":21},"end":{"line":306,"column":38}},"65":{"start":{"line":307,"column":4},"end":{"line":307,"column":23}},"66":{"start":{"line":310,"column":23},"end":{"line":322,"column":3}},"67":{"start":{"line":311,"column":4},"end":{"line":311,"column":70}},"68":{"start":{"line":311,"column":63},"end":{"line":311,"column":70}},"69":{"start":{"line":312,"column":4},"end":{"line":321,"column":5}},"70":{"start":{"line":313,"column":6},"end":{"line":313,"column":30}},"71":{"start":{"line":314,"column":6},"end":{"line":314,"column":21}},"72":{"start":{"line":315,"column":6},"end":{"line":315,"column":39}},"73":{"start":{"line":316,"column":6},"end":{"line":316,"column":39}},"74":{"start":{"line":317,"column":6},"end":{"line":317,"column":48}},"75":{"start":{"line":317,"column":23},"end":{"line":317,"column":40}},"76":{"start":{"line":319,"column":6},"end":{"line":319,"column":43}},"77":{"start":{"line":320,"column":6},"end":{"line":320,"column":40}},"78":{"start":{"line":324,"column":29},"end":{"line":327,"column":3}},"79":{"start":{"line":325,"column":4},"end":{"line":325,"column":30}},"80":{"start":{"line":326,"column":4},"end":{"line":326,"column":15}},"81":{"start":{"line":328,"column":31},"end":{"line":331,"column":3}},"82":{"start":{"line":329,"column":4},"end":{"line":329,"column":32}},"83":{"start":{"line":330,"column":4},"end":{"line":330,"column":15}},"84":{"start":{"line":332,"column":27},"end":{"line":337,"column":3}},"85":{"start":{"line":333,"column":25},"end":{"line":333,"column":50}},"86":{"start":{"line":334,"column":4},"end":{"line":334,"column":21}},"87":{"start":{"line":335,"column":4},"end":{"line":335,"column":20}},"88":{"start":{"line":336,"column":4},"end":{"line":336,"column":15}},"89":{"start":{"line":339,"column":21},"end":{"line":341,"column":3}},"90":{"start":{"line":340,"column":4},"end":{"line":340,"column":40}},"91":{"start":{"line":340,"column":18},"end":{"line":340,"column":40}},"92":{"start":{"line":340,"column":33},"end":{"line":340,"column":38}},"93":{"start":{"line":342,"column":21},"end":{"line":344,"column":3}},"94":{"start":{"line":343,"column":4},"end":{"line":343,"column":53}},"95":{"start":{"line":343,"column":31},"end":{"line":343,"column":53}},"96":{"start":{"line":343,"column":46},"end":{"line":343,"column":51}},"97":{"start":{"line":346,"column":2},"end":{"line":519,"column":4}},"98":{"start":{"line":359,"column":59},"end":{"line":359,"column":78}},"99":{"start":{"line":373,"column":57},"end":{"line":373,"column":75}},"100":{"start":{"line":376,"column":28},"end":{"line":376,"column":47}},"101":{"start":{"line":380,"column":29},"end":{"line":380,"column":47}},"102":{"start":{"line":425,"column":14},"end":{"line":427,"column":23}},"103":{"start":{"line":445,"column":12},"end":{"line":482,"column":17}},"104":{"start":{"line":461,"column":33},"end":{"line":461,"column":51}},"105":{"start":{"line":468,"column":33},"end":{"line":468,"column":49}},"106":{"start":{"line":475,"column":33},"end":{"line":475,"column":51}}},"fnMap":{"0":{"name":"ProductList","decl":{"start":{"line":227,"column":24},"end":{"line":227,"column":35}},"loc":{"start":{"line":227,"column":38},"end":{"line":520,"column":1}},"line":227},"1":{"name":"(anonymous_1)","decl":{"start":{"line":235,"column":26},"end":{"line":235,"column":27}},"loc":{"start":{"line":236,"column":4},"end":{"line":236,"column":62}},"line":236},"2":{"name":"(anonymous_2)","decl":{"start":{"line":239,"column":4},"end":{"line":239,"column":5}},"loc":{"start":{"line":239,"column":10},"end":{"line":239,"column":48}},"line":239},"3":{"name":"(anonymous_3)","decl":{"start":{"line":242,"column":39},"end":{"line":242,"column":40}},"loc":{"start":{"line":242,"column":45},"end":{"line":242,"column":70}},"line":242},"4":{"name":"(anonymous_4)","decl":{"start":{"line":243,"column":43},"end":{"line":243,"column":44}},"loc":{"start":{"line":243,"column":49},"end":{"line":243,"column":76}},"line":243},"5":{"name":"(anonymous_5)","decl":{"start":{"line":244,"column":39},"end":{"line":244,"column":40}},"loc":{"start":{"line":244,"column":45},"end":{"line":244,"column":78}},"line":244},"6":{"name":"(anonymous_6)","decl":{"start":{"line":246,"column":4},"end":{"line":246,"column":5}},"loc":{"start":{"line":246,"column":10},"end":{"line":246,"column":46}},"line":246},"7":{"name":"(anonymous_7)","decl":{"start":{"line":251,"column":35},"end":{"line":251,"column":36}},"loc":{"start":{"line":251,"column":41},"end":{"line":280,"column":3}},"line":251},"8":{"name":"(anonymous_8)","decl":{"start":{"line":253,"column":12},"end":{"line":253,"column":13}},"loc":{"start":{"line":253,"column":21},"end":{"line":275,"column":7}},"line":253},"9":{"name":"(anonymous_9)","decl":{"start":{"line":276,"column":13},"end":{"line":276,"column":14}},"loc":{"start":{"line":276,"column":19},"end":{"line":279,"column":7}},"line":276},"10":{"name":"(anonymous_10)","decl":{"start":{"line":282,"column":12},"end":{"line":282,"column":13}},"loc":{"start":{"line":282,"column":18},"end":{"line":284,"column":3}},"line":282},"11":{"name":"(anonymous_11)","decl":{"start":{"line":286,"column":26},"end":{"line":286,"column":27}},"loc":{"start":{"line":286,"column":32},"end":{"line":289,"column":3}},"line":286},"12":{"name":"(anonymous_12)","decl":{"start":{"line":291,"column":20},"end":{"line":291,"column":21}},"loc":{"start":{"line":291,"column":26},"end":{"line":294,"column":3}},"line":291},"13":{"name":"(anonymous_13)","decl":{"start":{"line":296,"column":21},"end":{"line":296,"column":22}},"loc":{"start":{"line":296,"column":29},"end":{"line":299,"column":3}},"line":296},"14":{"name":"(anonymous_14)","decl":{"start":{"line":301,"column":28},"end":{"line":301,"column":29}},"loc":{"start":{"line":301,"column":34},"end":{"line":308,"column":3}},"line":301},"15":{"name":"(anonymous_15)","decl":{"start":{"line":306,"column":15},"end":{"line":306,"column":16}},"loc":{"start":{"line":306,"column":21},"end":{"line":306,"column":38}},"line":306},"16":{"name":"(anonymous_16)","decl":{"start":{"line":310,"column":23},"end":{"line":310,"column":24}},"loc":{"start":{"line":310,"column":37},"end":{"line":322,"column":3}},"line":310},"17":{"name":"(anonymous_17)","decl":{"start":{"line":317,"column":17},"end":{"line":317,"column":18}},"loc":{"start":{"line":317,"column":23},"end":{"line":317,"column":40}},"line":317},"18":{"name":"(anonymous_18)","decl":{"start":{"line":324,"column":29},"end":{"line":324,"column":30}},"loc":{"start":{"line":324,"column":36},"end":{"line":327,"column":3}},"line":324},"19":{"name":"(anonymous_19)","decl":{"start":{"line":328,"column":31},"end":{"line":328,"column":32}},"loc":{"start":{"line":328,"column":38},"end":{"line":331,"column":3}},"line":328},"20":{"name":"(anonymous_20)","decl":{"start":{"line":332,"column":27},"end":{"line":332,"column":28}},"loc":{"start":{"line":332,"column":34},"end":{"line":337,"column":3}},"line":332},"21":{"name":"(anonymous_21)","decl":{"start":{"line":339,"column":21},"end":{"line":339,"column":22}},"loc":{"start":{"line":339,"column":27},"end":{"line":341,"column":3}},"line":339},"22":{"name":"(anonymous_22)","decl":{"start":{"line":340,"column":26},"end":{"line":340,"column":27}},"loc":{"start":{"line":340,"column":33},"end":{"line":340,"column":38}},"line":340},"23":{"name":"(anonymous_23)","decl":{"start":{"line":342,"column":21},"end":{"line":342,"column":22}},"loc":{"start":{"line":342,"column":27},"end":{"line":344,"column":3}},"line":342},"24":{"name":"(anonymous_24)","decl":{"start":{"line":343,"column":39},"end":{"line":343,"column":40}},"loc":{"start":{"line":343,"column":46},"end":{"line":343,"column":51}},"line":343},"25":{"name":"(anonymous_25)","decl":{"start":{"line":359,"column":52},"end":{"line":359,"column":53}},"loc":{"start":{"line":359,"column":59},"end":{"line":359,"column":78}},"line":359},"26":{"name":"(anonymous_26)","decl":{"start":{"line":373,"column":51},"end":{"line":373,"column":52}},"loc":{"start":{"line":373,"column":57},"end":{"line":373,"column":75}},"line":373},"27":{"name":"(anonymous_27)","decl":{"start":{"line":376,"column":21},"end":{"line":376,"column":22}},"loc":{"start":{"line":376,"column":28},"end":{"line":376,"column":47}},"line":376},"28":{"name":"(anonymous_28)","decl":{"start":{"line":380,"column":23},"end":{"line":380,"column":24}},"loc":{"start":{"line":380,"column":29},"end":{"line":380,"column":47}},"line":380},"29":{"name":"(anonymous_29)","decl":{"start":{"line":424,"column":28},"end":{"line":424,"column":29}},"loc":{"start":{"line":425,"column":14},"end":{"line":427,"column":23}},"line":425},"30":{"name":"(anonymous_30)","decl":{"start":{"line":444,"column":21},"end":{"line":444,"column":22}},"loc":{"start":{"line":445,"column":12},"end":{"line":482,"column":17}},"line":445},"31":{"name":"(anonymous_31)","decl":{"start":{"line":461,"column":27},"end":{"line":461,"column":28}},"loc":{"start":{"line":461,"column":33},"end":{"line":461,"column":51}},"line":461},"32":{"name":"(anonymous_32)","decl":{"start":{"line":468,"column":27},"end":{"line":468,"column":28}},"loc":{"start":{"line":468,"column":33},"end":{"line":468,"column":49}},"line":468},"33":{"name":"(anonymous_33)","decl":{"start":{"line":475,"column":27},"end":{"line":475,"column":28}},"loc":{"start":{"line":475,"column":33},"end":{"line":475,"column":51}},"line":475}},"branchMap":{"0":{"loc":{"start":{"line":236,"column":4},"end":{"line":236,"column":62}},"type":"binary-expr","locations":[{"start":{"line":236,"column":4},"end":{"line":236,"column":56}},{"start":{"line":236,"column":60},"end":{"line":236,"column":62}}],"line":236},"1":{"loc":{"start":{"line":239,"column":10},"end":{"line":239,"column":48}},"type":"binary-expr","locations":[{"start":{"line":239,"column":10},"end":{"line":239,"column":43}},{"start":{"line":239,"column":47},"end":{"line":239,"column":48}}],"line":239},"2":{"loc":{"start":{"line":244,"column":45},"end":{"line":244,"column":78}},"type":"binary-expr","locations":[{"start":{"line":244,"column":45},"end":{"line":244,"column":70}},{"start":{"line":244,"column":74},"end":{"line":244,"column":78}}],"line":244},"3":{"loc":{"start":{"line":246,"column":10},"end":{"line":246,"column":46}},"type":"binary-expr","locations":[{"start":{"line":246,"column":10},"end":{"line":246,"column":36}},{"start":{"line":246,"column":40},"end":{"line":246,"column":46}}],"line":246},"4":{"loc":{"start":{"line":254,"column":8},"end":{"line":262,"column":9}},"type":"if","locations":[{"start":{"line":254,"column":8},"end":{"line":262,"column":9}},{"start":{"line":257,"column":15},"end":{"line":262,"column":9}}],"line":254},"5":{"loc":{"start":{"line":254,"column":12},"end":{"line":254,"column":45}},"type":"binary-expr","locations":[{"start":{"line":254,"column":12},"end":{"line":254,"column":15}},{"start":{"line":254,"column":19},"end":{"line":254,"column":45}}],"line":254},"6":{"loc":{"start":{"line":256,"column":24},"end":{"line":256,"column":43}},"type":"binary-expr","locations":[{"start":{"line":256,"column":24},"end":{"line":256,"column":38}},{"start":{"line":256,"column":42},"end":{"line":256,"column":43}}],"line":256},"7":{"loc":{"start":{"line":257,"column":15},"end":{"line":262,"column":9}},"type":"if","locations":[{"start":{"line":257,"column":15},"end":{"line":262,"column":9}},{"start":{"line":260,"column":15},"end":{"line":262,"column":9}}],"line":257},"8":{"loc":{"start":{"line":265,"column":8},"end":{"line":265,"column":47}},"type":"if","locations":[{"start":{"line":265,"column":8},"end":{"line":265,"column":47}},{"start":{},"end":{}}],"line":265},"9":{"loc":{"start":{"line":266,"column":8},"end":{"line":266,"column":49}},"type":"if","locations":[{"start":{"line":266,"column":8},"end":{"line":266,"column":49}},{"start":{},"end":{}}],"line":266},"10":{"loc":{"start":{"line":267,"column":8},"end":{"line":267,"column":55}},"type":"if","locations":[{"start":{"line":267,"column":8},"end":{"line":267,"column":55}},{"start":{},"end":{}}],"line":267},"11":{"loc":{"start":{"line":268,"column":8},"end":{"line":268,"column":58}},"type":"if","locations":[{"start":{"line":268,"column":8},"end":{"line":268,"column":58}},{"start":{},"end":{}}],"line":268},"12":{"loc":{"start":{"line":269,"column":8},"end":{"line":269,"column":62}},"type":"if","locations":[{"start":{"line":269,"column":8},"end":{"line":269,"column":62}},{"start":{},"end":{}}],"line":269},"13":{"loc":{"start":{"line":304,"column":16},"end":{"line":304,"column":75}},"type":"cond-expr","locations":[{"start":{"line":304,"column":28},"end":{"line":304,"column":50}},{"start":{"line":304,"column":53},"end":{"line":304,"column":75}}],"line":304},"14":{"loc":{"start":{"line":311,"column":4},"end":{"line":311,"column":70}},"type":"if","locations":[{"start":{"line":311,"column":4},"end":{"line":311,"column":70}},{"start":{},"end":{}}],"line":311},"15":{"loc":{"start":{"line":340,"column":4},"end":{"line":340,"column":40}},"type":"if","locations":[{"start":{"line":340,"column":4},"end":{"line":340,"column":40}},{"start":{},"end":{}}],"line":340},"16":{"loc":{"start":{"line":343,"column":4},"end":{"line":343,"column":53}},"type":"if","locations":[{"start":{"line":343,"column":4},"end":{"line":343,"column":53}},{"start":{},"end":{}}],"line":343},"17":{"loc":{"start":{"line":357,"column":7},"end":{"line":369,"column":7}},"type":"binary-expr","locations":[{"start":{"line":357,"column":7},"end":{"line":357,"column":17}},{"start":{"line":358,"column":8},"end":{"line":368,"column":14}}],"line":357},"18":{"loc":{"start":{"line":372,"column":7},"end":{"line":387,"column":7}},"type":"binary-expr","locations":[{"start":{"line":372,"column":7},"end":{"line":372,"column":16}},{"start":{"line":373,"column":8},"end":{"line":386,"column":14}}],"line":372},"19":{"loc":{"start":{"line":391,"column":9},"end":{"line":398,"column":9}},"type":"binary-expr","locations":[{"start":{"line":391,"column":9},"end":{"line":391,"column":14}},{"start":{"line":392,"column":10},"end":{"line":397,"column":16}}],"line":391},"20":{"loc":{"start":{"line":399,"column":9},"end":{"line":406,"column":9}},"type":"binary-expr","locations":[{"start":{"line":399,"column":9},"end":{"line":399,"column":19}},{"start":{"line":400,"column":10},"end":{"line":405,"column":16}}],"line":399},"21":{"loc":{"start":{"line":455,"column":19},"end":{"line":455,"column":31}},"type":"binary-expr","locations":[{"start":{"line":455,"column":19},"end":{"line":455,"column":26}},{"start":{"line":455,"column":30},"end":{"line":455,"column":31}}],"line":455},"22":{"loc":{"start":{"line":485,"column":9},"end":{"line":487,"column":9}},"type":"binary-expr","locations":[{"start":{"line":485,"column":9},"end":{"line":485,"column":27}},{"start":{"line":486,"column":10},"end":{"line":486,"column":71}}],"line":485},"23":{"loc":{"start":{"line":489,"column":9},"end":{"line":516,"column":9}},"type":"binary-expr","locations":[{"start":{"line":489,"column":9},"end":{"line":489,"column":23}},{"start":{"line":490,"column":10},"end":{"line":515,"column":16}}],"line":489},"24":{"loc":{"start":{"line":494,"column":20},"end":{"line":494,"column":60}},"type":"cond-expr","locations":[{"start":{"line":494,"column":33},"end":{"line":494,"column":55}},{"start":{"line":494,"column":58},"end":{"line":494,"column":60}}],"line":494},"25":{"loc":{"start":{"line":507,"column":20},"end":{"line":507,"column":72}},"type":"cond-expr","locations":[{"start":{"line":507,"column":45},"end":{"line":507,"column":67}},{"start":{"line":507,"column":70},"end":{"line":507,"column":72}}],"line":507}},"s":{"0":1,"1":1,"2":31,"3":31,"4":31,"5":31,"6":31,"7":31,"8":31,"9":30,"10":31,"11":6,"12":31,"13":31,"14":6,"15":31,"16":6,"17":31,"18":6,"19":31,"20":6,"21":31,"22":31,"23":15,"24":15,"25":15,"26":15,"27":0,"28":0,"29":0,"30":0,"31":15,"32":15,"33":3,"34":15,"35":7,"36":15,"37":3,"38":15,"39":6,"40":15,"41":13,"42":15,"43":15,"44":15,"45":0,"46":0,"47":31,"48":12,"49":31,"50":2,"51":2,"52":31,"53":1,"54":1,"55":31,"56":1,"57":1,"58":31,"59":2,"60":2,"61":2,"62":2,"63":2,"64":0,"65":2,"66":31,"67":1,"68":0,"69":1,"70":1,"71":1,"72":1,"73":1,"74":1,"75":0,"76":0,"77":0,"78":31,"79":1,"80":1,"81":31,"82":1,"83":1,"84":31,"85":1,"86":1,"87":1,"88":1,"89":31,"90":1,"91":1,"92":1,"93":31,"94":2,"95":2,"96":2,"97":31,"98":2,"99":0,"100":1,"101":1,"102":93,"103":20,"104":1,"105":1,"106":1},"f":{"0":31,"1":30,"2":6,"3":6,"4":6,"5":6,"6":6,"7":15,"8":15,"9":0,"10":12,"11":2,"12":1,"13":1,"14":2,"15":0,"16":1,"17":0,"18":1,"19":1,"20":1,"21":1,"22":1,"23":2,"24":2,"25":2,"26":0,"27":1,"28":1,"29":93,"30":20,"31":1,"32":1,"33":1},"b":{"0":[30,25],"1":[6,5],"2":[6,5],"3":[6,4],"4":[15,0],"5":[15,15],"6":[15,0],"7":[0,0],"8":[3,12],"9":[7,8],"10":[3,12],"11":[6,9],"12":[13,2],"13":[1,1],"14":[0,1],"15":[1,0],"16":[2,0],"17":[31,2],"18":[31,1],"19":[31,0],"20":[31,3],"21":[20,0],"22":[31,13],"23":[31,14],"24":[9,5],"25":[0,14]},"_coverageSchema":"1a1c01bbd47fc00a2c39e90264f33305004495a9","hash":"7618183b48e0177170d052ea6cdb7be292cdcfa5"}
,"D:\\software-testing\\frontend\\src\\services\\api.js": {"path":"D:\\software-testing\\frontend\\src\\services\\api.js","statementMap":{"0":{"start":{"line":2,"column":13},"end":{"line":2,"column":72}}},"fnMap":{},"branchMap":{"0":{"loc":{"start":{"line":2,"column":13},"end":{"line":2,"column":72}},"type":"binary-expr","locations":[{"start":{"line":2,"column":13},"end":{"line":2,"column":41}},{"start":{"line":2,"column":45},"end":{"line":2,"column":72}}],"line":2}},"s":{"0":0},"f":{},"b":{"0":[0,0]}}
,"D:\\software-testing\\frontend\\src\\services\\auth.js": {"path":"D:\\software-testing\\frontend\\src\\services\\auth.js","statementMap":{"0":{"start":{"line":3,"column":21},"end":{"line":17,"column":1}},"1":{"start":{"line":4,"column":2},"end":{"line":16,"column":3}},"2":{"start":{"line":5,"column":21},"end":{"line":8,"column":6}},"3":{"start":{"line":9,"column":4},"end":{"line":9,"column":62}},"4":{"start":{"line":10,"column":4},"end":{"line":10,"column":42}},"5":{"start":{"line":12,"column":4},"end":{"line":12,"column":20}},"6":{"start":{"line":14,"column":4},"end":{"line":14,"column":23}},"7":{"start":{"line":15,"column":4},"end":{"line":15,"column":57}},"8":{"start":{"line":19,"column":31},"end":{"line":33,"column":1}},"9":{"start":{"line":20,"column":2},"end":{"line":32,"column":3}},"10":{"start":{"line":21,"column":21},"end":{"line":23,"column":6}},"11":{"start":{"line":25,"column":4},"end":{"line":25,"column":62}},"12":{"start":{"line":26,"column":4},"end":{"line":26,"column":42}},"13":{"start":{"line":27,"column":4},"end":{"line":27,"column":29}},"14":{"start":{"line":28,"column":4},"end":{"line":28,"column":20}},"15":{"start":{"line":30,"column":4},"end":{"line":30,"column":46}},"16":{"start":{"line":31,"column":4},"end":{"line":31,"column":57}},"17":{"start":{"line":35,"column":22},"end":{"line":42,"column":1}},"18":{"start":{"line":36,"column":2},"end":{"line":41,"column":3}},"19":{"start":{"line":37,"column":4},"end":{"line":37,"column":43}},"20":{"start":{"line":38,"column":4},"end":{"line":38,"column":36}},"21":{"start":{"line":40,"column":4},"end":{"line":40,"column":60}},"22":{"start":{"line":44,"column":26},"end":{"line":55,"column":1}},"23":{"start":{"line":45,"column":2},"end":{"line":54,"column":3}},"24":{"start":{"line":46,"column":21},"end":{"line":50,"column":6}},"25":{"start":{"line":51,"column":4},"end":{"line":51,"column":20}},"26":{"start":{"line":53,"column":4},"end":{"line":53,"column":60}},"27":{"start":{"line":57,"column":28},"end":{"line":66,"column":1}},"28":{"start":{"line":58,"column":2},"end":{"line":65,"column":3}},"29":{"start":{"line":59,"column":21},"end":{"line":61,"column":6}},"30":{"start":{"line":62,"column":4},"end":{"line":62,"column":20}},"31":{"start":{"line":64,"column":4},"end":{"line":64,"column":60}}},"fnMap":{"0":{"name":"(anonymous_0)","decl":{"start":{"line":3,"column":21},"end":{"line":3,"column":22}},"loc":{"start":{"line":3,"column":51},"end":{"line":17,"column":1}},"line":3},"1":{"name":"(anonymous_1)","decl":{"start":{"line":19,"column":31},"end":{"line":19,"column":32}},"loc":{"start":{"line":19,"column":50},"end":{"line":33,"column":1}},"line":19},"2":{"name":"(anonymous_2)","decl":{"start":{"line":35,"column":22},"end":{"line":35,"column":23}},"loc":{"start":{"line":35,"column":28},"end":{"line":42,"column":1}},"line":35},"3":{"name":"(anonymous_3)","decl":{"start":{"line":44,"column":26},"end":{"line":44,"column":27}},"loc":{"start":{"line":44,"column":43},"end":{"line":55,"column":1}},"line":44},"4":{"name":"(anonymous_4)","decl":{"start":{"line":57,"column":28},"end":{"line":57,"column":29}},"loc":{"start":{"line":57,"column":45},"end":{"line":66,"column":1}},"line":57}},"branchMap":{"0":{"loc":{"start":{"line":15,"column":10},"end":{"line":15,"column":56}},"type":"binary-expr","locations":[{"start":{"line":15,"column":10},"end":{"line":15,"column":30}},{"start":{"line":15,"column":34},"end":{"line":15,"column":56}}],"line":15},"1":{"loc":{"start":{"line":31,"column":10},"end":{"line":31,"column":56}},"type":"binary-expr","locations":[{"start":{"line":31,"column":10},"end":{"line":31,"column":30}},{"start":{"line":31,"column":34},"end":{"line":31,"column":56}}],"line":31},"2":{"loc":{"start":{"line":40,"column":10},"end":{"line":40,"column":59}},"type":"binary-expr","locations":[{"start":{"line":40,"column":10},"end":{"line":40,"column":33}},{"start":{"line":40,"column":37},"end":{"line":40,"column":59}}],"line":40},"3":{"loc":{"start":{"line":53,"column":10},"end":{"line":53,"column":59}},"type":"binary-expr","locations":[{"start":{"line":53,"column":10},"end":{"line":53,"column":33}},{"start":{"line":53,"column":37},"end":{"line":53,"column":59}}],"line":53},"4":{"loc":{"start":{"line":64,"column":10},"end":{"line":64,"column":59}},"type":"binary-expr","locations":[{"start":{"line":64,"column":10},"end":{"line":64,"column":33}},{"start":{"line":64,"column":37},"end":{"line":64,"column":59}}],"line":64}},"s":{"0":1,"1":0,"2":0,"3":0,"4":0,"5":0,"6":0,"7":0,"8":1,"9":0,"10":0,"11":0,"12":0,"13":0,"14":0,"15":0,"16":0,"17":1,"18":0,"19":0,"20":0,"21":0,"22":1,"23":0,"24":0,"25":0,"26":0,"27":1,"28":0,"29":0,"30":0,"31":0},"f":{"0":0,"1":0,"2":0,"3":0,"4":0},"b":{"0":[0,0],"1":[0,0],"2":[0,0],"3":[0,0],"4":[0,0]},"_coverageSchema":"1a1c01bbd47fc00a2c39e90264f33305004495a9","hash":"88bdd8aa08826db05651ecb83b0f5b3bd6663bcf"}
,"D:\\software-testing\\frontend\\src\\services\\axiosClient.js": {"path":"D:\\software-testing\\frontend\\src\\services\\axiosClient.js","statementMap":{"0":{"start":{"line":3,"column":16},"end":{"line":3,"column":43}},"1":{"start":{"line":5,"column":20},"end":{"line":14,"column":2}},"2":{"start":{"line":11,"column":25},"end":{"line":11,"column":52}},"3":{"start":{"line":12,"column":4},"end":{"line":12,"column":35}},"4":{"start":{"line":16,"column":0},"end":{"line":22,"column":3}},"5":{"start":{"line":17,"column":16},"end":{"line":17,"column":51}},"6":{"start":{"line":18,"column":2},"end":{"line":20,"column":3}},"7":{"start":{"line":19,"column":4},"end":{"line":19,"column":53}},"8":{"start":{"line":21,"column":2},"end":{"line":21,"column":16}},"9":{"start":{"line":24,"column":0},"end":{"line":39,"column":2}},"10":{"start":{"line":26,"column":4},"end":{"line":28,"column":5}},"11":{"start":{"line":27,"column":6},"end":{"line":27,"column":27}},"12":{"start":{"line":29,"column":4},"end":{"line":29,"column":20}},"13":{"start":{"line":32,"column":4},"end":{"line":36,"column":5}},"14":{"start":{"line":33,"column":6},"end":{"line":33,"column":58}},"15":{"start":{"line":35,"column":6},"end":{"line":35,"column":53}},"16":{"start":{"line":37,"column":4},"end":{"line":37,"column":16}}},"fnMap":{"0":{"name":"(anonymous_0)","decl":{"start":{"line":10,"column":20},"end":{"line":10,"column":21}},"loc":{"start":{"line":10,"column":32},"end":{"line":13,"column":3}},"line":10},"1":{"name":"(anonymous_1)","decl":{"start":{"line":16,"column":37},"end":{"line":16,"column":38}},"loc":{"start":{"line":16,"column":55},"end":{"line":22,"column":1}},"line":16},"2":{"name":"(anonymous_2)","decl":{"start":{"line":25,"column":2},"end":{"line":25,"column":3}},"loc":{"start":{"line":25,"column":16},"end":{"line":30,"column":3}},"line":25},"3":{"name":"(anonymous_3)","decl":{"start":{"line":31,"column":2},"end":{"line":31,"column":3}},"loc":{"start":{"line":31,"column":13},"end":{"line":38,"column":3}},"line":31}},"branchMap":{"0":{"loc":{"start":{"line":18,"column":2},"end":{"line":20,"column":3}},"type":"if","locations":[{"start":{"line":18,"column":2},"end":{"line":20,"column":3}},{"start":{},"end":{}}],"line":18},"1":{"loc":{"start":{"line":26,"column":4},"end":{"line":28,"column":5}},"type":"if","locations":[{"start":{"line":26,"column":4},"end":{"line":28,"column":5}},{"start":{},"end":{}}],"line":26},"2":{"loc":{"start":{"line":26,"column":8},"end":{"line":26,"column":33}},"type":"binary-expr","locations":[{"start":{"line":26,"column":8},"end":{"line":26,"column":16}},{"start":{"line":26,"column":20},"end":{"line":26,"column":33}}],"line":26},"3":{"loc":{"start":{"line":32,"column":4},"end":{"line":36,"column":5}},"type":"if","locations":[{"start":{"line":32,"column":4},"end":{"line":36,"column":5}},{"start":{"line":34,"column":11},"end":{"line":36,"column":5}}],"line":32}},"s":{"0":3,"1":3,"2":0,"3":0,"4":3,"5":0,"6":0,"7":0,"8":0,"9":3,"10":0,"11":0,"12":0,"13":0,"14":0,"15":0,"16":0},"f":{"0":0,"1":0,"2":0,"3":0},"b":{"0":[0,0],"1":[0,0],"2":[0,0],"3":[0,0]},"_coverageSchema":"1a1c01bbd47fc00a2c39e90264f33305004495a9","hash":"2fc2f04154d6b29c5c4d02682b421854eebd21d3"}
,"D:\\software-testing\\frontend\\src\\services\\productService.js": {"path":"D:\\software-testing\\frontend\\src\\services\\productService.js","statementMap":{"0":{"start":{"line":3,"column":25},"end":{"line":3,"column":36}},"1":{"start":{"line":9,"column":27},"end":{"line":30,"column":1}},"2":{"start":{"line":17,"column":17},"end":{"line":17,"column":38}},"3":{"start":{"line":19,"column":2},"end":{"line":19,"column":30}},"4":{"start":{"line":20,"column":2},"end":{"line":20,"column":30}},"5":{"start":{"line":22,"column":2},"end":{"line":22,"column":44}},"6":{"start":{"line":22,"column":14},"end":{"line":22,"column":44}},"7":{"start":{"line":23,"column":2},"end":{"line":23,"column":52}},"8":{"start":{"line":23,"column":16},"end":{"line":23,"column":52}},"9":{"start":{"line":24,"column":2},"end":{"line":27,"column":3}},"10":{"start":{"line":25,"column":4},"end":{"line":25,"column":36}},"11":{"start":{"line":26,"column":4},"end":{"line":26,"column":38}},"12":{"start":{"line":29,"column":2},"end":{"line":29,"column":59}},"13":{"start":{"line":36,"column":30},"end":{"line":38,"column":1}},"14":{"start":{"line":37,"column":2},"end":{"line":37,"column":61}},"15":{"start":{"line":49,"column":29},"end":{"line":51,"column":1}},"16":{"start":{"line":50,"column":2},"end":{"line":50,"column":57}},"17":{"start":{"line":59,"column":29},"end":{"line":61,"column":1}},"18":{"start":{"line":60,"column":2},"end":{"line":60,"column":74}},"19":{"start":{"line":68,"column":29},"end":{"line":71,"column":1}},"20":{"start":{"line":70,"column":2},"end":{"line":70,"column":64}}},"fnMap":{"0":{"name":"(anonymous_0)","decl":{"start":{"line":9,"column":27},"end":{"line":9,"column":28}},"loc":{"start":{"line":16,"column":5},"end":{"line":30,"column":1}},"line":16},"1":{"name":"(anonymous_1)","decl":{"start":{"line":36,"column":30},"end":{"line":36,"column":31}},"loc":{"start":{"line":36,"column":51},"end":{"line":38,"column":1}},"line":36},"2":{"name":"(anonymous_2)","decl":{"start":{"line":49,"column":29},"end":{"line":49,"column":30}},"loc":{"start":{"line":49,"column":52},"end":{"line":51,"column":1}},"line":49},"3":{"name":"(anonymous_3)","decl":{"start":{"line":59,"column":29},"end":{"line":59,"column":30}},"loc":{"start":{"line":59,"column":63},"end":{"line":61,"column":1}},"line":59},"4":{"name":"(anonymous_4)","decl":{"start":{"line":68,"column":29},"end":{"line":68,"column":30}},"loc":{"start":{"line":68,"column":50},"end":{"line":71,"column":1}},"line":68}},"branchMap":{"0":{"loc":{"start":{"line":10,"column":2},"end":{"line":10,"column":10}},"type":"default-arg","locations":[{"start":{"line":10,"column":9},"end":{"line":10,"column":10}}],"line":10},"1":{"loc":{"start":{"line":11,"column":2},"end":{"line":11,"column":10}},"type":"default-arg","locations":[{"start":{"line":11,"column":9},"end":{"line":11,"column":10}}],"line":11},"2":{"loc":{"start":{"line":12,"column":2},"end":{"line":12,"column":13}},"type":"default-arg","locations":[{"start":{"line":12,"column":11},"end":{"line":12,"column":13}}],"line":12},"3":{"loc":{"start":{"line":13,"column":2},"end":{"line":13,"column":15}},"type":"default-arg","locations":[{"start":{"line":13,"column":13},"end":{"line":13,"column":15}}],"line":13},"4":{"loc":{"start":{"line":14,"column":2},"end":{"line":14,"column":15}},"type":"default-arg","locations":[{"start":{"line":14,"column":11},"end":{"line":14,"column":15}}],"line":14},"5":{"loc":{"start":{"line":15,"column":2},"end":{"line":15,"column":17}},"type":"default-arg","locations":[{"start":{"line":15,"column":12},"end":{"line":15,"column":17}}],"line":15},"6":{"loc":{"start":{"line":22,"column":2},"end":{"line":22,"column":44}},"type":"if","locations":[{"start":{"line":22,"column":2},"end":{"line":22,"column":44}},{"start":{},"end":{}}],"line":22},"7":{"loc":{"start":{"line":23,"column":2},"end":{"line":23,"column":52}},"type":"if","locations":[{"start":{"line":23,"column":2},"end":{"line":23,"column":52}},{"start":{},"end":{}}],"line":23},"8":{"loc":{"start":{"line":24,"column":2},"end":{"line":27,"column":3}},"type":"if","locations":[{"start":{"line":24,"column":2},"end":{"line":27,"column":3}},{"start":{},"end":{}}],"line":24}},"s":{"0":2,"1":2,"2":0,"3":0,"4":0,"5":0,"6":0,"7":0,"8":0,"9":0,"10":0,"11":0,"12":0,"13":2,"14":0,"15":2,"16":0,"17":2,"18":0,"19":2,"20":0},"f":{"0":0,"1":0,"2":0,"3":0,"4":0},"b":{"0":[0],"1":[0],"2":[0],"3":[0],"4":[0],"5":[0],"6":[0,0],"7":[0,0],"8":[0,0]},"_coverageSchema":"1a1c01bbd47fc00a2c39e90264f33305004495a9","hash":"2429c78c41c5784d35b72774f6ba0daf5119bc96"}
,"D:\\software-testing\\frontend\\src\\utils\\productValidation.js": {"path":"D:\\software-testing\\frontend\\src\\utils\\productValidation.js","statementMap":{"0":{"start":{"line":2,"column":17},"end":{"line":2,"column":19}},"1":{"start":{"line":5,"column":2},"end":{"line":11,"column":3}},"2":{"start":{"line":6,"column":4},"end":{"line":6,"column":53}},"3":{"start":{"line":7,"column":9},"end":{"line":11,"column":3}},"4":{"start":{"line":8,"column":4},"end":{"line":8,"column":57}},"5":{"start":{"line":9,"column":9},"end":{"line":11,"column":3}},"6":{"start":{"line":10,"column":4},"end":{"line":10,"column":63}},"7":{"start":{"line":14,"column":2},"end":{"line":24,"column":3}},"8":{"start":{"line":19,"column":4},"end":{"line":19,"column":54}},"9":{"start":{"line":20,"column":9},"end":{"line":24,"column":3}},"10":{"start":{"line":21,"column":4},"end":{"line":21,"column":59}},"11":{"start":{"line":22,"column":9},"end":{"line":24,"column":3}},"12":{"start":{"line":23,"column":4},"end":{"line":23,"column":66}},"13":{"start":{"line":27,"column":2},"end":{"line":37,"column":3}},"14":{"start":{"line":32,"column":4},"end":{"line":32,"column":53}},"15":{"start":{"line":33,"column":9},"end":{"line":37,"column":3}},"16":{"start":{"line":34,"column":4},"end":{"line":34,"column":58}},"17":{"start":{"line":35,"column":9},"end":{"line":37,"column":3}},"18":{"start":{"line":36,"column":4},"end":{"line":36,"column":60}},"19":{"start":{"line":40,"column":2},"end":{"line":42,"column":3}},"20":{"start":{"line":41,"column":4},"end":{"line":41,"column":63}},"21":{"start":{"line":45,"column":26},"end":{"line":45,"column":62}},"22":{"start":{"line":46,"column":2},"end":{"line":48,"column":3}},"23":{"start":{"line":47,"column":4},"end":{"line":47,"column":46}},"24":{"start":{"line":50,"column":2},"end":{"line":50,"column":16}}},"fnMap":{"0":{"name":"validateProduct","decl":{"start":{"line":1,"column":16},"end":{"line":1,"column":31}},"loc":{"start":{"line":1,"column":41},"end":{"line":51,"column":1}},"line":1}},"branchMap":{"0":{"loc":{"start":{"line":5,"column":2},"end":{"line":11,"column":3}},"type":"if","locations":[{"start":{"line":5,"column":2},"end":{"line":11,"column":3}},{"start":{"line":7,"column":9},"end":{"line":11,"column":3}}],"line":5},"1":{"loc":{"start":{"line":7,"column":9},"end":{"line":11,"column":3}},"type":"if","locations":[{"start":{"line":7,"column":9},"end":{"line":11,"column":3}},{"start":{"line":9,"column":9},"end":{"line":11,"column":3}}],"line":7},"2":{"loc":{"start":{"line":9,"column":9},"end":{"line":11,"column":3}},"type":"if","locations":[{"start":{"line":9,"column":9},"end":{"line":11,"column":3}},{"start":{},"end":{}}],"line":9},"3":{"loc":{"start":{"line":14,"column":2},"end":{"line":24,"column":3}},"type":"if","locations":[{"start":{"line":14,"column":2},"end":{"line":24,"column":3}},{"start":{"line":20,"column":9},"end":{"line":24,"column":3}}],"line":14},"4":{"loc":{"start":{"line":15,"column":4},"end":{"line":17,"column":24}},"type":"binary-expr","locations":[{"start":{"line":15,"column":4},"end":{"line":15,"column":31}},{"start":{"line":16,"column":4},"end":{"line":16,"column":26}},{"start":{"line":17,"column":4},"end":{"line":17,"column":24}}],"line":15},"5":{"loc":{"start":{"line":20,"column":9},"end":{"line":24,"column":3}},"type":"if","locations":[{"start":{"line":20,"column":9},"end":{"line":24,"column":3}},{"start":{"line":22,"column":9},"end":{"line":24,"column":3}}],"line":20},"6":{"loc":{"start":{"line":22,"column":9},"end":{"line":24,"column":3}},"type":"if","locations":[{"start":{"line":22,"column":9},"end":{"line":24,"column":3}},{"start":{},"end":{}}],"line":22},"7":{"loc":{"start":{"line":27,"column":2},"end":{"line":37,"column":3}},"type":"if","locations":[{"start":{"line":27,"column":2},"end":{"line":37,"column":3}},{"start":{"line":33,"column":9},"end":{"line":37,"column":3}}],"line":27},"8":{"loc":{"start":{"line":28,"column":4},"end":{"line":30,"column":27}},"type":"binary-expr","locations":[{"start":{"line":28,"column":4},"end":{"line":28,"column":34}},{"start":{"line":29,"column":4},"end":{"line":29,"column":29}},{"start":{"line":30,"column":4},"end":{"line":30,"column":27}}],"line":28},"9":{"loc":{"start":{"line":33,"column":9},"end":{"line":37,"column":3}},"type":"if","locations":[{"start":{"line":33,"column":9},"end":{"line":37,"column":3}},{"start":{"line":35,"column":9},"end":{"line":37,"column":3}}],"line":33},"10":{"loc":{"start":{"line":35,"column":9},"end":{"line":37,"column":3}},"type":"if","locations":[{"start":{"line":35,"column":9},"end":{"line":37,"column":3}},{"start":{},"end":{}}],"line":35},"11":{"loc":{"start":{"line":40,"column":2},"end":{"line":42,"column":3}},"type":"if","locations":[{"start":{"line":40,"column":2},"end":{"line":42,"column":3}},{"start":{},"end":{}}],"line":40},"12":{"loc":{"start":{"line":40,"column":6},"end":{"line":40,"column":61}},"type":"binary-expr","locations":[{"start":{"line":40,"column":6},"end":{"line":40,"column":25}},{"start":{"line":40,"column":29},"end":{"line":40,"column":61}}],"line":40},"13":{"loc":{"start":{"line":46,"column":2},"end":{"line":48,"column":3}},"type":"if","locations":[{"start":{"line":46,"column":2},"end":{"line":48,"column":3}},{"start":{},"end":{}}],"line":46},"14":{"loc":{"start":{"line":46,"column":6},"end":{"line":46,"column":70}},"type":"binary-expr","locations":[{"start":{"line":46,"column":6},"end":{"line":46,"column":23}},{"start":{"line":46,"column":27},"end":{"line":46,"column":70}}],"line":46}},"s":{"0":13,"1":13,"2":1,"3":12,"4":1,"5":11,"6":1,"7":13,"8":1,"9":12,"10":1,"11":11,"12":1,"13":13,"14":1,"15":12,"16":1,"17":11,"18":1,"19":13,"20":1,"21":13,"22":13,"23":1,"24":13},"f":{"0":13},"b":{"0":[1,12],"1":[1,11],"2":[1,10],"3":[1,12],"4":[13,12,12],"5":[1,11],"6":[1,10],"7":[1,12],"8":[13,12,12],"9":[1,11],"10":[1,10],"11":[1,12],"12":[13,11],"13":[1,12],"14":[13,13]},"_coverageSchema":"1a1c01bbd47fc00a2c39e90264f33305004495a9","hash":"8184ec2d6ad052528e01d40595c431cda2d6a41e"}
,"D:\\software-testing\\frontend\\src\\utils\\validation.js": {"path":"D:\\software-testing\\frontend\\src\\utils\\validation.js","statementMap":{"0":{"start":{"line":2,"column":2},"end":{"line":2,"column":69}},"1":{"start":{"line":2,"column":26},"end":{"line":2,"column":69}},"2":{"start":{"line":3,"column":2},"end":{"line":3,"column":64}},"3":{"start":{"line":3,"column":17},"end":{"line":3,"column":64}},"4":{"start":{"line":4,"column":2},"end":{"line":4,"column":70}},"5":{"start":{"line":4,"column":18},"end":{"line":4,"column":70}},"6":{"start":{"line":5,"column":2},"end":{"line":5,"column":83}},"7":{"start":{"line":5,"column":32},"end":{"line":5,"column":83}},"8":{"start":{"line":6,"column":2},"end":{"line":6,"column":12}},"9":{"start":{"line":9,"column":2},"end":{"line":9,"column":64}},"10":{"start":{"line":9,"column":26},"end":{"line":9,"column":64}},"11":{"start":{"line":10,"column":2},"end":{"line":10,"column":59}},"12":{"start":{"line":10,"column":17},"end":{"line":10,"column":59}},"13":{"start":{"line":11,"column":2},"end":{"line":11,"column":88}},"14":{"start":{"line":11,"column":47},"end":{"line":11,"column":88}},"15":{"start":{"line":12,"column":2},"end":{"line":12,"column":12}}},"fnMap":{"0":{"name":"validateUsername","decl":{"start":{"line":1,"column":16},"end":{"line":1,"column":32}},"loc":{"start":{"line":1,"column":35},"end":{"line":7,"column":1}},"line":1},"1":{"name":"validatePassword","decl":{"start":{"line":8,"column":16},"end":{"line":8,"column":32}},"loc":{"start":{"line":8,"column":35},"end":{"line":13,"column":1}},"line":8}},"branchMap":{"0":{"loc":{"start":{"line":2,"column":2},"end":{"line":2,"column":69}},"type":"if","locations":[{"start":{"line":2,"column":2},"end":{"line":2,"column":69}},{"start":{},"end":{}}],"line":2},"1":{"loc":{"start":{"line":2,"column":5},"end":{"line":2,"column":24}},"type":"binary-expr","locations":[{"start":{"line":2,"column":5},"end":{"line":2,"column":7}},{"start":{"line":2,"column":11},"end":{"line":2,"column":24}}],"line":2},"2":{"loc":{"start":{"line":3,"column":2},"end":{"line":3,"column":64}},"type":"if","locations":[{"start":{"line":3,"column":2},"end":{"line":3,"column":64}},{"start":{},"end":{}}],"line":3},"3":{"loc":{"start":{"line":4,"column":2},"end":{"line":4,"column":70}},"type":"if","locations":[{"start":{"line":4,"column":2},"end":{"line":4,"column":70}},{"start":{},"end":{}}],"line":4},"4":{"loc":{"start":{"line":5,"column":2},"end":{"line":5,"column":83}},"type":"if","locations":[{"start":{"line":5,"column":2},"end":{"line":5,"column":83}},{"start":{},"end":{}}],"line":5},"5":{"loc":{"start":{"line":9,"column":2},"end":{"line":9,"column":64}},"type":"if","locations":[{"start":{"line":9,"column":2},"end":{"line":9,"column":64}},{"start":{},"end":{}}],"line":9},"6":{"loc":{"start":{"line":9,"column":5},"end":{"line":9,"column":24}},"type":"binary-expr","locations":[{"start":{"line":9,"column":5},"end":{"line":9,"column":7}},{"start":{"line":9,"column":11},"end":{"line":9,"column":24}}],"line":9},"7":{"loc":{"start":{"line":10,"column":2},"end":{"line":10,"column":59}},"type":"if","locations":[{"start":{"line":10,"column":2},"end":{"line":10,"column":59}},{"start":{},"end":{}}],"line":10},"8":{"loc":{"start":{"line":11,"column":2},"end":{"line":11,"column":88}},"type":"if","locations":[{"start":{"line":11,"column":2},"end":{"line":11,"column":88}},{"start":{},"end":{}}],"line":11},"9":{"loc":{"start":{"line":11,"column":7},"end":{"line":11,"column":44}},"type":"binary-expr","locations":[{"start":{"line":11,"column":7},"end":{"line":11,"column":25}},{"start":{"line":11,"column":29},"end":{"line":11,"column":44}}],"line":11}},"s":{"0":8,"1":2,"2":6,"3":1,"4":5,"5":1,"6":4,"7":1,"8":3,"9":8,"10":2,"11":6,"12":1,"13":5,"14":2,"15":3},"f":{"0":8,"1":8},"b":{"0":[2,6],"1":[8,6],"2":[1,5],"3":[1,4],"4":[1,3],"5":[2,6],"6":[8,6],"7":[1,5],"8":[2,3],"9":[5,4]},"_coverageSchema":"1a1c01bbd47fc00a2c39e90264f33305004495a9","hash":"2782a573fd28e469fe7588330655dc11821baf04"}
}
