TN:
SF:src\utils\productValidation.js
FN:1,validateProduct
FNF:1
FNH:1
FNDA:9,validateProduct
DA:2,9
DA:5,9
DA:6,1
DA:7,8
DA:8,1
DA:9,7
DA:10,0
DA:14,9
DA:19,0
DA:20,9
DA:21,1
DA:22,8
DA:23,1
DA:27,9
DA:32,0
DA:33,9
DA:34,1
DA:35,8
DA:36,1
DA:40,9
DA:41,1
DA:45,9
DA:46,9
DA:47,1
DA:50,9
LF:25
LH:22
BRDA:5,0,0,1
BRDA:5,0,1,8
BRDA:7,1,0,1
BRDA:7,1,1,7
BRDA:9,2,0,0
BRDA:9,2,1,7
BRDA:14,3,0,0
BRDA:14,3,1,9
BRDA:15,4,0,9
BRDA:15,4,1,9
BRDA:15,4,2,9
BRDA:20,5,0,1
BRDA:20,5,1,8
BRDA:22,6,0,1
BRDA:22,6,1,7
BRDA:27,7,0,0
BRDA:27,7,1,9
BRDA:28,8,0,9
BRDA:28,8,1,9
BRDA:28,8,2,9
BRDA:33,9,0,1
BRDA:33,9,1,8
BRDA:35,10,0,1
BRDA:35,10,1,7
BRDA:40,11,0,1
BRDA:40,11,1,8
BRDA:40,12,0,9
BRDA:40,12,1,9
BRDA:46,13,0,1
BRDA:46,13,1,8
BRDA:46,14,0,9
BRDA:46,14,1,9
BRF:32
BRH:29
end_of_record
TN:
SF:src\utils\validation.js
FN:1,validateUsername
FN:8,validatePassword
FNF:2
FNH:2
FNDA:5,validateUsername
FNDA:5,validatePassword
DA:2,5
DA:3,4
DA:4,3
DA:5,2
DA:6,1
DA:9,5
DA:10,4
DA:11,3
DA:12,1
LF:9
LH:9
BRDA:2,0,0,1
BRDA:2,0,1,4
BRDA:2,1,0,5
BRDA:2,1,1,4
BRDA:3,2,0,1
BRDA:3,2,1,3
BRDA:4,3,0,1
BRDA:4,3,1,2
BRDA:5,4,0,1
BRDA:5,4,1,1
BRDA:9,5,0,1
BRDA:9,5,1,4
BRDA:9,6,0,5
BRDA:9,6,1,4
BRDA:10,7,0,1
BRDA:10,7,1,3
BRDA:11,8,0,2
BRDA:11,8,1,1
BRDA:11,9,0,3
BRDA:11,9,1,2
BRF:20
BRH:20
end_of_record
