TN:
SF:src\App.jsx
FN:10,App
FN:41,(anonymous_1)
FN:45,(anonymous_2)
FNF:3
FNH:0
FNDA:0,App
FNDA:0,(anonymous_1)
FNDA:0,(anonymous_2)
DA:11,0
DA:41,0
DA:42,0
DA:45,0
DA:47,0
DA:52,0
LF:6
LH:0
BRDA:47,0,0,0
BRDA:47,0,1,0
BRF:2
BRH:0
end_of_record
TN:
SF:src\components\Login.jsx
FN:5,Login
FN:14,(anonymous_1)
FN:142,(anonymous_2)
FN:162,(anonymous_3)
FNF:4
FNH:0
FNDA:0,Login
FNDA:0,(anonymous_1)
FNDA:0,(anonymous_2)
FNDA:0,(anonymous_3)
DA:6,0
DA:7,0
DA:8,0
DA:9,0
DA:10,0
DA:11,0
DA:12,0
DA:14,0
DA:15,0
DA:16,0
DA:17,0
DA:19,0
DA:20,0
DA:21,0
DA:23,0
DA:25,0
DA:26,0
DA:27,0
DA:28,0
DA:29,0
DA:30,0
DA:32,0
DA:33,0
DA:36,0
DA:37,0
DA:39,0
DA:44,0
DA:120,0
DA:142,0
DA:162,0
LF:30
LH:0
BRDA:19,0,0,0
BRDA:19,0,1,0
BRDA:20,1,0,0
BRDA:20,1,1,0
BRDA:23,2,0,0
BRDA:23,2,1,0
BRDA:23,3,0,0
BRDA:23,3,1,0
BRDA:28,4,0,0
BRDA:28,4,1,0
BRDA:29,5,0,0
BRDA:29,5,1,0
BRDA:32,6,0,0
BRDA:32,6,1,0
BRDA:104,7,0,0
BRDA:104,7,1,0
BRDA:106,8,0,0
BRDA:106,8,1,0
BRDA:114,9,0,0
BRDA:114,9,1,0
BRDA:115,10,0,0
BRDA:115,10,1,0
BRDA:116,11,0,0
BRDA:116,11,1,0
BRDA:125,12,0,0
BRDA:125,12,1,0
BRDA:139,13,0,0
BRDA:139,13,1,0
BRDA:145,14,0,0
BRDA:145,14,1,0
BRDA:159,15,0,0
BRDA:159,15,1,0
BRDA:165,16,0,0
BRDA:165,16,1,0
BRDA:178,17,0,0
BRDA:178,17,1,0
BRF:36
BRH:0
end_of_record
TN:
SF:src\components\ProductDetail.jsx
FN:4,(anonymous_0)
FN:9,(anonymous_1)
FN:14,(anonymous_2)
FN:18,(anonymous_3)
FNF:4
FNH:0
FNDA:0,(anonymous_0)
FNDA:0,(anonymous_1)
FNDA:0,(anonymous_2)
FNDA:0,(anonymous_3)
DA:4,1
DA:5,0
DA:6,0
DA:7,0
DA:9,0
DA:10,0
DA:11,0
DA:12,0
DA:15,0
DA:16,0
DA:19,0
DA:22,0
DA:27,0
DA:28,0
DA:31,0
DA:32,0
DA:35,0
DA:36,0
DA:39,0
LF:19
LH:1
BRDA:10,0,0,0
BRDA:10,0,1,0
BRDA:20,1,0,0
BRDA:20,1,1,0
BRDA:27,2,0,0
BRDA:27,2,1,0
BRDA:31,3,0,0
BRDA:31,3,1,0
BRDA:35,4,0,0
BRDA:35,4,1,0
BRDA:58,5,0,0
BRDA:58,5,1,0
BRF:12
BRH:0
end_of_record
TN:
SF:src\components\ProductForm.jsx
FN:16,(anonymous_0)
FN:22,(anonymous_1)
FN:27,(anonymous_2)
FN:35,(anonymous_3)
FN:44,(anonymous_4)
FN:53,(anonymous_5)
FN:56,(anonymous_6)
FN:60,(anonymous_7)
FN:89,(anonymous_8)
FN:291,(anonymous_9)
FNF:10
FNH:0
FNDA:0,(anonymous_0)
FNDA:0,(anonymous_1)
FNDA:0,(anonymous_2)
FNDA:0,(anonymous_3)
FNDA:0,(anonymous_4)
FNDA:0,(anonymous_5)
FNDA:0,(anonymous_6)
FNDA:0,(anonymous_7)
FNDA:0,(anonymous_8)
FNDA:0,(anonymous_9)
DA:5,1
DA:7,1
DA:16,1
DA:17,0
DA:18,0
DA:19,0
DA:20,0
DA:22,0
DA:23,0
DA:24,0
DA:25,0
DA:28,0
DA:33,0
DA:36,0
DA:37,0
DA:40,0
DA:44,0
DA:45,0
DA:47,0
DA:53,0
DA:55,0
DA:56,0
DA:60,0
DA:61,0
DA:63,0
DA:64,0
DA:65,0
DA:66,0
DA:67,0
DA:68,0
DA:71,0
DA:72,0
DA:73,0
DA:75,0
DA:76,0
DA:77,0
DA:78,0
DA:80,0
DA:81,0
DA:82,0
DA:84,0
DA:86,0
DA:89,0
DA:90,0
DA:91,0
DA:94,0
DA:95,0
DA:99,0
DA:102,0
DA:184,0
DA:292,0
LF:51
LH:3
BRDA:12,0,0,1
BRDA:12,0,1,0
BRDA:16,1,0,0
BRDA:23,2,0,0
BRDA:23,2,1,0
BRDA:30,3,0,0
BRDA:30,3,1,0
BRDA:31,4,0,0
BRDA:31,4,1,0
BRDA:47,5,0,0
BRDA:47,5,1,0
BRDA:47,6,0,0
BRDA:47,6,1,0
BRDA:47,6,2,0
BRDA:48,7,0,0
BRDA:48,7,1,0
BRDA:55,8,0,0
BRDA:55,8,1,0
BRDA:64,9,0,0
BRDA:64,9,1,0
BRDA:76,10,0,0
BRDA:76,10,1,0
BRDA:86,11,0,0
BRDA:86,11,1,0
BRDA:94,12,0,0
BRDA:94,12,1,0
BRDA:99,13,0,0
BRDA:99,13,1,0
BRDA:171,14,0,0
BRDA:171,14,1,0
BRDA:190,15,0,0
BRDA:190,15,1,0
BRDA:194,16,0,0
BRDA:194,16,1,0
BRDA:215,17,0,0
BRDA:215,17,1,0
BRDA:220,18,0,0
BRDA:220,18,1,0
BRDA:240,19,0,0
BRDA:240,19,1,0
BRDA:244,20,0,0
BRDA:244,20,1,0
BRDA:263,21,0,0
BRDA:263,21,1,0
BRDA:267,22,0,0
BRDA:267,22,1,0
BRDA:287,23,0,0
BRDA:287,23,1,0
BRDA:297,24,0,0
BRDA:297,24,1,0
BRDA:316,25,0,0
BRDA:316,25,1,0
BRDA:322,26,0,0
BRDA:322,26,1,0
BRDA:335,27,0,0
BRDA:335,27,1,0
BRDA:338,28,0,0
BRDA:338,28,1,0
BRDA:340,29,0,0
BRDA:340,29,1,0
BRF:60
BRH:1
end_of_record
TN:
SF:src\components\ProductList.jsx
FN:227,ProductList
FN:235,(anonymous_1)
FN:239,(anonymous_2)
FN:242,(anonymous_3)
FN:243,(anonymous_4)
FN:244,(anonymous_5)
FN:246,(anonymous_6)
FN:251,(anonymous_7)
FN:253,(anonymous_8)
FN:276,(anonymous_9)
FN:282,(anonymous_10)
FN:286,(anonymous_11)
FN:291,(anonymous_12)
FN:296,(anonymous_13)
FN:301,(anonymous_14)
FN:306,(anonymous_15)
FN:310,(anonymous_16)
FN:317,(anonymous_17)
FN:324,(anonymous_18)
FN:328,(anonymous_19)
FN:332,(anonymous_20)
FN:339,(anonymous_21)
FN:340,(anonymous_22)
FN:342,(anonymous_23)
FN:343,(anonymous_24)
FN:359,(anonymous_25)
FN:373,(anonymous_26)
FN:376,(anonymous_27)
FN:380,(anonymous_28)
FN:424,(anonymous_29)
FN:444,(anonymous_30)
FN:461,(anonymous_31)
FN:468,(anonymous_32)
FN:475,(anonymous_33)
FNF:34
FNH:13
FNDA:6,ProductList
FNDA:15,(anonymous_1)
FNDA:3,(anonymous_2)
FNDA:3,(anonymous_3)
FNDA:3,(anonymous_4)
FNDA:3,(anonymous_5)
FNDA:3,(anonymous_6)
FNDA:3,(anonymous_7)
FNDA:2,(anonymous_8)
FNDA:1,(anonymous_9)
FNDA:3,(anonymous_10)
FNDA:0,(anonymous_11)
FNDA:0,(anonymous_12)
FNDA:0,(anonymous_13)
FNDA:0,(anonymous_14)
FNDA:0,(anonymous_15)
FNDA:0,(anonymous_16)
FNDA:0,(anonymous_17)
FNDA:0,(anonymous_18)
FNDA:0,(anonymous_19)
FNDA:0,(anonymous_20)
FNDA:0,(anonymous_21)
FNDA:0,(anonymous_22)
FNDA:0,(anonymous_23)
FNDA:0,(anonymous_24)
FNDA:0,(anonymous_25)
FNDA:0,(anonymous_26)
FNDA:0,(anonymous_27)
FNDA:0,(anonymous_28)
FNDA:18,(anonymous_29)
FNDA:2,(anonymous_30)
FNDA:0,(anonymous_31)
FNDA:0,(anonymous_32)
FNDA:0,(anonymous_33)
DA:10,1
DA:12,1
DA:228,6
DA:229,6
DA:230,6
DA:231,6
DA:232,6
DA:233,6
DA:235,6
DA:236,15
DA:238,6
DA:239,3
DA:241,6
DA:242,6
DA:243,6
DA:244,6
DA:245,6
DA:246,3
DA:249,6
DA:251,6
DA:252,3
DA:254,2
DA:255,2
DA:256,2
DA:257,0
DA:258,0
DA:259,0
DA:261,0
DA:264,2
DA:265,2
DA:266,2
DA:267,2
DA:268,2
DA:269,2
DA:271,2
DA:272,2
DA:274,2
DA:277,1
DA:278,1
DA:282,6
DA:283,3
DA:286,6
DA:287,0
DA:288,0
DA:291,6
DA:292,0
DA:293,0
DA:296,6
DA:297,0
DA:298,0
DA:301,6
DA:302,0
DA:303,0
DA:304,0
DA:305,0
DA:306,0
DA:307,0
DA:310,6
DA:311,0
DA:312,0
DA:313,0
DA:314,0
DA:315,0
DA:316,0
DA:317,0
DA:319,0
DA:320,0
DA:324,6
DA:325,0
DA:326,0
DA:328,6
DA:329,0
DA:330,0
DA:332,6
DA:333,0
DA:334,0
DA:335,0
DA:336,0
DA:339,6
DA:340,0
DA:342,6
DA:343,0
DA:346,6
DA:359,0
DA:373,0
DA:376,0
DA:380,0
DA:425,18
DA:445,2
DA:461,0
DA:468,0
DA:475,0
LF:92
LH:50
BRDA:236,0,0,15
BRDA:236,0,1,13
BRDA:239,1,0,3
BRDA:239,1,1,3
BRDA:244,2,0,3
BRDA:244,2,1,3
BRDA:246,3,0,3
BRDA:246,3,1,1
BRDA:254,4,0,2
BRDA:254,4,1,0
BRDA:254,5,0,2
BRDA:254,5,1,2
BRDA:256,6,0,2
BRDA:256,6,1,1
BRDA:257,7,0,0
BRDA:257,7,1,0
BRDA:265,8,0,0
BRDA:265,8,1,2
BRDA:266,9,0,0
BRDA:266,9,1,2
BRDA:267,10,0,0
BRDA:267,10,1,2
BRDA:268,11,0,0
BRDA:268,11,1,2
BRDA:269,12,0,2
BRDA:269,12,1,0
BRDA:304,13,0,0
BRDA:304,13,1,0
BRDA:311,14,0,0
BRDA:311,14,1,0
BRDA:340,15,0,0
BRDA:340,15,1,0
BRDA:343,16,0,0
BRDA:343,16,1,0
BRDA:357,17,0,6
BRDA:357,17,1,0
BRDA:372,18,0,6
BRDA:372,18,1,0
BRDA:391,19,0,6
BRDA:391,19,1,1
BRDA:399,20,0,6
BRDA:399,20,1,0
BRDA:455,21,0,2
BRDA:455,21,1,0
BRDA:485,22,0,6
BRDA:485,22,1,5
BRDA:489,23,0,6
BRDA:489,23,1,0
BRDA:494,24,0,0
BRDA:494,24,1,0
BRDA:507,25,0,0
BRDA:507,25,1,0
BRF:52
BRH:27
end_of_record
TN:
SF:src\services\api.js
FNF:0
FNH:0
DA:2,0
LF:1
LH:0
BRDA:2,0,0,0
BRDA:2,0,1,0
BRF:2
BRH:0
end_of_record
TN:
SF:src\services\auth.js
FN:3,(anonymous_0)
FN:19,(anonymous_1)
FN:35,(anonymous_2)
FN:44,(anonymous_3)
FN:57,(anonymous_4)
FNF:5
FNH:0
FNDA:0,(anonymous_0)
FNDA:0,(anonymous_1)
FNDA:0,(anonymous_2)
FNDA:0,(anonymous_3)
FNDA:0,(anonymous_4)
DA:3,0
DA:4,0
DA:5,0
DA:9,0
DA:10,0
DA:12,0
DA:14,0
DA:15,0
DA:19,0
DA:20,0
DA:21,0
DA:25,0
DA:26,0
DA:27,0
DA:28,0
DA:30,0
DA:31,0
DA:35,0
DA:36,0
DA:37,0
DA:38,0
DA:40,0
DA:44,0
DA:45,0
DA:46,0
DA:51,0
DA:53,0
DA:57,0
DA:58,0
DA:59,0
DA:62,0
DA:64,0
LF:32
LH:0
BRDA:15,0,0,0
BRDA:15,0,1,0
BRDA:31,1,0,0
BRDA:31,1,1,0
BRDA:40,2,0,0
BRDA:40,2,1,0
BRDA:53,3,0,0
BRDA:53,3,1,0
BRDA:64,4,0,0
BRDA:64,4,1,0
BRF:10
BRH:0
end_of_record
TN:
SF:src\services\axiosClient.js
FN:10,(anonymous_0)
FN:16,(anonymous_1)
FN:25,(anonymous_2)
FN:31,(anonymous_3)
FNF:4
FNH:0
FNDA:0,(anonymous_0)
FNDA:0,(anonymous_1)
FNDA:0,(anonymous_2)
FNDA:0,(anonymous_3)
DA:3,1
DA:5,1
DA:11,0
DA:12,0
DA:16,1
DA:17,0
DA:18,0
DA:19,0
DA:21,0
DA:24,1
DA:26,0
DA:27,0
DA:29,0
DA:32,0
DA:33,0
DA:35,0
DA:37,0
LF:17
LH:4
BRDA:18,0,0,0
BRDA:18,0,1,0
BRDA:26,1,0,0
BRDA:26,1,1,0
BRDA:26,2,0,0
BRDA:26,2,1,0
BRDA:32,3,0,0
BRDA:32,3,1,0
BRF:8
BRH:0
end_of_record
TN:
SF:src\services\productService.js
FN:9,(anonymous_0)
FN:36,(anonymous_1)
FN:49,(anonymous_2)
FN:59,(anonymous_3)
FN:68,(anonymous_4)
FNF:5
FNH:0
FNDA:0,(anonymous_0)
FNDA:0,(anonymous_1)
FNDA:0,(anonymous_2)
FNDA:0,(anonymous_3)
FNDA:0,(anonymous_4)
DA:3,1
DA:9,1
DA:17,0
DA:19,0
DA:20,0
DA:22,0
DA:23,0
DA:24,0
DA:25,0
DA:26,0
DA:29,0
DA:36,1
DA:37,0
DA:49,1
DA:50,0
DA:59,1
DA:60,0
DA:68,1
DA:70,0
LF:19
LH:6
BRDA:10,0,0,0
BRDA:11,1,0,0
BRDA:12,2,0,0
BRDA:13,3,0,0
BRDA:14,4,0,0
BRDA:15,5,0,0
BRDA:22,6,0,0
BRDA:22,6,1,0
BRDA:23,7,0,0
BRDA:23,7,1,0
BRDA:24,8,0,0
BRDA:24,8,1,0
BRF:12
BRH:0
end_of_record
TN:
SF:src\utils\productValidation.js
FN:1,validateProduct
FNF:1
FNH:0
FNDA:0,validateProduct
DA:2,0
DA:5,0
DA:6,0
DA:7,0
DA:8,0
DA:9,0
DA:10,0
DA:14,0
DA:19,0
DA:20,0
DA:21,0
DA:22,0
DA:23,0
DA:27,0
DA:32,0
DA:33,0
DA:34,0
DA:35,0
DA:36,0
DA:40,0
DA:41,0
DA:45,0
DA:46,0
DA:47,0
DA:50,0
LF:25
LH:0
BRDA:5,0,0,0
BRDA:5,0,1,0
BRDA:7,1,0,0
BRDA:7,1,1,0
BRDA:9,2,0,0
BRDA:9,2,1,0
BRDA:14,3,0,0
BRDA:14,3,1,0
BRDA:15,4,0,0
BRDA:15,4,1,0
BRDA:15,4,2,0
BRDA:20,5,0,0
BRDA:20,5,1,0
BRDA:22,6,0,0
BRDA:22,6,1,0
BRDA:27,7,0,0
BRDA:27,7,1,0
BRDA:28,8,0,0
BRDA:28,8,1,0
BRDA:28,8,2,0
BRDA:33,9,0,0
BRDA:33,9,1,0
BRDA:35,10,0,0
BRDA:35,10,1,0
BRDA:40,11,0,0
BRDA:40,11,1,0
BRDA:40,12,0,0
BRDA:40,12,1,0
BRDA:46,13,0,0
BRDA:46,13,1,0
BRDA:46,14,0,0
BRDA:46,14,1,0
BRF:32
BRH:0
end_of_record
TN:
SF:src\utils\validation.js
FN:1,validateUsername
FN:8,validatePassword
FNF:2
FNH:0
FNDA:0,validateUsername
FNDA:0,validatePassword
DA:2,0
DA:3,0
DA:4,0
DA:5,0
DA:6,0
DA:9,0
DA:10,0
DA:11,0
DA:12,0
LF:9
LH:0
BRDA:2,0,0,0
BRDA:2,0,1,0
BRDA:2,1,0,0
BRDA:2,1,1,0
BRDA:3,2,0,0
BRDA:3,2,1,0
BRDA:4,3,0,0
BRDA:4,3,1,0
BRDA:5,4,0,0
BRDA:5,4,1,0
BRDA:9,5,0,0
BRDA:9,5,1,0
BRDA:9,6,0,0
BRDA:9,6,1,0
BRDA:10,7,0,0
BRDA:10,7,1,0
BRDA:11,8,0,0
BRDA:11,8,1,0
BRDA:11,9,0,0
BRDA:11,9,1,0
BRF:20
BRH:0
end_of_record
